{"/Volumes/X9/Ben/dev/grunt_projects/benjaminfkile/grunt/src/app.ts": {"path":"/Volumes/X9/Ben/dev/grunt_projects/benjaminfkile/grunt/src/app.ts","statementMap":{"0":{"start":{"line":1,"column":0},"end":{"line":1,"column":76}},"1":{"start":{"line":2,"column":0},"end":{"line":2,"column":24}},"2":{"start":{"line":3,"column":0},"end":{"line":3,"column":20}},"3":{"start":{"line":10,"column":0},"end":{"line":10,"column":50}},"4":{"start":{"line":11,"column":0},"end":{"line":11,"column":48}},"5":{"start":{"line":12,"column":0},"end":{"line":12,"column":48}},"6":{"start":{"line":13,"column":0},"end":{"line":13,"column":50}},"7":{"start":{"line":14,"column":0},"end":{"line":14,"column":46}},"8":{"start":{"line":15,"column":0},"end":{"line":15,"column":56}},"9":{"start":{"line":16,"column":0},"end":{"line":16,"column":48}},"10":{"start":{"line":18,"column":21},"end":{"line":18,"column":30}},"11":{"start":{"line":23,"column":0},"end":{"line":23,"column":24}},"12":{"start":{"line":25,"column":0},"end":{"line":25,"column":37}},"13":{"start":{"line":26,"column":0},"end":{"line":26,"column":35}},"14":{"start":{"line":27,"column":0},"end":{"line":27,"column":35}},"15":{"start":{"line":28,"column":0},"end":{"line":28,"column":35}},"16":{"start":{"line":29,"column":0},"end":{"line":29,"column":37}},"17":{"start":{"line":30,"column":0},"end":{"line":30,"column":33}},"18":{"start":{"line":31,"column":0},"end":{"line":31,"column":43}},"19":{"start":{"line":36,"column":17},"end":{"line":43,"column":4}},"20":{"start":{"line":37,"column":21},"end":{"line":41,"column":4}},"21":{"start":{"line":42,"column":2},"end":{"line":42,"column":67}},"22":{"start":{"line":42,"column":32},"end":{"line":42,"column":48}},"23":{"start":{"line":44,"column":18},"end":{"line":44,"column":51}},"24":{"start":{"line":46,"column":0},"end":{"line":48,"column":null}},"25":{"start":{"line":47,"column":2},"end":{"line":47,"column":54}},"26":{"start":{"line":53,"column":0},"end":{"line":63,"column":3}},"27":{"start":{"line":54,"column":2},"end":{"line":54,"column":42}},"28":{"start":{"line":54,"column":28},"end":{"line":54,"column":42}},"29":{"start":{"line":55,"column":2},"end":{"line":57,"column":null}},"30":{"start":{"line":56,"column":4},"end":{"line":56,"column":35}},"31":{"start":{"line":58,"column":2},"end":{"line":61,"column":null}},"32":{"start":{"line":59,"column":19},"end":{"line":59,"column":70}},"33":{"start":{"line":60,"column":4},"end":{"line":60,"column":42}},"34":{"start":{"line":62,"column":2},"end":{"line":62,"column":43}},"35":{"start":{"line":68,"column":0},"end":{"line":79,"column":3}},"36":{"start":{"line":74,"column":2},"end":{"line":76,"column":null}},"37":{"start":{"line":75,"column":4},"end":{"line":75,"column":21}},"38":{"start":{"line":77,"column":2},"end":{"line":77,"column":39}},"39":{"start":{"line":78,"column":2},"end":{"line":78,"column":80}},"40":{"start":{"line":81,"column":0},"end":{"line":81,"column":19}}},"fnMap":{"0":{"name":"(anonymous_1)","decl":{"start":{"line":36,"column":18},"end":{"line":36,"column":21}},"loc":{"start":{"line":36,"column":23},"end":{"line":43,"column":1}}},"1":{"name":"(anonymous_2)","decl":{"start":{"line":42,"column":25},"end":{"line":42,"column":26}},"loc":{"start":{"line":42,"column":32},"end":{"line":42,"column":48}}},"2":{"name":"(anonymous_3)","decl":{"start":{"line":53,"column":30},"end":{"line":53,"column":31}},"loc":{"start":{"line":53,"column":82},"end":{"line":63,"column":1}}},"3":{"name":"errorHandler","decl":{"start":{"line":68,"column":17},"end":{"line":68,"column":29}},"loc":{"start":{"line":72,"column":20},"end":{"line":79,"column":1}}}},"branchMap":{"0":{"loc":{"start":{"line":42,"column":9},"end":{"line":42,"column":66}},"type":"cond-expr","locations":[{"start":{"line":42,"column":49},"end":{"line":42,"column":53}},{"start":{"line":42,"column":53},"end":{"line":42,"column":66}}]},"1":{"loc":{"start":{"line":42,"column":9},"end":{"line":42,"column":53}},"type":"binary-expr","locations":[{"start":{"line":42,"column":9},"end":{"line":42,"column":53}},{"start":{"line":42,"column":49},"end":{"line":42,"column":53}}]},"2":{"loc":{"start":{"line":46,"column":0},"end":{"line":48,"column":null}},"type":"if","locations":[{"start":{"line":46,"column":0},"end":{"line":48,"column":null}}]},"3":{"loc":{"start":{"line":54,"column":2},"end":{"line":54,"column":42}},"type":"if","locations":[{"start":{"line":54,"column":2},"end":{"line":54,"column":42}}]},"4":{"loc":{"start":{"line":55,"column":2},"end":{"line":57,"column":null}},"type":"if","locations":[{"start":{"line":55,"column":2},"end":{"line":57,"column":null}}]},"5":{"loc":{"start":{"line":58,"column":2},"end":{"line":61,"column":null}},"type":"if","locations":[{"start":{"line":58,"column":2},"end":{"line":61,"column":null}}]},"6":{"loc":{"start":{"line":59,"column":19},"end":{"line":59,"column":70}},"type":"cond-expr","locations":[{"start":{"line":59,"column":59},"end":{"line":59,"column":61}},{"start":{"line":59,"column":64},"end":{"line":59,"column":70}}]},"7":{"loc":{"start":{"line":74,"column":2},"end":{"line":76,"column":null}},"type":"if","locations":[{"start":{"line":74,"column":2},"end":{"line":76,"column":null}}]}},"s":{"0":9,"1":9,"2":9,"3":9,"4":9,"5":9,"6":9,"7":9,"8":9,"9":9,"10":9,"11":9,"12":9,"13":9,"14":9,"15":9,"16":9,"17":9,"18":9,"19":9,"20":9,"21":9,"22":18,"23":9,"24":9,"25":9,"26":9,"27":2,"28":0,"29":2,"30":2,"31":0,"32":0,"33":0,"34":0,"35":9,"36":0,"37":0,"38":0,"39":0,"40":9},"f":{"0":9,"1":18,"2":2,"3":0},"b":{"0":[9,0],"1":[9,9],"2":[9],"3":[0],"4":[2],"5":[0],"6":[0,0],"7":[0]}}
,"/Volumes/X9/Ben/dev/grunt_projects/benjaminfkile/grunt/src/db/acceptanceCriteria.ts": {"path":"/Volumes/X9/Ben/dev/grunt_projects/benjaminfkile/grunt/src/db/acceptanceCriteria.ts","statementMap":{"0":{"start":{"line":8,"column":2},"end":{"line":10,"column":38}},"1":{"start":{"line":4,"column":0},"end":{"line":4,"column":7}},"2":{"start":{"line":21,"column":22},"end":{"line":21,"column":41}},"3":{"start":{"line":23,"column":2},"end":{"line":31,"column":null}},"4":{"start":{"line":24,"column":19},"end":{"line":27,"column":14}},"5":{"start":{"line":29,"column":19},"end":{"line":29,"column":34}},"6":{"start":{"line":30,"column":4},"end":{"line":30,"column":52}},"7":{"start":{"line":33,"column":22},"end":{"line":39,"column":19}},"8":{"start":{"line":41,"column":2},"end":{"line":41,"column":19}},"9":{"start":{"line":13,"column":0},"end":{"line":13,"column":7}},"10":{"start":{"line":49,"column":22},"end":{"line":52,"column":19}},"11":{"start":{"line":53,"column":2},"end":{"line":53,"column":19}},"12":{"start":{"line":44,"column":0},"end":{"line":44,"column":7}},"13":{"start":{"line":60,"column":2},"end":{"line":60,"column":78}},"14":{"start":{"line":56,"column":0},"end":{"line":56,"column":7}},"15":{"start":{"line":67,"column":2},"end":{"line":69,"column":14}},"16":{"start":{"line":63,"column":0},"end":{"line":63,"column":7}}},"fnMap":{"0":{"name":"getCriteriaByTaskId","decl":{"start":{"line":4,"column":22},"end":{"line":4,"column":41}},"loc":{"start":{"line":6,"column":16},"end":{"line":11,"column":1}}},"1":{"name":"createCriterion","decl":{"start":{"line":13,"column":22},"end":{"line":13,"column":37}},"loc":{"start":{"line":19,"column":3},"end":{"line":42,"column":1}}},"2":{"name":"updateCriterion","decl":{"start":{"line":44,"column":22},"end":{"line":44,"column":37}},"loc":{"start":{"line":47,"column":84},"end":{"line":54,"column":1}}},"3":{"name":"deleteCriterion","decl":{"start":{"line":56,"column":22},"end":{"line":56,"column":37}},"loc":{"start":{"line":58,"column":12},"end":{"line":61,"column":1}}},"4":{"name":"deleteAllCriteriaForTask","decl":{"start":{"line":63,"column":22},"end":{"line":63,"column":46}},"loc":{"start":{"line":65,"column":16},"end":{"line":70,"column":1}}}},"branchMap":{"0":{"loc":{"start":{"line":23,"column":2},"end":{"line":31,"column":null}},"type":"if","locations":[{"start":{"line":23,"column":2},"end":{"line":31,"column":null}}]},"1":{"loc":{"start":{"line":29,"column":19},"end":{"line":29,"column":34}},"type":"cond-expr","locations":[{"start":{"line":29,"column":25},"end":{"line":29,"column":27}},{"start":{"line":29,"column":19},"end":{"line":29,"column":34}}]},"2":{"loc":{"start":{"line":29,"column":19},"end":{"line":29,"column":27}},"type":"binary-expr","locations":[{"start":{"line":29,"column":19},"end":{"line":29,"column":27}},{"start":{"line":29,"column":19},"end":{"line":29,"column":27}}]},"3":{"loc":{"start":{"line":30,"column":20},"end":{"line":30,"column":51}},"type":"cond-expr","locations":[{"start":{"line":30,"column":37},"end":{"line":30,"column":47}},{"start":{"line":30,"column":50},"end":{"line":30,"column":51}}]}},"s":{"0":0,"1":13,"2":0,"3":0,"4":0,"5":0,"6":0,"7":0,"8":0,"9":13,"10":0,"11":0,"12":13,"13":0,"14":13,"15":0,"16":13},"f":{"0":0,"1":0,"2":0,"3":0,"4":0},"b":{"0":[0],"1":[0,0],"2":[0,0],"3":[0,0]}}
,"/Volumes/X9/Ben/dev/grunt_projects/benjaminfkile/grunt/src/db/appSettings.ts": {"path":"/Volumes/X9/Ben/dev/grunt_projects/benjaminfkile/grunt/src/db/appSettings.ts","statementMap":{"0":{"start":{"line":16,"column":14},"end":{"line":16,"column":76}},"1":{"start":{"line":17,"column":2},"end":{"line":17,"column":20}},"2":{"start":{"line":12,"column":0},"end":{"line":12,"column":7}},"3":{"start":{"line":25,"column":19},"end":{"line":25,"column":81}},"4":{"start":{"line":26,"column":2},"end":{"line":32,"column":null}},"5":{"start":{"line":27,"column":4},"end":{"line":29,"column":50}},"6":{"start":{"line":31,"column":4},"end":{"line":31,"column":67}},"7":{"start":{"line":20,"column":0},"end":{"line":20,"column":7}},"8":{"start":{"line":35,"column":13},"end":{"line":35,"column":59}},"9":{"start":{"line":38,"column":16},"end":{"line":38,"column":60}},"10":{"start":{"line":39,"column":2},"end":{"line":39,"column":26}},"11":{"start":{"line":37,"column":0},"end":{"line":37,"column":7}},"12":{"start":{"line":46,"column":2},"end":{"line":46,"column":74}},"13":{"start":{"line":42,"column":0},"end":{"line":42,"column":7}}},"fnMap":{"0":{"name":"getSetting","decl":{"start":{"line":12,"column":22},"end":{"line":12,"column":32}},"loc":{"start":{"line":14,"column":13},"end":{"line":18,"column":1}}},"1":{"name":"setSetting","decl":{"start":{"line":20,"column":22},"end":{"line":20,"column":32}},"loc":{"start":{"line":23,"column":15},"end":{"line":33,"column":1}}},"2":{"name":"isPullWorkerPaused","decl":{"start":{"line":37,"column":22},"end":{"line":37,"column":40}},"loc":{"start":{"line":37,"column":49},"end":{"line":40,"column":1}}},"3":{"name":"setPullWorkerPaused","decl":{"start":{"line":42,"column":22},"end":{"line":42,"column":41}},"loc":{"start":{"line":44,"column":17},"end":{"line":47,"column":1}}}},"branchMap":{"0":{"loc":{"start":{"line":17,"column":9},"end":{"line":17,"column":19}},"type":"cond-expr","locations":[{"start":{"line":17,"column":12},"end":{"line":17,"column":14}},{"start":{"line":17,"column":9},"end":{"line":17,"column":19}}]},"1":{"loc":{"start":{"line":17,"column":9},"end":{"line":17,"column":14}},"type":"binary-expr","locations":[{"start":{"line":17,"column":9},"end":{"line":17,"column":14}},{"start":{"line":17,"column":9},"end":{"line":17,"column":14}}]},"2":{"loc":{"start":{"line":26,"column":2},"end":{"line":32,"column":null}},"type":"if","locations":[{"start":{"line":26,"column":2},"end":{"line":32,"column":null}},{"start":{"line":30,"column":9},"end":{"line":32,"column":null}}]},"3":{"loc":{"start":{"line":46,"column":47},"end":{"line":46,"column":72}},"type":"cond-expr","locations":[{"start":{"line":46,"column":56},"end":{"line":46,"column":62}},{"start":{"line":46,"column":65},"end":{"line":46,"column":72}}]}},"s":{"0":5,"1":5,"2":9,"3":4,"4":4,"5":1,"6":3,"7":9,"8":9,"9":3,"10":3,"11":9,"12":2,"13":9},"f":{"0":5,"1":4,"2":3,"3":2},"b":{"0":[2,3],"1":[5,5],"2":[1,3],"3":[1,1]}}
,"/Volumes/X9/Ben/dev/grunt_projects/benjaminfkile/grunt/src/db/repoWebhooks.ts": {"path":"/Volumes/X9/Ben/dev/grunt_projects/benjaminfkile/grunt/src/db/repoWebhooks.ts","statementMap":{"0":{"start":{"line":10,"column":2},"end":{"line":10,"column":29}},"1":{"start":{"line":10,"column":19},"end":{"line":10,"column":29}},"2":{"start":{"line":11,"column":2},"end":{"line":11,"column":43}},"3":{"start":{"line":15,"column":2},"end":{"line":19,"column":4}},"4":{"start":{"line":26,"column":15},"end":{"line":28,"column":25}},"5":{"start":{"line":29,"column":2},"end":{"line":29,"column":27}},"6":{"start":{"line":22,"column":0},"end":{"line":22,"column":7}},"7":{"start":{"line":36,"column":14},"end":{"line":36,"column":77}},"8":{"start":{"line":37,"column":2},"end":{"line":37,"column":40}},"9":{"start":{"line":32,"column":0},"end":{"line":32,"column":7}},"10":{"start":{"line":49,"column":16},"end":{"line":56,"column":19}},"11":{"start":{"line":57,"column":2},"end":{"line":57,"column":22}},"12":{"start":{"line":40,"column":0},"end":{"line":40,"column":7}},"13":{"start":{"line":69,"column":41},"end":{"line":69,"column":43}},"14":{"start":{"line":70,"column":2},"end":{"line":70,"column":51}},"15":{"start":{"line":70,"column":30},"end":{"line":70,"column":51}},"16":{"start":{"line":71,"column":2},"end":{"line":71,"column":76}},"17":{"start":{"line":71,"column":33},"end":{"line":71,"column":76}},"18":{"start":{"line":72,"column":2},"end":{"line":72,"column":60}},"19":{"start":{"line":72,"column":33},"end":{"line":72,"column":60}},"20":{"start":{"line":74,"column":16},"end":{"line":77,"column":19}},"21":{"start":{"line":78,"column":2},"end":{"line":78,"column":22}},"22":{"start":{"line":60,"column":0},"end":{"line":60,"column":7}},"23":{"start":{"line":82,"column":2},"end":{"line":82,"column":68}},"24":{"start":{"line":81,"column":0},"end":{"line":81,"column":7}}},"fnMap":{"0":{"name":"decodeEvents","decl":{"start":{"line":9,"column":9},"end":{"line":9,"column":21}},"loc":{"start":{"line":9,"column":52},"end":{"line":12,"column":1}}},"1":{"name":"hydrate","decl":{"start":{"line":14,"column":9},"end":{"line":14,"column":16}},"loc":{"start":{"line":14,"column":36},"end":{"line":20,"column":1}}},"2":{"name":"getWebhooksByRepoId","decl":{"start":{"line":22,"column":22},"end":{"line":22,"column":41}},"loc":{"start":{"line":24,"column":16},"end":{"line":30,"column":1}}},"3":{"name":"getWebhookById","decl":{"start":{"line":32,"column":22},"end":{"line":32,"column":36}},"loc":{"start":{"line":34,"column":12},"end":{"line":38,"column":1}}},"4":{"name":"createWebhook","decl":{"start":{"line":40,"column":22},"end":{"line":40,"column":35}},"loc":{"start":{"line":47,"column":3},"end":{"line":58,"column":1}}},"5":{"name":"updateWebhook","decl":{"start":{"line":60,"column":22},"end":{"line":60,"column":35}},"loc":{"start":{"line":67,"column":4},"end":{"line":79,"column":1}}},"6":{"name":"deleteWebhook","decl":{"start":{"line":81,"column":22},"end":{"line":81,"column":35}},"loc":{"start":{"line":81,"column":56},"end":{"line":83,"column":1}}}},"branchMap":{"0":{"loc":{"start":{"line":10,"column":2},"end":{"line":10,"column":29}},"type":"if","locations":[{"start":{"line":10,"column":2},"end":{"line":10,"column":29}}]},"1":{"loc":{"start":{"line":37,"column":9},"end":{"line":37,"column":39}},"type":"cond-expr","locations":[{"start":{"line":37,"column":15},"end":{"line":37,"column":27}},{"start":{"line":37,"column":30},"end":{"line":37,"column":39}}]},"2":{"loc":{"start":{"line":54,"column":14},"end":{"line":54,"column":33}},"type":"cond-expr","locations":[{"start":{"line":54,"column":25},"end":{"line":54,"column":29}},{"start":{"line":54,"column":29},"end":{"line":54,"column":33}}]},"3":{"loc":{"start":{"line":54,"column":14},"end":{"line":54,"column":29}},"type":"binary-expr","locations":[{"start":{"line":54,"column":14},"end":{"line":54,"column":29}},{"start":{"line":54,"column":25},"end":{"line":54,"column":29}}]},"4":{"loc":{"start":{"line":70,"column":2},"end":{"line":70,"column":51}},"type":"if","locations":[{"start":{"line":70,"column":2},"end":{"line":70,"column":51}}]},"5":{"loc":{"start":{"line":71,"column":2},"end":{"line":71,"column":76}},"type":"if","locations":[{"start":{"line":71,"column":2},"end":{"line":71,"column":76}}]},"6":{"loc":{"start":{"line":72,"column":2},"end":{"line":72,"column":60}},"type":"if","locations":[{"start":{"line":72,"column":2},"end":{"line":72,"column":60}}]}},"s":{"0":8,"1":0,"2":8,"3":8,"4":1,"5":1,"6":10,"7":1,"8":1,"9":10,"10":2,"11":2,"12":10,"13":3,"14":3,"15":1,"16":3,"17":2,"18":3,"19":2,"20":3,"21":3,"22":10,"23":1,"24":10},"f":{"0":8,"1":8,"2":1,"3":1,"4":2,"5":3,"6":1},"b":{"0":[0],"1":[1,0],"2":[1,1],"3":[2,2],"4":[1],"5":[2],"6":[2]}}
,"/Volumes/X9/Ben/dev/grunt_projects/benjaminfkile/grunt/src/db/repos.ts": {"path":"/Volumes/X9/Ben/dev/grunt_projects/benjaminfkile/grunt/src/db/repos.ts","statementMap":{"0":{"start":{"line":11,"column":2},"end":{"line":11,"column":51}},"1":{"start":{"line":10,"column":0},"end":{"line":10,"column":7}},"2":{"start":{"line":15,"column":2},"end":{"line":15,"column":27}},"3":{"start":{"line":14,"column":0},"end":{"line":14,"column":7}},"4":{"start":{"line":22,"column":2},"end":{"line":22,"column":49}},"5":{"start":{"line":18,"column":0},"end":{"line":18,"column":7}},"6":{"start":{"line":30,"column":2},"end":{"line":30,"column":73}},"7":{"start":{"line":25,"column":0},"end":{"line":25,"column":7}},"8":{"start":{"line":53,"column":17},"end":{"line":53,"column":68}},"9":{"start":{"line":54,"column":2},"end":{"line":54,"column":14}},"10":{"start":{"line":33,"column":0},"end":{"line":33,"column":7}},"11":{"start":{"line":62,"column":17},"end":{"line":62,"column":82}},"12":{"start":{"line":63,"column":2},"end":{"line":63,"column":14}},"13":{"start":{"line":57,"column":0},"end":{"line":57,"column":7}},"14":{"start":{"line":67,"column":2},"end":{"line":67,"column":49}},"15":{"start":{"line":66,"column":0},"end":{"line":66,"column":7}}},"fnMap":{"0":{"name":"getActiveRepos","decl":{"start":{"line":10,"column":22},"end":{"line":10,"column":36}},"loc":{"start":{"line":10,"column":45},"end":{"line":12,"column":1}}},"1":{"name":"getAllRepos","decl":{"start":{"line":14,"column":22},"end":{"line":14,"column":33}},"loc":{"start":{"line":14,"column":42},"end":{"line":16,"column":1}}},"2":{"name":"getRepoById","decl":{"start":{"line":18,"column":22},"end":{"line":18,"column":33}},"loc":{"start":{"line":20,"column":12},"end":{"line":23,"column":1}}},"3":{"name":"getRepoByOwnerAndName","decl":{"start":{"line":25,"column":22},"end":{"line":25,"column":43}},"loc":{"start":{"line":28,"column":18},"end":{"line":31,"column":1}}},"4":{"name":"createRepo","decl":{"start":{"line":33,"column":22},"end":{"line":33,"column":32}},"loc":{"start":{"line":51,"column":3},"end":{"line":55,"column":1}}},"5":{"name":"updateRepo","decl":{"start":{"line":57,"column":22},"end":{"line":57,"column":32}},"loc":{"start":{"line":60,"column":21},"end":{"line":64,"column":1}}},"6":{"name":"deleteRepo","decl":{"start":{"line":66,"column":22},"end":{"line":66,"column":32}},"loc":{"start":{"line":66,"column":53},"end":{"line":68,"column":1}}}},"branchMap":{},"s":{"0":0,"1":8,"2":0,"3":8,"4":0,"5":8,"6":0,"7":8,"8":0,"9":0,"10":8,"11":0,"12":0,"13":8,"14":0,"15":8},"f":{"0":0,"1":0,"2":0,"3":0,"4":0,"5":0,"6":0},"b":{}}
,"/Volumes/X9/Ben/dev/grunt_projects/benjaminfkile/grunt/src/db/taskEvents.ts": {"path":"/Volumes/X9/Ben/dev/grunt_projects/benjaminfkile/grunt/src/db/taskEvents.ts","statementMap":{"0":{"start":{"line":9,"column":2},"end":{"line":9,"column":31}},"1":{"start":{"line":9,"column":19},"end":{"line":9,"column":31}},"2":{"start":{"line":10,"column":2},"end":{"line":10,"column":52}},"3":{"start":{"line":19,"column":16},"end":{"line":25,"column":19}},"4":{"start":{"line":26,"column":2},"end":{"line":26,"column":48}},"5":{"start":{"line":13,"column":0},"end":{"line":13,"column":7}},"6":{"start":{"line":33,"column":15},"end":{"line":36,"column":25}},"7":{"start":{"line":37,"column":2},"end":{"line":37,"column":63}},"8":{"start":{"line":37,"column":26},"end":{"line":37,"column":60}},"9":{"start":{"line":29,"column":0},"end":{"line":29,"column":7}}},"fnMap":{"0":{"name":"decodeData","decl":{"start":{"line":8,"column":9},"end":{"line":8,"column":19}},"loc":{"start":{"line":8,"column":50},"end":{"line":11,"column":1}}},"1":{"name":"recordEvent","decl":{"start":{"line":13,"column":22},"end":{"line":13,"column":33}},"loc":{"start":{"line":17,"column":39},"end":{"line":27,"column":1}}},"2":{"name":"getEventsByTaskId","decl":{"start":{"line":29,"column":22},"end":{"line":29,"column":39}},"loc":{"start":{"line":31,"column":16},"end":{"line":38,"column":1}}},"3":{"name":"(anonymous_3)","decl":{"start":{"line":37,"column":18},"end":{"line":37,"column":19}},"loc":{"start":{"line":37,"column":26},"end":{"line":37,"column":60}}}},"branchMap":{"0":{"loc":{"start":{"line":9,"column":2},"end":{"line":9,"column":31}},"type":"if","locations":[{"start":{"line":9,"column":2},"end":{"line":9,"column":31}}]},"1":{"loc":{"start":{"line":23,"column":12},"end":{"line":23,"column":54}},"type":"cond-expr","locations":[{"start":{"line":23,"column":27},"end":{"line":23,"column":31}},{"start":{"line":23,"column":34},"end":{"line":23,"column":54}}]}},"s":{"0":5,"1":3,"2":2,"3":3,"4":3,"5":10,"6":2,"7":2,"8":2,"9":10},"f":{"0":5,"1":3,"2":2,"3":2},"b":{"0":[3],"1":[2,1]}}
,"/Volumes/X9/Ben/dev/grunt_projects/benjaminfkile/grunt/src/db/taskNotes.ts": {"path":"/Volumes/X9/Ben/dev/grunt_projects/benjaminfkile/grunt/src/db/taskNotes.ts","statementMap":{"0":{"start":{"line":9,"column":2},"end":{"line":9,"column":29}},"1":{"start":{"line":9,"column":19},"end":{"line":9,"column":29}},"2":{"start":{"line":10,"column":2},"end":{"line":10,"column":37}},"3":{"start":{"line":17,"column":2},"end":{"line":17,"column":62}},"4":{"start":{"line":13,"column":0},"end":{"line":13,"column":7}},"5":{"start":{"line":30,"column":16},"end":{"line":38,"column":19}},"6":{"start":{"line":39,"column":2},"end":{"line":39,"column":48}},"7":{"start":{"line":20,"column":0},"end":{"line":20,"column":7}},"8":{"start":{"line":55,"column":17},"end":{"line":104,"column":null}},"9":{"start":{"line":109,"column":30},"end":{"line":111,"column":26}},"10":{"start":{"line":112,"column":2},"end":{"line":112,"column":63}},"11":{"start":{"line":112,"column":26},"end":{"line":112,"column":60}},"12":{"start":{"line":51,"column":0},"end":{"line":51,"column":7}}},"fnMap":{"0":{"name":"decodeTags","decl":{"start":{"line":8,"column":9},"end":{"line":8,"column":19}},"loc":{"start":{"line":8,"column":50},"end":{"line":11,"column":1}}},"1":{"name":"deleteNote","decl":{"start":{"line":13,"column":22},"end":{"line":13,"column":32}},"loc":{"start":{"line":15,"column":12},"end":{"line":18,"column":1}}},"2":{"name":"createNote","decl":{"start":{"line":20,"column":22},"end":{"line":20,"column":32}},"loc":{"start":{"line":28,"column":3},"end":{"line":40,"column":1}}},"3":{"name":"getNotesForTask","decl":{"start":{"line":51,"column":22},"end":{"line":51,"column":37}},"loc":{"start":{"line":53,"column":16},"end":{"line":113,"column":1}}},"4":{"name":"(anonymous_4)","decl":{"start":{"line":112,"column":18},"end":{"line":112,"column":19}},"loc":{"start":{"line":112,"column":26},"end":{"line":112,"column":60}}}},"branchMap":{"0":{"loc":{"start":{"line":9,"column":2},"end":{"line":9,"column":29}},"type":"if","locations":[{"start":{"line":9,"column":2},"end":{"line":9,"column":29}}]},"1":{"loc":{"start":{"line":35,"column":27},"end":{"line":35,"column":42}},"type":"cond-expr","locations":[{"start":{"line":35,"column":36},"end":{"line":35,"column":40}},{"start":{"line":35,"column":40},"end":{"line":35,"column":42}}]},"2":{"loc":{"start":{"line":35,"column":27},"end":{"line":35,"column":40}},"type":"binary-expr","locations":[{"start":{"line":35,"column":27},"end":{"line":35,"column":40}},{"start":{"line":35,"column":36},"end":{"line":35,"column":40}}]},"3":{"loc":{"start":{"line":109,"column":30},"end":{"line":111,"column":26}},"type":"cond-expr","locations":[{"start":{"line":110,"column":6},"end":{"line":110,"column":12}},{"start":{"line":111,"column":7},"end":{"line":111,"column":25}}]},"4":{"loc":{"start":{"line":111,"column":7},"end":{"line":111,"column":25}},"type":"cond-expr","locations":[{"start":{"line":111,"column":19},"end":{"line":111,"column":23}},{"start":{"line":111,"column":23},"end":{"line":111,"column":25}}]},"5":{"loc":{"start":{"line":111,"column":7},"end":{"line":111,"column":23}},"type":"binary-expr","locations":[{"start":{"line":111,"column":7},"end":{"line":111,"column":23}},{"start":{"line":111,"column":19},"end":{"line":111,"column":23}}]},"6":{"loc":{"start":{"line":111,"column":7},"end":{"line":111,"column":19}},"type":"cond-expr","locations":[{"start":{"line":111,"column":13},"end":{"line":111,"column":15}},{"start":{"line":111,"column":7},"end":{"line":111,"column":19}}]},"7":{"loc":{"start":{"line":111,"column":7},"end":{"line":111,"column":15}},"type":"binary-expr","locations":[{"start":{"line":111,"column":7},"end":{"line":111,"column":15}},{"start":{"line":111,"column":7},"end":{"line":111,"column":15}}]}},"s":{"0":6,"1":0,"2":6,"3":2,"4":10,"5":4,"6":4,"7":10,"8":13,"9":13,"10":13,"11":2,"12":10},"f":{"0":6,"1":2,"2":4,"3":13,"4":2},"b":{"0":[0],"1":[1,3],"2":[4,4],"3":[4,9],"4":[9,0],"5":[9,9],"6":[0,9],"7":[9,9]}}
,"/Volumes/X9/Ben/dev/grunt_projects/benjaminfkile/grunt/src/db/taskTemplates.ts": {"path":"/Volumes/X9/Ben/dev/grunt_projects/benjaminfkile/grunt/src/db/taskTemplates.ts","statementMap":{"0":{"start":{"line":10,"column":2},"end":{"line":10,"column":49}},"1":{"start":{"line":14,"column":2},"end":{"line":14,"column":48}},"2":{"start":{"line":18,"column":15},"end":{"line":20,"column":null}},"3":{"start":{"line":22,"column":2},"end":{"line":22,"column":27}},"4":{"start":{"line":17,"column":0},"end":{"line":17,"column":7}},"5":{"start":{"line":29,"column":14},"end":{"line":29,"column":79}},"6":{"start":{"line":30,"column":2},"end":{"line":30,"column":40}},"7":{"start":{"line":25,"column":0},"end":{"line":25,"column":7}},"8":{"start":{"line":41,"column":16},"end":{"line":47,"column":19}},"9":{"start":{"line":48,"column":2},"end":{"line":48,"column":22}},"10":{"start":{"line":33,"column":0},"end":{"line":33,"column":7}},"11":{"start":{"line":52,"column":2},"end":{"line":52,"column":70}},"12":{"start":{"line":51,"column":0},"end":{"line":51,"column":7}}},"fnMap":{"0":{"name":"decodeTree","decl":{"start":{"line":9,"column":9},"end":{"line":9,"column":19}},"loc":{"start":{"line":9,"column":31},"end":{"line":11,"column":1}}},"1":{"name":"hydrate","decl":{"start":{"line":13,"column":9},"end":{"line":13,"column":16}},"loc":{"start":{"line":13,"column":37},"end":{"line":15,"column":1}}},"2":{"name":"getAllTemplates","decl":{"start":{"line":17,"column":22},"end":{"line":17,"column":37}},"loc":{"start":{"line":17,"column":46},"end":{"line":23,"column":1}}},"3":{"name":"getTemplateById","decl":{"start":{"line":25,"column":22},"end":{"line":25,"column":37}},"loc":{"start":{"line":27,"column":12},"end":{"line":31,"column":1}}},"4":{"name":"createTemplate","decl":{"start":{"line":33,"column":22},"end":{"line":33,"column":36}},"loc":{"start":{"line":39,"column":3},"end":{"line":49,"column":1}}},"5":{"name":"deleteTemplate","decl":{"start":{"line":51,"column":22},"end":{"line":51,"column":36}},"loc":{"start":{"line":51,"column":57},"end":{"line":53,"column":1}}}},"branchMap":{"0":{"loc":{"start":{"line":30,"column":9},"end":{"line":30,"column":39}},"type":"cond-expr","locations":[{"start":{"line":30,"column":15},"end":{"line":30,"column":27}},{"start":{"line":30,"column":30},"end":{"line":30,"column":39}}]},"1":{"loc":{"start":{"line":44,"column":19},"end":{"line":44,"column":41}},"type":"cond-expr","locations":[{"start":{"line":44,"column":35},"end":{"line":44,"column":39}},{"start":{"line":44,"column":39},"end":{"line":44,"column":41}}]},"2":{"loc":{"start":{"line":44,"column":19},"end":{"line":44,"column":39}},"type":"binary-expr","locations":[{"start":{"line":44,"column":19},"end":{"line":44,"column":39}},{"start":{"line":44,"column":35},"end":{"line":44,"column":39}}]}},"s":{"0":5,"1":5,"2":1,"3":1,"4":10,"5":2,"6":2,"7":10,"8":2,"9":2,"10":10,"11":2,"12":10},"f":{"0":5,"1":5,"2":1,"3":2,"4":2,"5":2},"b":{"0":[1,1],"1":[1,1],"2":[2,2]}}
,"/Volumes/X9/Ben/dev/grunt_projects/benjaminfkile/grunt/src/db/taskUsage.ts": {"path":"/Volumes/X9/Ben/dev/grunt_projects/benjaminfkile/grunt/src/db/taskUsage.ts","statementMap":{"0":{"start":{"line":20,"column":16},"end":{"line":29,"column":19}},"1":{"start":{"line":30,"column":2},"end":{"line":30,"column":13}},"2":{"start":{"line":12,"column":0},"end":{"line":12,"column":7}},"3":{"start":{"line":37,"column":2},"end":{"line":40,"column":26}},"4":{"start":{"line":33,"column":0},"end":{"line":33,"column":7}},"5":{"start":{"line":50,"column":15},"end":{"line":61,"column":null}},"6":{"start":{"line":63,"column":12},"end":{"line":63,"column":66}},"7":{"start":{"line":64,"column":2},"end":{"line":72,"column":4}},"8":{"start":{"line":79,"column":2},"end":{"line":79,"column":43}},"9":{"start":{"line":75,"column":0},"end":{"line":75,"column":7}},"10":{"start":{"line":86,"column":2},"end":{"line":86,"column":43}},"11":{"start":{"line":82,"column":0},"end":{"line":82,"column":7}}},"fnMap":{"0":{"name":"recordTaskUsage","decl":{"start":{"line":12,"column":22},"end":{"line":12,"column":37}},"loc":{"start":{"line":18,"column":3},"end":{"line":31,"column":1}}},"1":{"name":"getUsageRowsForTask","decl":{"start":{"line":33,"column":22},"end":{"line":33,"column":41}},"loc":{"start":{"line":35,"column":16},"end":{"line":41,"column":1}}},"2":{"name":"sumUsage","decl":{"start":{"line":46,"column":15},"end":{"line":46,"column":23}},"loc":{"start":{"line":48,"column":54},"end":{"line":73,"column":1}}},"3":{"name":"getUsageTotalsForTask","decl":{"start":{"line":75,"column":22},"end":{"line":75,"column":43}},"loc":{"start":{"line":77,"column":16},"end":{"line":80,"column":1}}},"4":{"name":"getUsageTotalsForRepo","decl":{"start":{"line":82,"column":22},"end":{"line":82,"column":43}},"loc":{"start":{"line":84,"column":16},"end":{"line":87,"column":1}}}},"branchMap":{"0":{"loc":{"start":{"line":65,"column":25},"end":{"line":65,"column":45}},"type":"cond-expr","locations":[{"start":{"line":65,"column":40},"end":{"line":65,"column":44}},{"start":{"line":65,"column":44},"end":{"line":65,"column":45}}]},"1":{"loc":{"start":{"line":65,"column":25},"end":{"line":65,"column":44}},"type":"binary-expr","locations":[{"start":{"line":65,"column":25},"end":{"line":65,"column":44}},{"start":{"line":65,"column":40},"end":{"line":65,"column":44}}]},"2":{"loc":{"start":{"line":65,"column":25},"end":{"line":65,"column":40}},"type":"cond-expr","locations":[{"start":{"line":65,"column":26},"end":{"line":65,"column":28}},{"start":{"line":65,"column":25},"end":{"line":65,"column":40}}]},"3":{"loc":{"start":{"line":65,"column":25},"end":{"line":65,"column":28}},"type":"binary-expr","locations":[{"start":{"line":65,"column":25},"end":{"line":65,"column":28}},{"start":{"line":65,"column":25},"end":{"line":65,"column":28}}]},"4":{"loc":{"start":{"line":66,"column":26},"end":{"line":66,"column":47}},"type":"cond-expr","locations":[{"start":{"line":66,"column":42},"end":{"line":66,"column":46}},{"start":{"line":66,"column":46},"end":{"line":66,"column":47}}]},"5":{"loc":{"start":{"line":66,"column":26},"end":{"line":66,"column":46}},"type":"binary-expr","locations":[{"start":{"line":66,"column":26},"end":{"line":66,"column":46}},{"start":{"line":66,"column":42},"end":{"line":66,"column":46}}]},"6":{"loc":{"start":{"line":66,"column":26},"end":{"line":66,"column":42}},"type":"cond-expr","locations":[{"start":{"line":66,"column":27},"end":{"line":66,"column":29}},{"start":{"line":66,"column":26},"end":{"line":66,"column":42}}]},"7":{"loc":{"start":{"line":66,"column":26},"end":{"line":66,"column":29}},"type":"binary-expr","locations":[{"start":{"line":66,"column":26},"end":{"line":66,"column":29}},{"start":{"line":66,"column":26},"end":{"line":66,"column":29}}]},"8":{"loc":{"start":{"line":68,"column":6},"end":{"line":68,"column":41}},"type":"cond-expr","locations":[{"start":{"line":68,"column":36},"end":{"line":68,"column":40}},{"start":{"line":68,"column":40},"end":{"line":68,"column":41}}]},"9":{"loc":{"start":{"line":68,"column":6},"end":{"line":68,"column":40}},"type":"binary-expr","locations":[{"start":{"line":68,"column":6},"end":{"line":68,"column":40}},{"start":{"line":68,"column":36},"end":{"line":68,"column":40}}]},"10":{"loc":{"start":{"line":68,"column":6},"end":{"line":68,"column":36}},"type":"cond-expr","locations":[{"start":{"line":68,"column":7},"end":{"line":68,"column":9}},{"start":{"line":68,"column":6},"end":{"line":68,"column":36}}]},"11":{"loc":{"start":{"line":68,"column":6},"end":{"line":68,"column":9}},"type":"binary-expr","locations":[{"start":{"line":68,"column":6},"end":{"line":68,"column":9}},{"start":{"line":68,"column":6},"end":{"line":68,"column":9}}]},"12":{"loc":{"start":{"line":70,"column":36},"end":{"line":70,"column":67}},"type":"cond-expr","locations":[{"start":{"line":70,"column":62},"end":{"line":70,"column":66}},{"start":{"line":70,"column":66},"end":{"line":70,"column":67}}]},"13":{"loc":{"start":{"line":70,"column":36},"end":{"line":70,"column":66}},"type":"binary-expr","locations":[{"start":{"line":70,"column":36},"end":{"line":70,"column":66}},{"start":{"line":70,"column":62},"end":{"line":70,"column":66}}]},"14":{"loc":{"start":{"line":70,"column":36},"end":{"line":70,"column":62}},"type":"cond-expr","locations":[{"start":{"line":70,"column":37},"end":{"line":70,"column":39}},{"start":{"line":70,"column":36},"end":{"line":70,"column":62}}]},"15":{"loc":{"start":{"line":70,"column":36},"end":{"line":70,"column":39}},"type":"binary-expr","locations":[{"start":{"line":70,"column":36},"end":{"line":70,"column":39}},{"start":{"line":70,"column":36},"end":{"line":70,"column":39}}]},"16":{"loc":{"start":{"line":71,"column":22},"end":{"line":71,"column":39}},"type":"cond-expr","locations":[{"start":{"line":71,"column":34},"end":{"line":71,"column":38}},{"start":{"line":71,"column":38},"end":{"line":71,"column":39}}]},"17":{"loc":{"start":{"line":71,"column":22},"end":{"line":71,"column":38}},"type":"binary-expr","locations":[{"start":{"line":71,"column":22},"end":{"line":71,"column":38}},{"start":{"line":71,"column":34},"end":{"line":71,"column":38}}]},"18":{"loc":{"start":{"line":71,"column":22},"end":{"line":71,"column":34}},"type":"cond-expr","locations":[{"start":{"line":71,"column":23},"end":{"line":71,"column":25}},{"start":{"line":71,"column":22},"end":{"line":71,"column":34}}]},"19":{"loc":{"start":{"line":71,"column":22},"end":{"line":71,"column":25}},"type":"binary-expr","locations":[{"start":{"line":71,"column":22},"end":{"line":71,"column":25}},{"start":{"line":71,"column":22},"end":{"line":71,"column":25}}]}},"s":{"0":3,"1":3,"2":12,"3":1,"4":12,"5":4,"6":4,"7":4,"8":3,"9":12,"10":1,"11":12},"f":{"0":3,"1":1,"2":4,"3":3,"4":1},"b":{"0":[3,1],"1":[4,4],"2":[1,3],"3":[4,4],"4":[3,1],"5":[4,4],"6":[1,3],"7":[4,4],"8":[3,1],"9":[4,4],"10":[1,3],"11":[4,4],"12":[3,1],"13":[4,4],"14":[1,3],"15":[4,4],"16":[3,1],"17":[4,4],"18":[1,3],"19":[4,4]}}
,"/Volumes/X9/Ben/dev/grunt_projects/benjaminfkile/grunt/src/db/tasks.ts": {"path":"/Volumes/X9/Ben/dev/grunt_projects/benjaminfkile/grunt/src/db/tasks.ts","statementMap":{"0":{"start":{"line":8,"column":2},"end":{"line":10,"column":38}},"1":{"start":{"line":4,"column":0},"end":{"line":4,"column":7}},"2":{"start":{"line":17,"column":2},"end":{"line":17,"column":49}},"3":{"start":{"line":13,"column":0},"end":{"line":13,"column":7}},"4":{"start":{"line":24,"column":2},"end":{"line":26,"column":38}},"5":{"start":{"line":20,"column":0},"end":{"line":20,"column":7}},"6":{"start":{"line":40,"column":22},"end":{"line":40,"column":41}},"7":{"start":{"line":42,"column":2},"end":{"line":57,"column":null}},"8":{"start":{"line":43,"column":19},"end":{"line":53,"column":14}},"9":{"start":{"line":46,"column":8},"end":{"line":50,"column":null}},"10":{"start":{"line":47,"column":10},"end":{"line":47,"column":52}},"11":{"start":{"line":49,"column":10},"end":{"line":49,"column":38}},"12":{"start":{"line":55,"column":19},"end":{"line":55,"column":34}},"13":{"start":{"line":56,"column":4},"end":{"line":56,"column":52}},"14":{"start":{"line":59,"column":17},"end":{"line":68,"column":19}},"15":{"start":{"line":70,"column":2},"end":{"line":70,"column":14}},"16":{"start":{"line":29,"column":0},"end":{"line":29,"column":7}},"17":{"start":{"line":91,"column":17},"end":{"line":94,"column":19}},"18":{"start":{"line":95,"column":2},"end":{"line":95,"column":14}},"19":{"start":{"line":73,"column":0},"end":{"line":73,"column":7}},"20":{"start":{"line":99,"column":2},"end":{"line":99,"column":49}},"21":{"start":{"line":98,"column":0},"end":{"line":98,"column":7}},"22":{"start":{"line":106,"column":17},"end":{"line":114,"column":null}},"23":{"start":{"line":116,"column":2},"end":{"line":116,"column":28}},"24":{"start":{"line":102,"column":0},"end":{"line":102,"column":7}},"25":{"start":{"line":125,"column":2},"end":{"line":219,"column":5}},"26":{"start":{"line":126,"column":19},"end":{"line":216,"column":null}},"27":{"start":{"line":218,"column":4},"end":{"line":218,"column":26}},"28":{"start":{"line":119,"column":0},"end":{"line":119,"column":7}},"29":{"start":{"line":227,"column":2},"end":{"line":232,"column":4}},"30":{"start":{"line":222,"column":0},"end":{"line":222,"column":7}},"31":{"start":{"line":240,"column":21},"end":{"line":240,"column":22}},"32":{"start":{"line":242,"column":2},"end":{"line":322,"column":null}},"33":{"start":{"line":243,"column":16},"end":{"line":243,"column":17}},"34":{"start":{"line":245,"column":4},"end":{"line":318,"column":null}},"35":{"start":{"line":246,"column":25},"end":{"line":264,"column":null}},"36":{"start":{"line":266,"column":6},"end":{"line":266,"column":40}},"37":{"start":{"line":268,"column":25},"end":{"line":281,"column":null}},"38":{"start":{"line":283,"column":6},"end":{"line":283,"column":40}},"39":{"start":{"line":284,"column":11},"end":{"line":318,"column":null}},"40":{"start":{"line":285,"column":21},"end":{"line":298,"column":null}},"41":{"start":{"line":300,"column":6},"end":{"line":300,"column":35}},"42":{"start":{"line":302,"column":21},"end":{"line":315,"column":null}},"43":{"start":{"line":317,"column":6},"end":{"line":317,"column":35}},"44":{"start":{"line":320,"column":4},"end":{"line":320,"column":27}},"45":{"start":{"line":320,"column":21},"end":{"line":320,"column":27}},"46":{"start":{"line":321,"column":4},"end":{"line":321,"column":26}},"47":{"start":{"line":324,"column":2},"end":{"line":324,"column":22}},"48":{"start":{"line":235,"column":0},"end":{"line":235,"column":7}}},"fnMap":{"0":{"name":"getTasksByRepoId","decl":{"start":{"line":4,"column":22},"end":{"line":4,"column":38}},"loc":{"start":{"line":6,"column":16},"end":{"line":11,"column":1}}},"1":{"name":"getTaskById","decl":{"start":{"line":13,"column":22},"end":{"line":13,"column":33}},"loc":{"start":{"line":15,"column":12},"end":{"line":18,"column":1}}},"2":{"name":"getChildTasks","decl":{"start":{"line":20,"column":22},"end":{"line":20,"column":35}},"loc":{"start":{"line":22,"column":18},"end":{"line":27,"column":1}}},"3":{"name":"createTask","decl":{"start":{"line":29,"column":22},"end":{"line":29,"column":32}},"loc":{"start":{"line":38,"column":3},"end":{"line":71,"column":1}}},"4":{"name":"(anonymous_4)","decl":{"start":{"line":45,"column":16},"end":{"line":45,"column":null}},"loc":{"start":{"line":45,"column":16},"end":{"line":51,"column":7}}},"5":{"name":"updateTask","decl":{"start":{"line":73,"column":22},"end":{"line":73,"column":32}},"loc":{"start":{"line":89,"column":3},"end":{"line":96,"column":1}}},"6":{"name":"deleteTask","decl":{"start":{"line":98,"column":22},"end":{"line":98,"column":32}},"loc":{"start":{"line":98,"column":53},"end":{"line":100,"column":1}}},"7":{"name":"reconcileOrphanedTasks","decl":{"start":{"line":102,"column":22},"end":{"line":102,"column":44}},"loc":{"start":{"line":104,"column":18},"end":{"line":117,"column":1}}},"8":{"name":"claimNextPendingLeafTask","decl":{"start":{"line":119,"column":22},"end":{"line":119,"column":46}},"loc":{"start":{"line":123,"column":22},"end":{"line":220,"column":1}}},"9":{"name":"(anonymous_9)","decl":{"start":{"line":125,"column":24},"end":{"line":125,"column":29}},"loc":{"start":{"line":125,"column":38},"end":{"line":219,"column":3}}},"10":{"name":"renewTaskLease","decl":{"start":{"line":222,"column":22},"end":{"line":222,"column":36}},"loc":{"start":{"line":225,"column":22},"end":{"line":233,"column":1}}},"11":{"name":"autoCompleteParentTasks","decl":{"start":{"line":235,"column":22},"end":{"line":235,"column":45}},"loc":{"start":{"line":238,"column":42},"end":{"line":325,"column":1}}}},"branchMap":{"0":{"loc":{"start":{"line":42,"column":2},"end":{"line":57,"column":null}},"type":"if","locations":[{"start":{"line":42,"column":2},"end":{"line":57,"column":null}}]},"1":{"loc":{"start":{"line":46,"column":8},"end":{"line":50,"column":null}},"type":"if","locations":[{"start":{"line":46,"column":8},"end":{"line":50,"column":null}},{"start":{"line":48,"column":15},"end":{"line":50,"column":null}}]},"2":{"loc":{"start":{"line":55,"column":19},"end":{"line":55,"column":34}},"type":"cond-expr","locations":[{"start":{"line":55,"column":25},"end":{"line":55,"column":27}},{"start":{"line":55,"column":19},"end":{"line":55,"column":34}}]},"3":{"loc":{"start":{"line":55,"column":19},"end":{"line":55,"column":27}},"type":"binary-expr","locations":[{"start":{"line":55,"column":19},"end":{"line":55,"column":27}},{"start":{"line":55,"column":19},"end":{"line":55,"column":27}}]},"4":{"loc":{"start":{"line":56,"column":20},"end":{"line":56,"column":51}},"type":"cond-expr","locations":[{"start":{"line":56,"column":37},"end":{"line":56,"column":47}},{"start":{"line":56,"column":50},"end":{"line":56,"column":51}}]},"5":{"loc":{"start":{"line":62,"column":17},"end":{"line":62,"column":39}},"type":"cond-expr","locations":[{"start":{"line":62,"column":31},"end":{"line":62,"column":35}},{"start":{"line":62,"column":35},"end":{"line":62,"column":39}}]},"6":{"loc":{"start":{"line":62,"column":17},"end":{"line":62,"column":35}},"type":"binary-expr","locations":[{"start":{"line":62,"column":17},"end":{"line":62,"column":35}},{"start":{"line":62,"column":31},"end":{"line":62,"column":35}}]},"7":{"loc":{"start":{"line":64,"column":19},"end":{"line":64,"column":41}},"type":"cond-expr","locations":[{"start":{"line":64,"column":35},"end":{"line":64,"column":39}},{"start":{"line":64,"column":39},"end":{"line":64,"column":41}}]},"8":{"loc":{"start":{"line":64,"column":19},"end":{"line":64,"column":39}},"type":"binary-expr","locations":[{"start":{"line":64,"column":19},"end":{"line":64,"column":39}},{"start":{"line":64,"column":35},"end":{"line":64,"column":39}}]},"9":{"loc":{"start":{"line":66,"column":21},"end":{"line":66,"column":47}},"type":"cond-expr","locations":[{"start":{"line":66,"column":39},"end":{"line":66,"column":43}},{"start":{"line":66,"column":43},"end":{"line":66,"column":47}}]},"10":{"loc":{"start":{"line":66,"column":21},"end":{"line":66,"column":43}},"type":"binary-expr","locations":[{"start":{"line":66,"column":21},"end":{"line":66,"column":43}},{"start":{"line":66,"column":39},"end":{"line":66,"column":43}}]},"11":{"loc":{"start":{"line":238,"column":2},"end":{"line":238,"column":42}},"type":"default-arg","locations":[{"start":{"line":238,"column":34},"end":{"line":238,"column":42}}]},"12":{"loc":{"start":{"line":245,"column":4},"end":{"line":318,"column":null}},"type":"if","locations":[{"start":{"line":245,"column":4},"end":{"line":318,"column":null}},{"start":{"line":284,"column":11},"end":{"line":318,"column":null}}]},"13":{"loc":{"start":{"line":266,"column":15},"end":{"line":266,"column":39}},"type":"cond-expr","locations":[{"start":{"line":266,"column":34},"end":{"line":266,"column":38}},{"start":{"line":266,"column":38},"end":{"line":266,"column":39}}]},"14":{"loc":{"start":{"line":266,"column":15},"end":{"line":266,"column":38}},"type":"binary-expr","locations":[{"start":{"line":266,"column":15},"end":{"line":266,"column":38}},{"start":{"line":266,"column":34},"end":{"line":266,"column":38}}]},"15":{"loc":{"start":{"line":283,"column":15},"end":{"line":283,"column":39}},"type":"cond-expr","locations":[{"start":{"line":283,"column":34},"end":{"line":283,"column":38}},{"start":{"line":283,"column":38},"end":{"line":283,"column":39}}]},"16":{"loc":{"start":{"line":283,"column":15},"end":{"line":283,"column":38}},"type":"binary-expr","locations":[{"start":{"line":283,"column":15},"end":{"line":283,"column":38}},{"start":{"line":283,"column":34},"end":{"line":283,"column":38}}]},"17":{"loc":{"start":{"line":284,"column":11},"end":{"line":318,"column":null}},"type":"if","locations":[{"start":{"line":284,"column":11},"end":{"line":318,"column":null}},{"start":{"line":301,"column":11},"end":{"line":318,"column":null}}]},"18":{"loc":{"start":{"line":300,"column":14},"end":{"line":300,"column":34}},"type":"cond-expr","locations":[{"start":{"line":300,"column":29},"end":{"line":300,"column":33}},{"start":{"line":300,"column":33},"end":{"line":300,"column":34}}]},"19":{"loc":{"start":{"line":300,"column":14},"end":{"line":300,"column":33}},"type":"binary-expr","locations":[{"start":{"line":300,"column":14},"end":{"line":300,"column":33}},{"start":{"line":300,"column":29},"end":{"line":300,"column":33}}]},"20":{"loc":{"start":{"line":317,"column":14},"end":{"line":317,"column":34}},"type":"cond-expr","locations":[{"start":{"line":317,"column":29},"end":{"line":317,"column":33}},{"start":{"line":317,"column":33},"end":{"line":317,"column":34}}]},"21":{"loc":{"start":{"line":317,"column":14},"end":{"line":317,"column":33}},"type":"binary-expr","locations":[{"start":{"line":317,"column":14},"end":{"line":317,"column":33}},{"start":{"line":317,"column":29},"end":{"line":317,"column":33}}]},"22":{"loc":{"start":{"line":320,"column":4},"end":{"line":320,"column":27}},"type":"if","locations":[{"start":{"line":320,"column":4},"end":{"line":320,"column":27}}]}},"s":{"0":1,"1":15,"2":1,"3":15,"4":1,"5":15,"6":5,"7":5,"8":4,"9":2,"10":1,"11":1,"12":4,"13":4,"14":5,"15":5,"16":15,"17":1,"18":1,"19":15,"20":1,"21":15,"22":3,"23":3,"24":15,"25":18,"26":18,"27":18,"28":15,"29":2,"30":15,"31":8,"32":8,"33":15,"34":15,"35":7,"36":7,"37":7,"38":7,"39":8,"40":3,"41":3,"42":5,"43":5,"44":15,"45":8,"46":7,"47":8,"48":15},"f":{"0":1,"1":1,"2":1,"3":5,"4":2,"5":1,"6":1,"7":3,"8":18,"9":18,"10":2,"11":8},"b":{"0":[4],"1":[1,1],"2":[0,4],"3":[4,4],"4":[3,1],"5":[1,4],"6":[5,5],"7":[0,5],"8":[5,5],"9":[0,5],"10":[5,5],"11":[2],"12":[7,8],"13":[7,0],"14":[7,7],"15":[7,0],"16":[7,7],"17":[3,5],"18":[3,0],"19":[3,3],"20":[5,0],"21":[5,5],"22":[8]}}
,"/Volumes/X9/Ben/dev/grunt_projects/benjaminfkile/grunt/src/db/workers.ts": {"path":"/Volumes/X9/Ben/dev/grunt_projects/benjaminfkile/grunt/src/db/workers.ts","statementMap":{"0":{"start":{"line":12,"column":17},"end":{"line":23,"column":null}},"1":{"start":{"line":25,"column":2},"end":{"line":25,"column":21}},"2":{"start":{"line":11,"column":0},"end":{"line":11,"column":7}}},"fnMap":{"0":{"name":"getActiveWorkers","decl":{"start":{"line":11,"column":22},"end":{"line":11,"column":38}},"loc":{"start":{"line":11,"column":47},"end":{"line":26,"column":1}}}},"branchMap":{},"s":{"0":0,"1":0,"2":9},"f":{"0":0},"b":{}}
,"/Volumes/X9/Ben/dev/grunt_projects/benjaminfkile/grunt/src/db/migrations/20260425000001_alter_tasks_add_lease.ts": {"path":"/Volumes/X9/Ben/dev/grunt_projects/benjaminfkile/grunt/src/db/migrations/20260425000001_alter_tasks_add_lease.ts","statementMap":{"0":{"start":{"line":4,"column":2},"end":{"line":8,"column":5}},"1":{"start":{"line":5,"column":4},"end":{"line":5,"column":39}},"2":{"start":{"line":6,"column":4},"end":{"line":6,"column":47}},"3":{"start":{"line":7,"column":4},"end":{"line":7,"column":77}},"4":{"start":{"line":3,"column":0},"end":{"line":3,"column":7}},"5":{"start":{"line":12,"column":2},"end":{"line":16,"column":5}},"6":{"start":{"line":13,"column":4},"end":{"line":13,"column":81}},"7":{"start":{"line":14,"column":4},"end":{"line":14,"column":34}},"8":{"start":{"line":15,"column":4},"end":{"line":15,"column":37}},"9":{"start":{"line":11,"column":0},"end":{"line":11,"column":7}}},"fnMap":{"0":{"name":"up","decl":{"start":{"line":3,"column":22},"end":{"line":3,"column":24}},"loc":{"start":{"line":3,"column":35},"end":{"line":9,"column":1}}},"1":{"name":"(anonymous_1)","decl":{"start":{"line":4,"column":40},"end":{"line":4,"column":41}},"loc":{"start":{"line":4,"column":50},"end":{"line":8,"column":3}}},"2":{"name":"down","decl":{"start":{"line":11,"column":22},"end":{"line":11,"column":26}},"loc":{"start":{"line":11,"column":37},"end":{"line":17,"column":1}}},"3":{"name":"(anonymous_3)","decl":{"start":{"line":12,"column":40},"end":{"line":12,"column":41}},"loc":{"start":{"line":12,"column":50},"end":{"line":16,"column":3}}}},"branchMap":{},"s":{"0":2,"1":2,"2":2,"3":2,"4":1,"5":1,"6":1,"7":1,"8":1,"9":1},"f":{"0":2,"1":2,"2":1,"3":1},"b":{}}
,"/Volumes/X9/Ben/dev/grunt_projects/benjaminfkile/grunt/src/db/migrations/20260425000002_alter_repos_add_failure_policy.ts": {"path":"/Volumes/X9/Ben/dev/grunt_projects/benjaminfkile/grunt/src/db/migrations/20260425000002_alter_repos_add_failure_policy.ts","statementMap":{"0":{"start":{"line":4,"column":2},"end":{"line":8,"column":5}},"1":{"start":{"line":5,"column":4},"end":{"line":5,"column":66}},"2":{"start":{"line":6,"column":4},"end":{"line":6,"column":60}},"3":{"start":{"line":7,"column":4},"end":{"line":7,"column":79}},"4":{"start":{"line":3,"column":0},"end":{"line":3,"column":7}},"5":{"start":{"line":12,"column":2},"end":{"line":16,"column":5}},"6":{"start":{"line":13,"column":4},"end":{"line":13,"column":35}},"7":{"start":{"line":14,"column":4},"end":{"line":14,"column":36}},"8":{"start":{"line":15,"column":4},"end":{"line":15,"column":45}},"9":{"start":{"line":11,"column":0},"end":{"line":11,"column":7}}},"fnMap":{"0":{"name":"up","decl":{"start":{"line":3,"column":22},"end":{"line":3,"column":24}},"loc":{"start":{"line":3,"column":35},"end":{"line":9,"column":1}}},"1":{"name":"(anonymous_1)","decl":{"start":{"line":4,"column":40},"end":{"line":4,"column":41}},"loc":{"start":{"line":4,"column":50},"end":{"line":8,"column":3}}},"2":{"name":"down","decl":{"start":{"line":11,"column":22},"end":{"line":11,"column":26}},"loc":{"start":{"line":11,"column":37},"end":{"line":17,"column":1}}},"3":{"name":"(anonymous_3)","decl":{"start":{"line":12,"column":40},"end":{"line":12,"column":41}},"loc":{"start":{"line":12,"column":50},"end":{"line":16,"column":3}}}},"branchMap":{},"s":{"0":4,"1":4,"2":4,"3":4,"4":1,"5":1,"6":1,"7":1,"8":1,"9":1},"f":{"0":4,"1":4,"2":1,"3":1},"b":{}}
,"/Volumes/X9/Ben/dev/grunt_projects/benjaminfkile/grunt/src/db/migrations/20260425000003_add_ordering_mode.ts": {"path":"/Volumes/X9/Ben/dev/grunt_projects/benjaminfkile/grunt/src/db/migrations/20260425000003_add_ordering_mode.ts","statementMap":{"0":{"start":{"line":4,"column":2},"end":{"line":6,"column":5}},"1":{"start":{"line":5,"column":4},"end":{"line":5,"column":70}},"2":{"start":{"line":7,"column":2},"end":{"line":9,"column":5}},"3":{"start":{"line":8,"column":4},"end":{"line":8,"column":43}},"4":{"start":{"line":3,"column":0},"end":{"line":3,"column":7}},"5":{"start":{"line":13,"column":2},"end":{"line":15,"column":5}},"6":{"start":{"line":14,"column":4},"end":{"line":14,"column":38}},"7":{"start":{"line":16,"column":2},"end":{"line":18,"column":5}},"8":{"start":{"line":17,"column":4},"end":{"line":17,"column":38}},"9":{"start":{"line":12,"column":0},"end":{"line":12,"column":7}}},"fnMap":{"0":{"name":"up","decl":{"start":{"line":3,"column":22},"end":{"line":3,"column":24}},"loc":{"start":{"line":3,"column":35},"end":{"line":10,"column":1}}},"1":{"name":"(anonymous_1)","decl":{"start":{"line":4,"column":40},"end":{"line":4,"column":41}},"loc":{"start":{"line":4,"column":50},"end":{"line":6,"column":3}}},"2":{"name":"(anonymous_2)","decl":{"start":{"line":7,"column":40},"end":{"line":7,"column":41}},"loc":{"start":{"line":7,"column":50},"end":{"line":9,"column":3}}},"3":{"name":"down","decl":{"start":{"line":12,"column":22},"end":{"line":12,"column":26}},"loc":{"start":{"line":12,"column":37},"end":{"line":19,"column":1}}},"4":{"name":"(anonymous_4)","decl":{"start":{"line":13,"column":40},"end":{"line":13,"column":41}},"loc":{"start":{"line":13,"column":50},"end":{"line":15,"column":3}}},"5":{"name":"(anonymous_5)","decl":{"start":{"line":16,"column":40},"end":{"line":16,"column":41}},"loc":{"start":{"line":16,"column":50},"end":{"line":18,"column":3}}}},"branchMap":{},"s":{"0":3,"1":3,"2":3,"3":3,"4":1,"5":1,"6":1,"7":1,"8":1,"9":1},"f":{"0":3,"1":3,"2":3,"3":1,"4":1,"5":1},"b":{}}
,"/Volumes/X9/Ben/dev/grunt_projects/benjaminfkile/grunt/src/db/migrations/20260425000004_create_task_events.ts": {"path":"/Volumes/X9/Ben/dev/grunt_projects/benjaminfkile/grunt/src/db/migrations/20260425000004_create_task_events.ts","statementMap":{"0":{"start":{"line":4,"column":2},"end":{"line":17,"column":5}},"1":{"start":{"line":5,"column":4},"end":{"line":5,"column":37}},"2":{"start":{"line":6,"column":4},"end":{"line":11,"column":27}},"3":{"start":{"line":12,"column":4},"end":{"line":12,"column":65}},"4":{"start":{"line":13,"column":4},"end":{"line":13,"column":38}},"5":{"start":{"line":14,"column":4},"end":{"line":14,"column":34}},"6":{"start":{"line":16,"column":4},"end":{"line":16,"column":65}},"7":{"start":{"line":3,"column":0},"end":{"line":3,"column":7}},"8":{"start":{"line":21,"column":2},"end":{"line":21,"column":53}},"9":{"start":{"line":20,"column":0},"end":{"line":20,"column":7}}},"fnMap":{"0":{"name":"up","decl":{"start":{"line":3,"column":22},"end":{"line":3,"column":24}},"loc":{"start":{"line":3,"column":35},"end":{"line":18,"column":1}}},"1":{"name":"(anonymous_1)","decl":{"start":{"line":4,"column":47},"end":{"line":4,"column":48}},"loc":{"start":{"line":4,"column":57},"end":{"line":17,"column":3}}},"2":{"name":"down","decl":{"start":{"line":20,"column":22},"end":{"line":20,"column":26}},"loc":{"start":{"line":20,"column":37},"end":{"line":22,"column":1}}}},"branchMap":{},"s":{"0":7,"1":7,"2":7,"3":7,"4":7,"5":7,"6":7,"7":1,"8":1,"9":1},"f":{"0":7,"1":7,"2":1},"b":{}}
,"/Volumes/X9/Ben/dev/grunt_projects/benjaminfkile/grunt/src/db/migrations/20260425000005_alter_tasks_add_log_path.ts": {"path":"/Volumes/X9/Ben/dev/grunt_projects/benjaminfkile/grunt/src/db/migrations/20260425000005_alter_tasks_add_log_path.ts","statementMap":{"0":{"start":{"line":4,"column":2},"end":{"line":6,"column":5}},"1":{"start":{"line":5,"column":4},"end":{"line":5,"column":38}},"2":{"start":{"line":3,"column":0},"end":{"line":3,"column":7}},"3":{"start":{"line":10,"column":2},"end":{"line":12,"column":5}},"4":{"start":{"line":11,"column":4},"end":{"line":11,"column":33}},"5":{"start":{"line":9,"column":0},"end":{"line":9,"column":7}}},"fnMap":{"0":{"name":"up","decl":{"start":{"line":3,"column":22},"end":{"line":3,"column":24}},"loc":{"start":{"line":3,"column":35},"end":{"line":7,"column":1}}},"1":{"name":"(anonymous_1)","decl":{"start":{"line":4,"column":40},"end":{"line":4,"column":41}},"loc":{"start":{"line":4,"column":50},"end":{"line":6,"column":3}}},"2":{"name":"down","decl":{"start":{"line":9,"column":22},"end":{"line":9,"column":26}},"loc":{"start":{"line":9,"column":37},"end":{"line":13,"column":1}}},"3":{"name":"(anonymous_3)","decl":{"start":{"line":10,"column":40},"end":{"line":10,"column":41}},"loc":{"start":{"line":10,"column":50},"end":{"line":12,"column":3}}}},"branchMap":{},"s":{"0":2,"1":2,"2":1,"3":1,"4":1,"5":1},"f":{"0":2,"1":2,"2":1,"3":1},"b":{}}
,"/Volumes/X9/Ben/dev/grunt_projects/benjaminfkile/grunt/src/db/migrations/20260425000006_create_task_notes.ts": {"path":"/Volumes/X9/Ben/dev/grunt_projects/benjaminfkile/grunt/src/db/migrations/20260425000006_create_task_notes.ts","statementMap":{"0":{"start":{"line":4,"column":2},"end":{"line":26,"column":5}},"1":{"start":{"line":5,"column":4},"end":{"line":5,"column":37}},"2":{"start":{"line":6,"column":4},"end":{"line":11,"column":27}},"3":{"start":{"line":12,"column":4},"end":{"line":12,"column":39}},"4":{"start":{"line":13,"column":4},"end":{"line":13,"column":43}},"5":{"start":{"line":14,"column":4},"end":{"line":14,"column":53}},"6":{"start":{"line":15,"column":4},"end":{"line":15,"column":40}},"7":{"start":{"line":16,"column":4},"end":{"line":19,"column":32}},"8":{"start":{"line":21,"column":4},"end":{"line":24,"column":6}},"9":{"start":{"line":25,"column":4},"end":{"line":25,"column":61}},"10":{"start":{"line":3,"column":0},"end":{"line":3,"column":7}},"11":{"start":{"line":30,"column":2},"end":{"line":30,"column":52}},"12":{"start":{"line":29,"column":0},"end":{"line":29,"column":7}}},"fnMap":{"0":{"name":"up","decl":{"start":{"line":3,"column":22},"end":{"line":3,"column":24}},"loc":{"start":{"line":3,"column":35},"end":{"line":27,"column":1}}},"1":{"name":"(anonymous_1)","decl":{"start":{"line":4,"column":46},"end":{"line":4,"column":47}},"loc":{"start":{"line":4,"column":56},"end":{"line":26,"column":3}}},"2":{"name":"down","decl":{"start":{"line":29,"column":22},"end":{"line":29,"column":26}},"loc":{"start":{"line":29,"column":37},"end":{"line":31,"column":1}}}},"branchMap":{},"s":{"0":9,"1":9,"2":9,"3":9,"4":9,"5":9,"6":9,"7":9,"8":9,"9":9,"10":1,"11":1,"12":1},"f":{"0":9,"1":9,"2":1},"b":{}}
,"/Volumes/X9/Ben/dev/grunt_projects/benjaminfkile/grunt/src/db/migrations/20260425000007_alter_tasks_add_requires_approval.ts": {"path":"/Volumes/X9/Ben/dev/grunt_projects/benjaminfkile/grunt/src/db/migrations/20260425000007_alter_tasks_add_requires_approval.ts","statementMap":{"0":{"start":{"line":4,"column":2},"end":{"line":6,"column":5}},"1":{"start":{"line":5,"column":4},"end":{"line":5,"column":70}},"2":{"start":{"line":3,"column":0},"end":{"line":3,"column":7}},"3":{"start":{"line":10,"column":2},"end":{"line":12,"column":5}},"4":{"start":{"line":11,"column":4},"end":{"line":11,"column":42}},"5":{"start":{"line":9,"column":0},"end":{"line":9,"column":7}}},"fnMap":{"0":{"name":"up","decl":{"start":{"line":3,"column":22},"end":{"line":3,"column":24}},"loc":{"start":{"line":3,"column":35},"end":{"line":7,"column":1}}},"1":{"name":"(anonymous_1)","decl":{"start":{"line":4,"column":40},"end":{"line":4,"column":41}},"loc":{"start":{"line":4,"column":50},"end":{"line":6,"column":3}}},"2":{"name":"down","decl":{"start":{"line":9,"column":22},"end":{"line":9,"column":26}},"loc":{"start":{"line":9,"column":37},"end":{"line":13,"column":1}}},"3":{"name":"(anonymous_3)","decl":{"start":{"line":10,"column":40},"end":{"line":10,"column":41}},"loc":{"start":{"line":10,"column":50},"end":{"line":12,"column":3}}}},"branchMap":{},"s":{"0":2,"1":2,"2":1,"3":1,"4":1,"5":1},"f":{"0":2,"1":2,"2":1,"3":1},"b":{}}
,"/Volumes/X9/Ben/dev/grunt_projects/benjaminfkile/grunt/src/db/migrations/20260425000008_create_task_templates.ts": {"path":"/Volumes/X9/Ben/dev/grunt_projects/benjaminfkile/grunt/src/db/migrations/20260425000008_create_task_templates.ts","statementMap":{"0":{"start":{"line":4,"column":2},"end":{"line":12,"column":5}},"1":{"start":{"line":5,"column":4},"end":{"line":5,"column":37}},"2":{"start":{"line":6,"column":4},"end":{"line":6,"column":39}},"3":{"start":{"line":7,"column":4},"end":{"line":7,"column":58}},"4":{"start":{"line":8,"column":4},"end":{"line":8,"column":37}},"5":{"start":{"line":9,"column":4},"end":{"line":9,"column":73}},"6":{"start":{"line":11,"column":4},"end":{"line":11,"column":53}},"7":{"start":{"line":3,"column":0},"end":{"line":3,"column":7}},"8":{"start":{"line":16,"column":2},"end":{"line":16,"column":56}},"9":{"start":{"line":15,"column":0},"end":{"line":15,"column":7}}},"fnMap":{"0":{"name":"up","decl":{"start":{"line":3,"column":22},"end":{"line":3,"column":24}},"loc":{"start":{"line":3,"column":35},"end":{"line":13,"column":1}}},"1":{"name":"(anonymous_1)","decl":{"start":{"line":4,"column":50},"end":{"line":4,"column":51}},"loc":{"start":{"line":4,"column":60},"end":{"line":12,"column":3}}},"2":{"name":"down","decl":{"start":{"line":15,"column":22},"end":{"line":15,"column":26}},"loc":{"start":{"line":15,"column":37},"end":{"line":17,"column":1}}}},"branchMap":{},"s":{"0":7,"1":7,"2":7,"3":7,"4":7,"5":7,"6":7,"7":1,"8":1,"9":1},"f":{"0":7,"1":7,"2":1},"b":{}}
,"/Volumes/X9/Ben/dev/grunt_projects/benjaminfkile/grunt/src/db/migrations/20260425000009_create_task_usage.ts": {"path":"/Volumes/X9/Ben/dev/grunt_projects/benjaminfkile/grunt/src/db/migrations/20260425000009_create_task_usage.ts","statementMap":{"0":{"start":{"line":4,"column":2},"end":{"line":26,"column":5}},"1":{"start":{"line":5,"column":4},"end":{"line":5,"column":37}},"2":{"start":{"line":6,"column":4},"end":{"line":11,"column":27}},"3":{"start":{"line":12,"column":4},"end":{"line":17,"column":27}},"4":{"start":{"line":18,"column":4},"end":{"line":18,"column":61}},"5":{"start":{"line":19,"column":4},"end":{"line":19,"column":62}},"6":{"start":{"line":20,"column":4},"end":{"line":20,"column":76}},"7":{"start":{"line":21,"column":4},"end":{"line":21,"column":72}},"8":{"start":{"line":22,"column":4},"end":{"line":22,"column":73}},"9":{"start":{"line":24,"column":4},"end":{"line":24,"column":55}},"10":{"start":{"line":25,"column":4},"end":{"line":25,"column":55}},"11":{"start":{"line":3,"column":0},"end":{"line":3,"column":7}},"12":{"start":{"line":30,"column":2},"end":{"line":30,"column":52}},"13":{"start":{"line":29,"column":0},"end":{"line":29,"column":7}}},"fnMap":{"0":{"name":"up","decl":{"start":{"line":3,"column":22},"end":{"line":3,"column":24}},"loc":{"start":{"line":3,"column":35},"end":{"line":27,"column":1}}},"1":{"name":"(anonymous_1)","decl":{"start":{"line":4,"column":46},"end":{"line":4,"column":47}},"loc":{"start":{"line":4,"column":56},"end":{"line":26,"column":3}}},"2":{"name":"down","decl":{"start":{"line":29,"column":22},"end":{"line":29,"column":26}},"loc":{"start":{"line":29,"column":37},"end":{"line":31,"column":1}}}},"branchMap":{},"s":{"0":11,"1":11,"2":11,"3":11,"4":11,"5":11,"6":11,"7":11,"8":11,"9":11,"10":11,"11":1,"12":1,"13":1},"f":{"0":11,"1":11,"2":1},"b":{}}
,"/Volumes/X9/Ben/dev/grunt_projects/benjaminfkile/grunt/src/db/migrations/20260425000010_create_repo_webhooks.ts": {"path":"/Volumes/X9/Ben/dev/grunt_projects/benjaminfkile/grunt/src/db/migrations/20260425000010_create_repo_webhooks.ts","statementMap":{"0":{"start":{"line":4,"column":2},"end":{"line":18,"column":5}},"1":{"start":{"line":5,"column":4},"end":{"line":5,"column":37}},"2":{"start":{"line":6,"column":4},"end":{"line":11,"column":27}},"3":{"start":{"line":12,"column":4},"end":{"line":12,"column":36}},"4":{"start":{"line":13,"column":4},"end":{"line":13,"column":39}},"5":{"start":{"line":14,"column":4},"end":{"line":14,"column":58}},"6":{"start":{"line":15,"column":4},"end":{"line":15,"column":73}},"7":{"start":{"line":17,"column":4},"end":{"line":17,"column":58}},"8":{"start":{"line":3,"column":0},"end":{"line":3,"column":7}},"9":{"start":{"line":22,"column":2},"end":{"line":22,"column":55}},"10":{"start":{"line":21,"column":0},"end":{"line":21,"column":7}}},"fnMap":{"0":{"name":"up","decl":{"start":{"line":3,"column":22},"end":{"line":3,"column":24}},"loc":{"start":{"line":3,"column":35},"end":{"line":19,"column":1}}},"1":{"name":"(anonymous_1)","decl":{"start":{"line":4,"column":49},"end":{"line":4,"column":50}},"loc":{"start":{"line":4,"column":59},"end":{"line":18,"column":3}}},"2":{"name":"down","decl":{"start":{"line":21,"column":22},"end":{"line":21,"column":26}},"loc":{"start":{"line":21,"column":37},"end":{"line":23,"column":1}}}},"branchMap":{},"s":{"0":8,"1":8,"2":8,"3":8,"4":8,"5":8,"6":8,"7":8,"8":1,"9":1,"10":1},"f":{"0":8,"1":8,"2":1},"b":{}}
,"/Volumes/X9/Ben/dev/grunt_projects/benjaminfkile/grunt/src/db/migrations/20260426000001_create_app_settings.ts": {"path":"/Volumes/X9/Ben/dev/grunt_projects/benjaminfkile/grunt/src/db/migrations/20260426000001_create_app_settings.ts","statementMap":{"0":{"start":{"line":4,"column":2},"end":{"line":8,"column":5}},"1":{"start":{"line":5,"column":4},"end":{"line":5,"column":32}},"2":{"start":{"line":6,"column":4},"end":{"line":6,"column":38}},"3":{"start":{"line":7,"column":4},"end":{"line":7,"column":73}},"4":{"start":{"line":3,"column":0},"end":{"line":3,"column":7}},"5":{"start":{"line":12,"column":2},"end":{"line":12,"column":54}},"6":{"start":{"line":11,"column":0},"end":{"line":11,"column":7}}},"fnMap":{"0":{"name":"up","decl":{"start":{"line":3,"column":22},"end":{"line":3,"column":24}},"loc":{"start":{"line":3,"column":35},"end":{"line":9,"column":1}}},"1":{"name":"(anonymous_1)","decl":{"start":{"line":4,"column":48},"end":{"line":4,"column":49}},"loc":{"start":{"line":4,"column":58},"end":{"line":8,"column":3}}},"2":{"name":"down","decl":{"start":{"line":11,"column":22},"end":{"line":11,"column":26}},"loc":{"start":{"line":11,"column":37},"end":{"line":13,"column":1}}}},"branchMap":{},"s":{"0":4,"1":4,"2":4,"3":4,"4":1,"5":1,"6":1},"f":{"0":4,"1":4,"2":1},"b":{}}
,"/Volumes/X9/Ben/dev/grunt_projects/benjaminfkile/grunt/src/routers/chatRouter.ts": {"path":"/Volumes/X9/Ben/dev/grunt_projects/benjaminfkile/grunt/src/routers/chatRouter.ts","statementMap":{"0":{"start":{"line":1,"column":0},"end":{"line":1,"column":53}},"1":{"start":{"line":2,"column":0},"end":{"line":2,"column":33}},"2":{"start":{"line":3,"column":0},"end":{"line":3,"column":38}},"3":{"start":{"line":4,"column":0},"end":{"line":4,"column":null}},"4":{"start":{"line":12,"column":43},"end":{"line":12,"column":64}},"5":{"start":{"line":14,"column":19},"end":{"line":14,"column":35}},"6":{"start":{"line":18,"column":0},"end":{"line":123,"column":3}},"7":{"start":{"line":19,"column":32},"end":{"line":19,"column":null}},"8":{"start":{"line":24,"column":2},"end":{"line":28,"column":null}},"9":{"start":{"line":25,"column":4},"end":{"line":27,"column":61}},"10":{"start":{"line":30,"column":35},"end":{"line":30,"column":37}},"11":{"start":{"line":31,"column":2},"end":{"line":49,"column":null}},"12":{"start":{"line":32,"column":4},"end":{"line":34,"column":null}},"13":{"start":{"line":33,"column":6},"end":{"line":33,"column":70}},"14":{"start":{"line":35,"column":18},"end":{"line":35,"column":60}},"15":{"start":{"line":36,"column":4},"end":{"line":41,"column":null}},"16":{"start":{"line":40,"column":6},"end":{"line":40,"column":69}},"17":{"start":{"line":42,"column":4},"end":{"line":44,"column":null}},"18":{"start":{"line":43,"column":6},"end":{"line":43,"column":72}},"19":{"start":{"line":45,"column":4},"end":{"line":48,"column":7}},"20":{"start":{"line":51,"column":33},"end":{"line":51,"column":37}},"21":{"start":{"line":52,"column":2},"end":{"line":59,"column":null}},"22":{"start":{"line":54,"column":6},"end":{"line":54,"column":75}},"23":{"start":{"line":55,"column":4},"end":{"line":57,"column":null}},"24":{"start":{"line":56,"column":6},"end":{"line":56,"column":64}},"25":{"start":{"line":58,"column":4},"end":{"line":58,"column":23}},"26":{"start":{"line":61,"column":17},"end":{"line":61,"column":49}},"27":{"start":{"line":62,"column":2},"end":{"line":66,"column":null}},"28":{"start":{"line":63,"column":4},"end":{"line":65,"column":59}},"29":{"start":{"line":69,"column":2},"end":{"line":73,"column":null}},"30":{"start":{"line":70,"column":4},"end":{"line":70,"column":56}},"31":{"start":{"line":72,"column":4},"end":{"line":72,"column":67}},"32":{"start":{"line":75,"column":17},"end":{"line":75,"column":43}},"33":{"start":{"line":77,"column":2},"end":{"line":77,"column":53}},"34":{"start":{"line":78,"column":2},"end":{"line":78,"column":45}},"35":{"start":{"line":79,"column":2},"end":{"line":79,"column":44}},"36":{"start":{"line":80,"column":2},"end":{"line":80,"column":23}},"37":{"start":{"line":82,"column":16},"end":{"line":82,"column":21}},"38":{"start":{"line":83,"column":2},"end":{"line":85,"column":5}},"39":{"start":{"line":84,"column":4},"end":{"line":84,"column":19}},"40":{"start":{"line":87,"column":2},"end":{"line":121,"column":null}},"41":{"start":{"line":88,"column":4},"end":{"line":109,"column":null}},"42":{"start":{"line":94,"column":6},"end":{"line":94,"column":25}},"43":{"start":{"line":94,"column":19},"end":{"line":94,"column":25}},"44":{"start":{"line":95,"column":6},"end":{"line":108,"column":null}},"45":{"start":{"line":96,"column":8},"end":{"line":96,"column":36}},"46":{"start":{"line":97,"column":8},"end":{"line":97,"column":71}},"47":{"start":{"line":98,"column":13},"end":{"line":108,"column":null}},"48":{"start":{"line":99,"column":8},"end":{"line":99,"column":39}},"49":{"start":{"line":100,"column":8},"end":{"line":102,"column":10}},"50":{"start":{"line":103,"column":13},"end":{"line":108,"column":null}},"51":{"start":{"line":104,"column":8},"end":{"line":104,"column":45}},"52":{"start":{"line":105,"column":8},"end":{"line":107,"column":10}},"53":{"start":{"line":110,"column":4},"end":{"line":113,"column":null}},"54":{"start":{"line":111,"column":6},"end":{"line":111,"column":33}},"55":{"start":{"line":112,"column":6},"end":{"line":112,"column":32}},"56":{"start":{"line":115,"column":4},"end":{"line":115,"column":32}},"57":{"start":{"line":116,"column":4},"end":{"line":118,"column":6}},"58":{"start":{"line":120,"column":4},"end":{"line":120,"column":14}},"59":{"start":{"line":122,"column":2},"end":{"line":122,"column":9}},"60":{"start":{"line":125,"column":0},"end":{"line":125,"column":26}}},"fnMap":{"0":{"name":"(anonymous_7)","decl":{"start":{"line":18,"column":21},"end":{"line":18,"column":26}},"loc":{"start":{"line":18,"column":59},"end":{"line":123,"column":1}}},"1":{"name":"(anonymous_8)","decl":{"start":{"line":83,"column":18},"end":{"line":83,"column":21}},"loc":{"start":{"line":83,"column":23},"end":{"line":85,"column":3}}}},"branchMap":{"0":{"loc":{"start":{"line":24,"column":2},"end":{"line":28,"column":null}},"type":"if","locations":[{"start":{"line":24,"column":2},"end":{"line":28,"column":null}}]},"1":{"loc":{"start":{"line":24,"column":6},"end":{"line":24,"column":55}},"type":"binary-expr","locations":[{"start":{"line":24,"column":6},"end":{"line":24,"column":30}},{"start":{"line":24,"column":34},"end":{"line":24,"column":55}}]},"2":{"loc":{"start":{"line":32,"column":4},"end":{"line":34,"column":null}},"type":"if","locations":[{"start":{"line":32,"column":4},"end":{"line":34,"column":null}}]},"3":{"loc":{"start":{"line":32,"column":8},"end":{"line":32,"column":35}},"type":"binary-expr","locations":[{"start":{"line":32,"column":8},"end":{"line":32,"column":10}},{"start":{"line":32,"column":14},"end":{"line":32,"column":35}}]},"4":{"loc":{"start":{"line":36,"column":4},"end":{"line":41,"column":null}},"type":"if","locations":[{"start":{"line":36,"column":4},"end":{"line":41,"column":null}}]},"5":{"loc":{"start":{"line":37,"column":6},"end":{"line":38,"column":62}},"type":"binary-expr","locations":[{"start":{"line":37,"column":6},"end":{"line":37,"column":36}},{"start":{"line":38,"column":6},"end":{"line":38,"column":62}}]},"6":{"loc":{"start":{"line":42,"column":4},"end":{"line":44,"column":null}},"type":"if","locations":[{"start":{"line":42,"column":4},"end":{"line":44,"column":null}}]},"7":{"loc":{"start":{"line":42,"column":8},"end":{"line":42,"column":71}},"type":"binary-expr","locations":[{"start":{"line":42,"column":8},"end":{"line":42,"column":41}},{"start":{"line":42,"column":45},"end":{"line":42,"column":71}}]},"8":{"loc":{"start":{"line":52,"column":2},"end":{"line":59,"column":null}},"type":"if","locations":[{"start":{"line":52,"column":2},"end":{"line":59,"column":null}}]},"9":{"loc":{"start":{"line":54,"column":6},"end":{"line":54,"column":75}},"type":"cond-expr","locations":[{"start":{"line":54,"column":36},"end":{"line":54,"column":43}},{"start":{"line":54,"column":46},"end":{"line":54,"column":75}}]},"10":{"loc":{"start":{"line":55,"column":4},"end":{"line":57,"column":null}},"type":"if","locations":[{"start":{"line":55,"column":4},"end":{"line":57,"column":null}}]},"11":{"loc":{"start":{"line":62,"column":2},"end":{"line":66,"column":null}},"type":"if","locations":[{"start":{"line":62,"column":2},"end":{"line":66,"column":null}}]},"12":{"loc":{"start":{"line":80,"column":2},"end":{"line":80,"column":22}},"type":"cond-expr","locations":[{"start":{"line":80,"column":18},"end":{"line":80,"column":22}},{"start":{"line":80,"column":18},"end":{"line":80,"column":22}}]},"13":{"loc":{"start":{"line":80,"column":2},"end":{"line":80,"column":22}},"type":"binary-expr","locations":[{"start":{"line":80,"column":2},"end":{"line":80,"column":22}},{"start":{"line":80,"column":18},"end":{"line":80,"column":22}}]},"14":{"loc":{"start":{"line":94,"column":6},"end":{"line":94,"column":25}},"type":"if","locations":[{"start":{"line":94,"column":6},"end":{"line":94,"column":25}}]},"15":{"loc":{"start":{"line":95,"column":6},"end":{"line":108,"column":null}},"type":"if","locations":[{"start":{"line":95,"column":6},"end":{"line":108,"column":null}},{"start":{"line":98,"column":13},"end":{"line":108,"column":null}}]},"16":{"loc":{"start":{"line":98,"column":13},"end":{"line":108,"column":null}},"type":"if","locations":[{"start":{"line":98,"column":13},"end":{"line":108,"column":null}},{"start":{"line":103,"column":13},"end":{"line":108,"column":null}}]},"17":{"loc":{"start":{"line":103,"column":13},"end":{"line":108,"column":null}},"type":"if","locations":[{"start":{"line":103,"column":13},"end":{"line":108,"column":null}}]},"18":{"loc":{"start":{"line":110,"column":4},"end":{"line":113,"column":null}},"type":"if","locations":[{"start":{"line":110,"column":4},"end":{"line":113,"column":null}}]}},"s":{"0":9,"1":9,"2":9,"3":9,"4":9,"5":9,"6":9,"7":21,"8":21,"9":2,"10":19,"11":19,"12":23,"13":0,"14":23,"15":23,"16":1,"17":22,"18":1,"19":21,"20":17,"21":17,"22":3,"23":3,"24":1,"25":2,"26":16,"27":16,"28":1,"29":15,"30":15,"31":0,"32":15,"33":15,"34":15,"35":15,"36":15,"37":15,"38":15,"39":0,"40":15,"41":15,"42":21,"43":0,"44":21,"45":16,"46":16,"47":5,"48":3,"49":3,"50":2,"51":2,"52":2,"53":13,"54":13,"55":13,"56":2,"57":2,"58":15,"59":15,"60":9},"f":{"0":21,"1":0},"b":{"0":[2],"1":[21,20],"2":[0],"3":[23,23],"4":[1],"5":[23,23],"6":[1],"7":[22,22],"8":[3],"9":[2,1],"10":[1],"11":[1],"12":[0,15],"13":[15,15],"14":[0],"15":[16,5],"16":[3,2],"17":[2],"18":[13]}}
,"/Volumes/X9/Ben/dev/grunt_projects/benjaminfkile/grunt/src/routers/healthRouter.ts": {"path":"/Volumes/X9/Ben/dev/grunt_projects/benjaminfkile/grunt/src/routers/healthRouter.ts","statementMap":{"0":{"start":{"line":1,"column":0},"end":{"line":1,"column":53}},"1":{"start":{"line":2,"column":0},"end":{"line":2,"column":33}},"2":{"start":{"line":3,"column":0},"end":{"line":3,"column":34}},"3":{"start":{"line":5,"column":21},"end":{"line":5,"column":37}},"4":{"start":{"line":12,"column":0},"end":{"line":31,"column":3}},"5":{"start":{"line":13,"column":2},"end":{"line":30,"column":null}},"6":{"start":{"line":14,"column":20},"end":{"line":14,"column":48}},"7":{"start":{"line":16,"column":15},"end":{"line":16,"column":22}},"8":{"start":{"line":17,"column":21},"end":{"line":17,"column":68}},"9":{"start":{"line":19,"column":4},"end":{"line":23,"column":7}},"10":{"start":{"line":25,"column":4},"end":{"line":29,"column":7}},"11":{"start":{"line":33,"column":0},"end":{"line":33,"column":28}}},"fnMap":{"0":{"name":"(anonymous_1)","decl":{"start":{"line":12,"column":28},"end":{"line":12,"column":33}},"loc":{"start":{"line":12,"column":66},"end":{"line":31,"column":1}}}},"branchMap":{},"s":{"0":9,"1":9,"2":9,"3":9,"4":9,"5":3,"6":3,"7":3,"8":3,"9":3,"10":0,"11":9},"f":{"0":3},"b":{}}
,"/Volumes/X9/Ben/dev/grunt_projects/benjaminfkile/grunt/src/routers/reposRouter.ts": {"path":"/Volumes/X9/Ben/dev/grunt_projects/benjaminfkile/grunt/src/routers/reposRouter.ts","statementMap":{"0":{"start":{"line":1,"column":0},"end":{"line":1,"column":53}},"1":{"start":{"line":2,"column":0},"end":{"line":2,"column":25}},"2":{"start":{"line":3,"column":0},"end":{"line":3,"column":33}},"3":{"start":{"line":4,"column":0},"end":{"line":4,"column":null}},"4":{"start":{"line":18,"column":0},"end":{"line":18,"column":67}},"5":{"start":{"line":19,"column":0},"end":{"line":19,"column":71}},"6":{"start":{"line":20,"column":0},"end":{"line":20,"column":49}},"7":{"start":{"line":21,"column":0},"end":{"line":21,"column":54}},"8":{"start":{"line":22,"column":0},"end":{"line":22,"column":56}},"9":{"start":{"line":23,"column":0},"end":{"line":23,"column":null}},"10":{"start":{"line":31,"column":42},"end":{"line":36,"column":2}},"11":{"start":{"line":37,"column":60},"end":{"line":41,"column":2}},"12":{"start":{"line":42,"column":44},"end":{"line":42,"column":70}},"13":{"start":{"line":43,"column":45},"end":{"line":43,"column":73}},"14":{"start":{"line":46,"column":2},"end":{"line":48,"column":null}},"15":{"start":{"line":47,"column":4},"end":{"line":47,"column":46}},"16":{"start":{"line":49,"column":15},"end":{"line":49,"column":32}},"17":{"start":{"line":50,"column":30},"end":{"line":50,"column":32}},"18":{"start":{"line":51,"column":2},"end":{"line":59,"column":null}},"19":{"start":{"line":52,"column":4},"end":{"line":54,"column":null}},"20":{"start":{"line":53,"column":6},"end":{"line":53,"column":51}},"21":{"start":{"line":55,"column":4},"end":{"line":58,"column":null}},"22":{"start":{"line":56,"column":6},"end":{"line":56,"column":18}},"23":{"start":{"line":57,"column":6},"end":{"line":57,"column":34}},"24":{"start":{"line":60,"column":2},"end":{"line":60,"column":13}},"25":{"start":{"line":64,"column":2},"end":{"line":64,"column":65}},"26":{"start":{"line":64,"column":52},"end":{"line":64,"column":65}},"27":{"start":{"line":65,"column":2},"end":{"line":70,"column":null}},"28":{"start":{"line":66,"column":19},"end":{"line":66,"column":31}},"29":{"start":{"line":67,"column":4},"end":{"line":67,"column":71}},"30":{"start":{"line":69,"column":4},"end":{"line":69,"column":17}},"31":{"start":{"line":73,"column":20},"end":{"line":73,"column":36}},"32":{"start":{"line":76,"column":0},"end":{"line":84,"column":3}},"33":{"start":{"line":77,"column":2},"end":{"line":83,"column":null}},"34":{"start":{"line":78,"column":15},"end":{"line":78,"column":22}},"35":{"start":{"line":79,"column":18},"end":{"line":79,"column":39}},"36":{"start":{"line":80,"column":4},"end":{"line":80,"column":39}},"37":{"start":{"line":82,"column":4},"end":{"line":82,"column":67}},"38":{"start":{"line":87,"column":0},"end":{"line":232,"column":3}},"39":{"start":{"line":88,"column":2},"end":{"line":231,"column":null}},"40":{"start":{"line":89,"column":15},"end":{"line":89,"column":22}},"41":{"start":{"line":105,"column":8},"end":{"line":105,"column":null}},"42":{"start":{"line":121,"column":4},"end":{"line":123,"column":null}},"43":{"start":{"line":122,"column":6},"end":{"line":122,"column":81}},"44":{"start":{"line":125,"column":4},"end":{"line":138,"column":null}},"45":{"start":{"line":126,"column":6},"end":{"line":130,"column":null}},"46":{"start":{"line":127,"column":8},"end":{"line":129,"column":82}},"47":{"start":{"line":131,"column":6},"end":{"line":137,"column":null}},"48":{"start":{"line":132,"column":8},"end":{"line":132,"column":53}},"49":{"start":{"line":134,"column":8},"end":{"line":136,"column":11}},"50":{"start":{"line":140,"column":4},"end":{"line":142,"column":null}},"51":{"start":{"line":141,"column":6},"end":{"line":141,"column":67}},"52":{"start":{"line":143,"column":4},"end":{"line":148,"column":null}},"53":{"start":{"line":147,"column":6},"end":{"line":147,"column":77}},"54":{"start":{"line":149,"column":4},"end":{"line":156,"column":null}},"55":{"start":{"line":153,"column":6},"end":{"line":155,"column":71}},"56":{"start":{"line":157,"column":4},"end":{"line":162,"column":null}},"57":{"start":{"line":161,"column":6},"end":{"line":161,"column":70}},"58":{"start":{"li
[...]
olumn":2},"end":{"line":60,"column":null}},"30":{"start":{"line":59,"column":4},"end":{"line":59,"column":54}},"31":{"start":{"line":61,"column":2},"end":{"line":61,"column":21}},"32":{"start":{"line":15,"column":0},"end":{"line":15,"column":7}},"33":{"start":{"line":69,"column":33},"end":{"line":69,"column":54}},"34":{"start":{"line":70,"column":2},"end":{"line":72,"column":null}},"35":{"start":{"line":71,"column":4},"end":{"line":71,"column":40}},"36":{"start":{"line":74,"column":19},"end":{"line":74,"column":57}},"37":{"start":{"line":75,"column":2},"end":{"line":77,"column":null}},"38":{"start":{"line":76,"column":4},"end":{"line":76,"column":66}},"39":{"start":{"line":76,"column":51},"end":{"line":76,"column":64}},"40":{"start":{"line":79,"column":19},"end":{"line":79,"column":46}},"41":{"start":{"line":80,"column":2},"end":{"line":86,"column":null}},"42":{"start":{"line":81,"column":43},"end":{"line":81,"column":45}},"43":{"start":{"line":82,"column":4},"end":{"line":84,"column":null}},"44":{"start":{"line":83,"column":6},"end":{"line":83,"column":60}},"45":{"start":{"line":85,"column":4},"end":{"line":85,"column":31}},"46":{"start":{"line":88,"column":2},"end":{"line":88,"column":14}}},"fnMap":{"0":{"name":"buildTemplateFromRepo","decl":{"start":{"line":15,"column":22},"end":{"line":15,"column":43}},"loc":{"start":{"line":18,"column":24},"end":{"line":62,"column":1}}},"1":{"name":"(anonymous_1)","decl":{"start":{"line":33,"column":14},"end":{"line":33,"column":15}},"loc":{"start":{"line":33,"column":24},"end":{"line":33,"column":59}}},"2":{"name":"(anonymous_2)","decl":{"start":{"line":39,"column":38},"end":{"line":39,"column":39}},"loc":{"start":{"line":39,"column":45},"end":{"line":39,"column":54}}},"3":{"name":"buildNode","decl":{"start":{"line":64,"column":15},"end":{"line":64,"column":24}},"loc":{"start":{"line":67,"column":38},"end":{"line":89,"column":1}}},"4":{"name":"(anonymous_4)","decl":{"start":{"line":76,"column":44},"end":{"line":76,"column":45}},"loc":{"start":{"line":76,"column":51},"end":{"line":76,"column":64}}}},"branchMap":{"0":{"loc":{"start":{"line":21,"column":2},"end":{"line":23,"column":null}},"type":"if","locations":[{"start":{"line":21,"column":2},"end":{"line":23,"column":null}}]},"1":{"loc":{"start":{"line":27,"column":16},"end":{"line":27,"column":35}},"type":"cond-expr","locations":[{"start":{"line":27,"column":27},"end":{"line":27,"column":31}},{"start":{"line":27,"column":31},"end":{"line":27,"column":35}}]},"2":{"loc":{"start":{"line":27,"column":16},"end":{"line":27,"column":31}},"type":"binary-expr","locations":[{"start":{"line":27,"column":16},"end":{"line":27,"column":31}},{"start":{"line":27,"column":27},"end":{"line":27,"column":31}}]},"3":{"loc":{"start":{"line":28,"column":17},"end":{"line":28,"column":40}},"type":"cond-expr","locations":[{"start":{"line":28,"column":34},"end":{"line":28,"column":38}},{"start":{"line":28,"column":38},"end":{"line":28,"column":40}}]},"4":{"loc":{"start":{"line":28,"column":17},"end":{"line":28,"column":38}},"type":"binary-expr","locations":[{"start":{"line":28,"column":17},"end":{"line":28,"column":38}},{"start":{"line":28,"column":34},"end":{"line":28,"column":38}}]},"5":{"loc":{"start":{"line":36,"column":19},"end":{"line":36,"column":43}},"type":"cond-expr","locations":[{"start":{"line":36,"column":37},"end":{"line":36,"column":41}},{"start":{"line":36,"column":41},"end":{"line":36,"column":43}}]},"6":{"loc":{"start":{"line":36,"column":19},"end":{"line":36,"column":41}},"type":"binary-expr","locations":[{"start":{"line":36,"column":19},"end":{"line":36,"column":41}},{"start":{"line":36,"column":37},"end":{"line":36,"column":41}}]},"7":{"loc":{"start":{"line":38,"column":2},"end":{"line":51,"column":null}},"type":"if","locations":[{"start":{"line":38,"column":2},"end":{"line":51,"column":null}}]},"8":{"loc":{"start":{"line":38,"column":6},"end":{"line":38,"column":43}},"type":"binary-expr","locations":[{"start":{"line":38,"column":6},"end":{"line":38,"column":17}},{"start":{"line":38,"column":21},"end":{"line":38,"column":43}}]},"9":{"loc":{"start":{"line":43,"column":6},"end":{"line":47,"column":null}},"type":"if","locations":[{"start":{"line":43,"column":6},"end":{"line":47,"column":null}}]},"10":{"loc":{"start":{"line":53,"column":2},"end":{"line":55,"column":null}},"type":"if","locations":[{"start":{"line":53,"column":2},"end":{"line":55,"column":null}}]},"11":{"loc":{"start":{"line":70,"column":2},"end":{"line":72,"column":null}},"type":"if","locations":[{"start":{"line":70,"column":2},"end":{"line":72,"column":null}}]},"12":{"loc":{"start":{"line":70,"column":6},"end":{"line":70,"column":53}},"type":"binary-expr","locations":[{"start":{"line":70,"column":6},"end":{"line":70,"column":22}},{"start":{"line":70,"column":26},"end":{"line":70,"column":53}}]},"13":{"loc":{"start":{"line":75,"column":2},"end":{"line":77,"column":null}},"type":"if","locations":[{"start":{"line":75,"column":2},"end":{"line":77,"column":null}}]},"14":{"loc":{"start":{"line":79,"column":19},"end":{"line":79,"column":46}},"type":"cond-expr","locations":[{"start":{"line":79,"column":40},"end":{"line":79,"column":44}},{"start":{"line":79,"column":44},"end":{"line":79,"column":46}}]},"15":{"loc":{"start":{"line":79,"column":19},"end":{"line":79,"column":44}},"type":"binary-expr","locations":[{"start":{"line":79,"column":19},"end":{"line":79,"column":44}},{"start":{"line":79,"column":40},"end":{"line":79,"column":44}}]},"16":{"loc":{"start":{"line":80,"column":2},"end":{"line":86,"column":null}},"type":"if","locations":[{"start":{"line":80,"column":2},"end":{"line":86,"column":null}}]}},"s":{"0":11,"1":11,"2":10,"3":10,"4":1,"5":9,"6":9,"7":32,"8":32,"9":32,"10":32,"11":9,"12":19,"13":13,"14":9,"15":9,"16":9,"17":2,"18":4,"19":2,"20":2,"21":3,"22":3,"23":1,"24":2,"25":1,"26":8,"27":0,"28":8,"29":8,"30":14,"31":8,"32":11,"33":29,"34":29,"35":10,"36":29,"37":29,"38":3,"39":5,"40":29,"41":29,"42":9,"43":9,"44":15,"45":9,"46":29},"f":{"0":10,"1":13,"2":4,"3":29,"4":5},"b":{"0":[1],"1":[16,16],"2":[32,16],"3":[13,19],"4":[32,32],"5":[9,0],"6":[9,9],"7":[2],"8":[9,2],"9":[1],"10":[0],"11":[10],"12":[29,10],"13":[3],"14":[9,20],"15":[29,29],"16":[9]}}
,"/Volumes/X9/Ben/dev/grunt_projects/benjaminfkile/grunt/src/services/taskTreeMaterializer.ts": {"path":"/Volumes/X9/Ben/dev/grunt_projects/benjaminfkile/grunt/src/services/taskTreeMaterializer.ts","statementMap":{"0":{"start":{"line":2,"column":0},"end":{"line":2,"column":59}},"1":{"start":{"line":3,"column":0},"end":{"line":3,"column":41}},"2":{"start":{"line":29,"column":2},"end":{"line":37,"column":5}},"3":{"start":{"line":30,"column":44},"end":{"line":30,"column":46}},"4":{"start":{"line":31,"column":4},"end":{"line":35,"column":null}},"5":{"start":{"line":31,"column":17},"end":{"line":31,"column":18}},"6":{"start":{"line":32,"column":6},"end":{"line":34,"column":8}},"7":{"start":{"line":36,"column":4},"end":{"line":36,"column":23}},"8":{"start":{"line":24,"column":0},"end":{"line":24,"column":7}},"9":{"start":{"line":47,"column":15},"end":{"line":53,"column":4}},"10":{"start":{"line":55,"column":44},"end":{"line":55,"column":46}},"11":{"start":{"line":56,"column":2},"end":{"line":65,"column":null}},"12":{"start":{"line":57,"column":4},"end":{"line":64,"column":null}},"13":{"start":{"line":57,"column":17},"end":{"line":57,"column":18}},"14":{"start":{"line":58,"column":24},"end":{"line":62,"column":8}},"15":{"start":{"line":63,"column":6},"end":{"line":63,"column":49}},"16":{"start":{"line":67,"column":43},"end":{"line":67,"column":45}},"17":{"start":{"line":68,"column":2},"end":{"line":74,"column":null}},"18":{"start":{"line":69,"column":4},"end":{"line":73,"column":null}},"19":{"start":{"line":69,"column":17},"end":{"line":69,"column":18}},"20":{"start":{"line":70,"column":6},"end":{"line":72,"column":8}},"21":{"start":{"line":76,"column":2},"end":{"line":83,"column":4}}},"fnMap":{"0":{"name":"materializeTaskTree","decl":{"start":{"line":24,"column":22},"end":{"line":24,"column":41}},"loc":{"start":{"line":27,"column":28},"end":{"line":38,"column":1}}},"1":{"name":"(anonymous_1)","decl":{"start":{"line":29,"column":24},"end":{"line":29,"column":29}},"loc":{"start":{"line":29,"column":38},"end":{"line":37,"column":3}}},"2":{"name":"materializeNode","decl":{"start":{"line":40,"column":15},"end":{"line":40,"column":30}},"loc":{"start":{"line":45,"column":15},"end":{"line":84,"column":1}}}},"branchMap":{"0":{"loc":{"start":{"line":51,"column":17},"end":{"line":51,"column":39}},"type":"cond-expr","locations":[{"start":{"line":51,"column":33},"end":{"line":51,"column":37}},{"start":{"line":51,"column":37},"end":{"line":51,"column":39}}]},"1":{"loc":{"start":{"line":51,"column":17},"end":{"line":51,"column":37}},"type":"binary-expr","locations":[{"start":{"line":51,"column":17},"end":{"line":51,"column":37}},{"start":{"line":51,"column":33},"end":{"line":51,"column":37}}]},"2":{"loc":{"start":{"line":56,"column":2},"end":{"line":65,"column":null}},"type":"if","locations":[{"start":{"line":56,"column":2},"end":{"line":65,"column":null}}]},"3":{"loc":{"start":{"line":68,"column":2},"end":{"line":74,"column":null}},"type":"if","locations":[{"start":{"line":68,"column":2},"end":{"line":74,"column":null}}]}},"s":{"0":11,"1":11,"2":14,"3":14,"4":14,"5":14,"6":20,"7":8,"8":11,"9":45,"10":41,"11":41,"12":7,"13":7,"14":9,"15":7,"16":39,"17":39,"18":16,"19":16,"20":25,"21":37},"f":{"0":14,"1":14,"2":45},"b":{"0":[13,32],"1":[45,45],"2":[7],"3":[16]}}
,"/Volumes/X9/Ben/dev/grunt_projects/benjaminfkile/grunt/src/services/webhookDelivery.ts": {"path":"/Volumes/X9/Ben/dev/grunt_projects/benjaminfkile/grunt/src/services/webhookDelivery.ts","statementMap":{"0":{"start":{"line":3,"column":0},"end":{"line":3,"column":57}},"1":{"start":{"line":26,"column":13},"end":{"line":26,"column":39}},"2":{"start":{"line":27,"column":25},"end":{"line":27,"column":28}},"3":{"start":{"line":34,"column":20},"end":{"line":36,"column":39}},"4":{"start":{"line":39,"column":4},"end":{"line":43,"column":16}},"5":{"start":{"line":45,"column":2},"end":{"line":59,"column":4}},"6":{"start":{"line":77,"column":14},"end":{"line":77,"column":56}},"7":{"start":{"line":78,"column":18},"end":{"line":78,"column":53}},"8":{"start":{"line":83,"column":2},"end":{"line":112,"column":null}},"9":{"start":{"line":83,"column":21},"end":{"line":83,"column":22}},"10":{"start":{"line":84,"column":4},"end":{"line":107,"column":null}},"11":{"start":{"line":85,"column":18},"end":{"line":89,"column":8}},"12":{"start":{"line":90,"column":6},"end":{"line":90,"column":30}},"13":{"start":{"line":91,"column":6},"end":{"line":93,"column":null}},"14":{"start":{"line":92,"column":8},"end":{"line":92,"column":67}},"15":{"start":{"line":95,"column":6},"end":{"line":102,"column":null}},"16":{"start":{"line":96,"column":8},"end":{"line":101,"column":10}},"17":{"start":{"line":104,"column":6},"end":{"line":104,"column":39}},"18":{"start":{"line":106,"column":6},"end":{"line":106,"column":41}},"19":{"start":{"line":109,"column":4},"end":{"line":111,"column":null}},"20":{"start":{"line":110,"column":6},"end":{"line":110,"column":65}},"21":{"start":{"line":110,"column":31},"end":{"line":110,"column":63}},"22":{"start":{"line":114,"column":2},"end":{"line":114,"column":76}},"23":{"start":{"line":72,"column":0},"end":{"line":72,"column":7}},"24":{"start":{"line":127,"column":2},"end":{"line":135,"column":null}},"25":{"start":{"line":128,"column":4},"end":{"line":128,"column":54}},"26":{"start":{"line":130,"column":4},"end":{"line":133,"column":6}},"27":{"start":{"line":134,"column":4},"end":{"line":134,"column":11}},"28":{"start":{"line":137,"column":18},"end":{"line":138,"column":null}},"29":{"start":{"line":138,"column":11},"end":{"line":138,"column":74}},"30":{"start":{"line":141,"column":2},"end":{"line":141,"column":35}},"31":{"start":{"line":141,"column":28},"end":{"line":141,"column":35}},"32":{"start":{"line":143,"column":18},"end":{"line":143,"column":49}},"33":{"start":{"line":145,"column":2},"end":{"line":161,"column":4}},"34":{"start":{"line":147,"column":6},"end":{"line":159,"column":null}},"35":{"start":{"line":148,"column":23},"end":{"line":148,"column":59}},"36":{"start":{"line":149,"column":8},"end":{"line":153,"column":null}},"37":{"start":{"line":150,"column":10},"end":{"line":152,"column":12}},"38":{"start":{"line":155,"column":8},"end":{"line":158,"column":10}},"39":{"start":{"line":120,"column":0},"end":{"line":120,"column":7}},"40":{"start":{"line":173,"column":2},"end":{"line":178,"column":5}},"41":{"start":{"line":174,"column":4},"end":{"line":177,"column":6}},"42":{"start":{"line":167,"column":0},"end":{"line":167,"column":16}}},"fnMap":{"0":{"name":"buildPayload","decl":{"start":{"line":29,"column":9},"end":{"line":29,"column":21}},"loc":{"start":{"line":32,"column":12},"end":{"line":60,"column":1}}},"1":{"name":"deliverWebhook","decl":{"start":{"line":72,"column":22},"end":{"line":72,"column":36}},"loc":{"start":{"line":75,"column":53},"end":{"line":115,"column":1}}},"2":{"name":"(anonymous_2)","decl":{"start":{"line":110,"column":24},"end":{"line":110,"column":25}},"loc":{"start":{"line":110,"column":31},"end":{"line":110,"column":63}}},"3":{"name":"fireWebhooksForRepo","decl":{"start":{"line":120,"column":22},"end":{"line":120,"column":41}},"loc":{"start":{"line":124,"column":21},"end":{"line":162,"column":1}}},"4":{"name":"(anonymous_4)","decl":{"start":{"line":138,"column":4},"end":{"line":138,"column":5}},"loc":{"start":{"line":138,"column":11},"end":{"line":138,"column":74}}},"5":{"name":"(anonymous_5)","decl":{"start":{"line":146,"column":16},"end":{"line":146,"column":21}},"loc":{"start":{"line":146,"column":28},"end":{"line":160,"column":5}}},"6":{"name":"triggerWebhooks","decl":{"start":{"line":167,"column":16},"end":{"line":167,"column":31}},"loc":{"start":{"line":171,"column":21},"end":{"line":179,"column":1}}},"7":{"name":"(anonymous_7)","decl":{"start":{"line":173,"column":51},"end":{"line":173,"column":52}},"loc":{"start":{"line":173,"column":59},"end":{"line":178,"column":3}}}},"branchMap":{"0":{"loc":{"start":{"line":34,"column":20},"end":{"line":36,"column":39}},"type":"cond-expr","locations":[{"start":{"line":35,"column":6},"end":{"line":35,"column":42}},{"start":{"line":36,"column":6},"end":{"line":36,"column":39}}]},"1":{"loc":{"start":{"line":35,"column":6},"end":{"line":35,"column":42}},"type":"cond-expr","locations":[{"start":{"line":35,"column":21},"end":{"line":35,"column":25}},{"start":{"line":35,"column":25},"end":{"line":35,"column":42}}]},"2":{"loc":{"start":{"line":35,"column":6},"end":{"line":35,"column":25}},"type":"binary-expr","locations":[{"start":{"line":35,"column":6},"end":{"line":35,"column":25}},{"start":{"line":35,"column":21},"end":{"line":35,"column":25}}]},"3":{"loc":{"start":{"line":39,"column":4},"end":{"line":43,"column":16}},"type":"cond-expr","locations":[{"start":{"line":40,"column":8},"end":{"line":40,"column":19}},{"start":{"line":41,"column":8},"end":{"line":43,"column":16}}]},"4":{"loc":{"start":{"line":41,"column":8},"end":{"line":43,"column":16}},"type":"cond-expr","locations":[{"start":{"line":42,"column":8},"end":{"line":42,"column":40}},{"start":{"line":43,"column":8},"end":{"line":43,"column":16}}]},"5":{"loc":{"start":{"line":77,"column":14},"end":{"line":77,"column":56}},"type":"cond-expr","locations":[{"start":{"line":77,"column":31},"end":{"line":77,"column":35}},{"start":{"line":77,"column":35},"end":{"line":77,"column":56}}]},"6":{"loc":{"start":{"line":77,"column":14},"end":{"line":77,"column":35}},"type":"binary-expr","locations":[{"start":{"line":77,"column":14},"end":{"line":77,"column":35}},{"start":{"line":77,"column":31},"end":{"line":77,"column":35}}]},"7":{"loc":{"start":{"line":77,"column":14},"end":{"line":77,"column":31}},"type":"cond-expr","locations":[{"start":{"line":77,"column":18},"end":{"line":77,"column":20}},{"start":{"line":77,"column":14},"end":{"line":77,"column":31}}]},"8":{"loc":{"start":{"line":77,"column":14},"end":{"line":77,"column":20}},"type":"binary-expr","locations":[{"start":{"line":77,"column":14},"end":{"line":77,"column":20}},{"start":{"line":77,"column":14},"end":{"line":77,"column":20}}]},"9":{"loc":{"start":{"line":78,"column":18},"end":{"line":78,"column":53}},"type":"cond-expr","locations":[{"start":{"line":78,"column":33},"end":{"line":78,"column":37}},{"start":{"line":78,"column":37},"end":{"line":78,"column":53}}]},"10":{"loc":{"start":{"line":78,"column":18},"end":{"line":78,"column":37}},"type":"binary-expr","locations":[{"start":{"line":78,"column":18},"end":{"line":78,"column":37}},{"start":{"line":78,"column":33},"end":{"line":78,"column":37}}]},"11":{"loc":{"start":{"line":78,"column":18},"end":{"line":78,"column":33}},"type":"cond-expr","locations":[{"start":{"line":78,"column":22},"end":{"line":78,"column":24}},{"start":{"line":78,"column":18},"end":{"line":78,"column":33}}]},"12":{"loc":{"start":{"line":78,"column":18},"end":{"line":78,"column":24}},"type":"binary-expr","locations":[{"start":{"line":78,"column":18},"end":{"line":78,"column":24}},{"start":{"line":78,"column":18},"end":{"line":78,"column":24}}]},"13":{"loc":{"start":{"line":91,"column":6},"end":{"line":93,"column":null}},"type":"if","locations":[{"start":{"line":91,"column":6},"end":{"line":93,"column":null}}]},"14":{"loc":{"start":{"line":91,"column":10},"end":{"line":91,"column":47}},"type":"binary-expr","locations":[{"start":{"line":91,"column":10},"end":{"line":91,"column":27}},{"start":{"line":91,"column":31},"end":{"line":91,"column":47}}]},"15":{"loc":{"start":{"line":95,"column":6},"end":{"line":102,"column":null}},"type":"if","locations":[{"start":{"line":95,"column":6},"end":{"line":102,"column":null}}]},"16":{"loc":{"start":{"line":95,"column":10},"end":{"line":95,"column":47}},"type":"binary-expr","locations":[{"start":{"line":95,"column":10},"end":{"line":95,"column":27}},{"start":{"line":95,"column":31},"end":{"line":95,"column":47}}]},"17":{"loc":{"start":{"line":109,"column":4},"end":{"line":111,"column":null}},"type":"if","locations":[{"start":{"line":109,"column":4},"end":{"line":111,"column":null}}]},"18":{"loc":{"start":{"line":138,"column":11},"end":{"line":138,"column":74}},"type":"binary-expr","locations":[{"start":{"line":138,"column":11},"end":{"line":138,"column":19}},{"start":{"line":138,"column":23},"end":{"line":138,"column":46}},{"start":{"line":138,"column":50},"end":{"line":138,"column":74}}]},"19":{"loc":{"start":{"line":141,"column":2},"end":{"line":141,"column":35}},"type":"if","locations":[{"start":{"line":141,"column":2},"end":{"line":141,"column":35}}]},"20":{"loc":{"start":{"line":149,"column":8},"end":{"line":153,"column":null}},"type":"if","locations":[{"start":{"line":149,"column":8},"end":{"line":153,"column":null}}]},"21":{"loc":{"start":{"line":151,"column":105},"end":{"line":151,"column":130}},"type":"cond-expr","locations":[{"start":{"line":151,"column":117},"end":{"line":151,"column":121}},{"start":{"line":151,"column":121},"end":{"line":151,"column":130}}]},"22":{"loc":{"start":{"line":151,"column":105},"end":{"line":151,"column":121}},"type":"binary-expr","locations":[{"start":{"line":151,"column":105},"end":{"line":151,"column":121}},{"start":{"line":151,"column":117},"end":{"line":151,"column":121}}]}},"s":{"0":11,"1":11,"2":11,"3":8,"4":8,"5":8,"6":22,"7":22,"8":22,"9":22,"10":43,"11":43,"12":33,"13":33,"14":13,"15":20,"16":2,"17":18,"18":9,"19":27,"20":21,"21":21,"22":6,"23":11,"24":11,"25":11,"26":2,"27":2,"28":9,"29":13,"30":9,"31":1,"32":8,"33":8,"34":10,"35":10,"36":9,"37":2,"38":0,"39":11,"40":2,"41":0,"42":11},"f":{"0":8,"1":22,"2":21,"3":11,"4":13,"5":10,"6":2,"7":0},"b":{"0":[1,7],"1":[1,0],"2":[1,1],"3":[8,0],"4":[0,0],"5":[1,21],"6":[22,22],"7":[16,6],"8":[22,22],"9":[6,16],"10":[22,22],"11":[16,6],"12":[22,22],"13":[13],"14":[33,33],"15":[2],"16":[20,20],"17":[21],"18":[13,12,12],"19":[1],"20":[2],"21":[2,0],"22":[2,2]}}
}
