TN:
SF:src\app.ts
FN:31,(anonymous_1)
FN:37,(anonymous_2)
FN:48,(anonymous_3)
FN:64,errorHandler
FNF:4
FNH:3
FNDA:5,(anonymous_1)
FNDA:10,(anonymous_2)
FNDA:2,(anonymous_3)
FNDA:0,errorHandler
DA:1,5
DA:2,5
DA:3,5
DA:10,5
DA:11,5
DA:12,5
DA:13,5
DA:14,5
DA:16,5
DA:21,5
DA:23,5
DA:24,5
DA:25,5
DA:26,5
DA:31,5
DA:32,5
DA:37,10
DA:39,5
DA:41,5
DA:42,5
DA:48,5
DA:49,2
DA:50,2
DA:51,2
DA:53,0
DA:54,0
DA:55,0
DA:56,0
DA:58,0
DA:64,5
DA:70,0
DA:71,0
DA:73,0
DA:74,0
DA:77,5
LF:35
LH:26
BRDA:37,0,0,5
BRDA:37,0,1,0
BRDA:37,1,0,5
BRDA:37,1,1,5
BRDA:41,2,0,5
BRDA:49,3,0,0
BRDA:50,4,0,2
BRDA:53,5,0,0
BRDA:55,6,0,0
BRDA:55,6,1,0
BRDA:55,7,0,0
BRDA:55,7,1,0
BRDA:55,8,0,0
BRDA:55,8,1,0
BRDA:70,9,0,0
BRF:15
BRH:5
end_of_record
TN:
SF:src\db\acceptanceCriteria.ts
FN:4,getCriteriaByTaskId
FN:13,createCriterion
FN:44,updateCriterion
FN:56,deleteCriterion
FN:63,deleteAllCriteriaForTask
FNF:5
FNH:0
FNDA:0,getCriteriaByTaskId
FNDA:0,createCriterion
FNDA:0,updateCriterion
FNDA:0,deleteCriterion
FNDA:0,deleteAllCriteriaForTask
DA:4,5
DA:8,0
DA:13,5
DA:21,0
DA:23,0
DA:24,0
DA:29,0
DA:30,0
DA:33,0
DA:41,0
DA:44,5
DA:49,0
DA:53,0
DA:56,5
DA:60,0
DA:63,5
DA:67,0
LF:17
LH:5
BRDA:23,0,0,0
BRDA:29,1,0,0
BRDA:29,1,1,0
BRDA:29,2,0,0
BRDA:29,2,1,0
BRDA:30,3,0,0
BRDA:30,3,1,0
BRF:7
BRH:0
end_of_record
TN:
SF:src\db\repos.ts
FN:9,getActiveRepos
FN:13,getAllRepos
FN:17,getRepoById
FN:24,getRepoByOwnerAndName
FN:32,createRepo
FN:54,updateRepo
FN:63,deleteRepo
FNF:7
FNH:0
FNDA:0,getActiveRepos
FNDA:0,getAllRepos
FNDA:0,getRepoById
FNDA:0,getRepoByOwnerAndName
FNDA:0,createRepo
FNDA:0,updateRepo
FNDA:0,deleteRepo
DA:9,5
DA:10,0
DA:13,5
DA:14,0
DA:17,5
DA:21,0
DA:24,5
DA:29,0
DA:32,5
DA:50,0
DA:51,0
DA:54,5
DA:59,0
DA:60,0
DA:63,5
DA:64,0
LF:16
LH:7
BRF:0
BRH:0
end_of_record
TN:
SF:src\db\taskEvents.ts
FN:4,recordEvent
FN:20,getEventsByTaskId
FNF:2
FNH:2
FNDA:3,recordEvent
FNDA:2,getEventsByTaskId
DA:4,6
DA:10,3
DA:17,3
DA:20,6
DA:24,2
LF:5
LH:5
BRDA:14,0,0,1
BRDA:14,0,1,2
BRDA:14,1,0,3
BRDA:14,1,1,3
BRF:4
BRH:4
end_of_record
TN:
SF:src\db\tasks.ts
FN:4,getTasksByRepoId
FN:13,getTaskById
FN:20,getChildTasks
FN:29,createTask
FN:45,(anonymous_4)
FN:73,updateTask
FN:97,deleteTask
FN:101,reconcileOrphanedTasks
FN:118,claimNextPendingLeafTask
FN:124,(anonymous_9)
FN:203,renewTaskLease
FN:216,autoCompleteParentTasks
FNF:12
FNH:12
FNDA:1,getTasksByRepoId
FNDA:1,getTaskById
FNDA:1,getChildTasks
FNDA:5,createTask
FNDA:2,(anonymous_4)
FNDA:1,updateTask
FNDA:1,deleteTask
FNDA:3,reconcileOrphanedTasks
FNDA:15,claimNextPendingLeafTask
FNDA:15,(anonymous_9)
FNDA:2,renewTaskLease
FNDA:8,autoCompleteParentTasks
DA:4,6
DA:8,1
DA:13,6
DA:17,1
DA:20,6
DA:24,1
DA:29,6
DA:40,5
DA:42,5
DA:43,4
DA:46,2
DA:47,1
DA:49,1
DA:55,4
DA:56,4
DA:59,5
DA:70,5
DA:73,6
DA:90,1
DA:94,1
DA:97,6
DA:98,1
DA:101,6
DA:105,3
DA:115,3
DA:118,6
DA:124,15
DA:125,15
DA:199,15
DA:203,6
DA:208,2
DA:216,6
DA:221,8
DA:223,8
DA:224,15
DA:226,15
DA:227,7
DA:247,7
DA:249,7
DA:264,7
DA:265,8
DA:266,3
DA:281,3
DA:283,5
DA:298,5
DA:301,15
DA:302,7
DA:305,8
LF:48
LH:48
BRDA:42,0,0,4
BRDA:46,1,0,1
BRDA:46,1,1,1
BRDA:55,2,0,0
BRDA:55,2,1,4
BRDA:55,3,0,4
BRDA:55,3,1,4
BRDA:56,4,0,3
BRDA:56,4,1,1
BRDA:62,5,0,1
BRDA:62,5,1,4
BRDA:62,6,0,5
BRDA:62,6,1,5
BRDA:64,7,0,0
BRDA:64,7,1,5
BRDA:64,8,0,5
BRDA:64,8,1,5
BRDA:66,9,0,0
BRDA:66,9,1,5
BRDA:66,10,0,5
BRDA:66,10,1,5
BRDA:219,11,0,2
BRDA:226,12,0,7
BRDA:226,12,1,8
BRDA:247,13,0,7
BRDA:247,13,1,0
BRDA:247,14,0,7
BRDA:247,14,1,7
BRDA:264,15,0,7
BRDA:264,15,1,0
BRDA:264,16,0,7
BRDA:264,16,1,7
BRDA:265,17,0,3
BRDA:265,17,1,5
BRDA:281,18,0,3
BRDA:281,18,1,0
BRDA:281,19,0,3
BRDA:281,19,1,3
BRDA:298,20,0,5
BRDA:298,20,1,0
BRDA:298,21,0,5
BRDA:298,21,1,5
BRDA:301,22,0,8
BRF:43
BRH:36
end_of_record
TN:
SF:src\db\workers.ts
FN:11,getActiveWorkers
FNF:1
FNH:0
FNDA:0,getActiveWorkers
DA:11,5
DA:12,0
DA:25,0
LF:3
LH:1
BRF:0
BRH:0
end_of_record
TN:
SF:src\db\migrations\20260425000001_alter_tasks_add_lease.ts
FN:3,up
FN:4,(anonymous_1)
FN:11,down
FN:12,(anonymous_3)
FNF:4
FNH:4
FNDA:2,up
FNDA:2,(anonymous_1)
FNDA:1,down
FNDA:1,(anonymous_3)
DA:3,1
DA:4,2
DA:5,2
DA:6,2
DA:7,2
DA:11,1
DA:12,1
DA:13,1
DA:14,1
DA:15,1
LF:10
LH:10
BRF:0
BRH:0
end_of_record
TN:
SF:src\db\migrations\20260425000002_alter_repos_add_failure_policy.ts
FN:3,up
FN:4,(anonymous_1)
FN:11,down
FN:12,(anonymous_3)
FNF:4
FNH:4
FNDA:4,up
FNDA:4,(anonymous_1)
FNDA:1,down
FNDA:1,(anonymous_3)
DA:3,1
DA:4,4
DA:5,4
DA:6,4
DA:7,4
DA:11,1
DA:12,1
DA:13,1
DA:14,1
DA:15,1
LF:10
LH:10
BRF:0
BRH:0
end_of_record
TN:
SF:src\db\migrations\20260425000003_add_ordering_mode.ts
FN:3,up
FN:4,(anonymous_1)
FN:7,(anonymous_2)
FN:12,down
FN:13,(anonymous_4)
FN:16,(anonymous_5)
FNF:6
FNH:6
FNDA:3,up
FNDA:3,(anonymous_1)
FNDA:3,(anonymous_2)
FNDA:1,down
FNDA:1,(anonymous_4)
FNDA:1,(anonymous_5)
DA:3,1
DA:4,3
DA:5,3
DA:7,3
DA:8,3
DA:12,1
DA:13,1
DA:14,1
DA:16,1
DA:17,1
LF:10
LH:10
BRF:0
BRH:0
end_of_record
TN:
SF:src\db\migrations\20260425000004_create_task_events.ts
FN:3,up
FN:4,(anonymous_1)
FN:20,down
FNF:3
FNH:3
FNDA:7,up
FNDA:7,(anonymous_1)
FNDA:1,down
DA:3,1
DA:4,7
DA:5,7
DA:6,7
DA:12,7
DA:13,7
DA:14,7
DA:16,7
DA:20,1
DA:21,1
LF:10
LH:10
BRF:0
BRH:0
end_of_record
TN:
SF:src\db\migrations\20260425000005_alter_tasks_add_log_path.ts
FN:3,up
FN:4,(anonymous_1)
FN:9,down
FN:10,(anonymous_3)
FNF:4
FNH:4
FNDA:2,up
FNDA:2,(anonymous_1)
FNDA:1,down
FNDA:1,(anonymous_3)
DA:3,1
DA:4,2
DA:5,2
DA:9,1
DA:10,1
DA:11,1
LF:6
LH:6
BRF:0
BRH:0
end_of_record
TN:
SF:src\middleware\protectedRoute.ts
FN:12,(anonymous_1)
FN:13,(anonymous_2)
FNF:2
FNH:2
FNDA:15,(anonymous_1)
FNDA:54,(anonymous_2)
DA:2,5
DA:12,5
DA:13,15
DA:14,54
DA:15,54
DA:16,0
DA:19,54
DA:20,54
DA:21,1
DA:24,53
DA:25,53
DA:26,0
DA:29,53
DA:33,5
LF:14
LH:12
BRDA:15,0,0,0
BRDA:20,1,0,1
BRDA:20,2,0,54
BRDA:20,2,1,53
BRDA:25,3,0,0
BRF:5
BRH:3
end_of_record
TN:
SF:src\routers\healthRouter.ts
FN:12,(anonymous_1)
FNF:1
FNH:1
FNDA:3,(anonymous_1)
DA:1,5
DA:2,5
DA:3,5
DA:5,5
DA:12,5
DA:13,3
DA:14,3
DA:16,3
DA:17,3
DA:19,3
DA:25,0
DA:33,5
LF:12
LH:11
BRF:0
BRH:0
end_of_record
TN:
SF:src\routers\reposRouter.ts
FN:34,(anonymous_1)
FN:45,(anonymous_2)
FN:138,(anonymous_3)
FN:208,(anonymous_4)
FN:228,(anonymous_5)
FNF:5
FNH:4
FNDA:1,(anonymous_1)
FNDA:10,(anonymous_2)
FNDA:7,(anonymous_3)
FNDA:0,(anonymous_4)
FNDA:1,(anonymous_5)
DA:1,5
DA:2,5
DA:3,5
DA:18,5
DA:24,5
DA:29,5
DA:31,5
DA:34,5
DA:35,1
DA:36,1
DA:37,1
DA:38,1
DA:40,0
DA:45,5
DA:46,10
DA:47,10
DA:63,10
DA:79,10
DA:80,0
DA:83,10
DA:84,1
DA:86,9
DA:90,1
DA:92,8
DA:96,1
DA:100,7
DA:104,1
DA:107,6
DA:108,6
DA:109,6
DA:110,0
DA:114,6
DA:115,6
DA:131,6
DA:133,0
DA:138,5
DA:139,7
DA:140,7
DA:141,7
DA:142,0
DA:145,7
DA:146,7
DA:147,0
DA:150,7
DA:151,7
DA:152,7
DA:153,0
DA:156,7
DA:172,7
DA:176,1
DA:178,6
DA:182,1
DA:184,5
DA:188,1
DA:192,4
DA:196,1
DA:199,3
DA:201,3
DA:203,0
DA:208,5
DA:209,0
DA:210,0
DA:211,0
DA:212,0
DA:215,0
DA:216,0
DA:217,0
DA:218,0
DA:221,0
DA:223,0
DA:228,5
DA:229,1
DA:230,1
DA:231,1
DA:232,0
DA:235,1
DA:236,1
DA:237,0
DA:240,1
DA:241,1
DA:242,1
DA:243,0
DA:246,1
DA:247,1
DA:249,0
DA:253,5
LF:86
LH:64
BRDA:79,0,0,0
BRDA:79,1,0,10
BRDA:79,1,1,10
BRDA:79,1,2,10
BRDA:83,2,0,1
BRDA:83,3,0,10
BRDA:83,3,1,2
BRDA:86,4,0,1
BRDA:87,5,0,9
BRDA:87,5,1,2
BRDA:92,6,0,1
BRDA:93,7,0,8
BRDA:93,7,1,2
BRDA:93,7,2,2
BRDA:100,8,0,1
BRDA:101,9,0,7
BRDA:101,9,1,2
BRDA:107,10,0,6
BRDA:109,11,0,0
BRDA:141,12,0,0
BRDA:146,13,0,0
BRDA:152,14,0,0
BRDA:172,15,0,1
BRDA:173,16,0,7
BRDA:173,16,1,2
BRDA:178,17,0,1
BRDA:179,18,0,6
BRDA:179,18,1,2
BRDA:184,19,0,1
BRDA:185,20,0,5
BRDA:185,20,1,2
BRDA:185,20,2,1
BRDA:192,21,0,1
BRDA:193,22,0,4
BRDA:193,22,1,2
BRDA:211,23,0,0
BRDA:217,24,0,0
BRDA:231,25,0,0
BRDA:236,26,0,0
BRDA:242,27,0,0
BRF:40
BRH:30
end_of_record
TN:
SF:src\routers\systemRouter.ts
FN:14,(anonymous_1)
FN:22,(anonymous_2)
FNF:2
FNH:2
FNDA:5,(anonymous_1)
FNDA:4,(anonymous_2)
DA:1,5
DA:2,5
DA:3,5
DA:4,5
DA:7,5
DA:14,5
DA:15,5
DA:16,5
DA:17,5
DA:19,5
DA:20,5
DA:22,4
DA:34,4
DA:40,1
DA:44,5
LF:15
LH:15
BRDA:17,0,0,0
BRDA:17,0,1,5
BRDA:17,1,0,5
BRDA:17,1,1,5
BRDA:28,2,0,3
BRDA:28,2,1,1
BRDA:31,3,0,4
BRDA:31,3,1,3
BRDA:35,4,0,2
BRDA:35,4,1,2
BRDA:36,5,0,2
BRDA:36,5,1,2
BRF:12
BRH:11
end_of_record
TN:
SF:src\routers\tasksRouter.ts
FN:29,(anonymous_7)
FN:40,(anonymous_8)
FN:53,(anonymous_9)
FN:68,(anonymous_10)
FN:82,(anonymous_11)
FN:143,(anonymous_12)
FN:175,(anonymous_13)
FN:191,(anonymous_14)
FN:212,(anonymous_15)
FN:227,(anonymous_16)
FN:252,(anonymous_17)
FN:260,(anonymous_18)
FN:281,(anonymous_19)
FN:287,(anonymous_20)
FN:299,(anonymous_21)
FN:303,(anonymous_22)
FN:326,(anonymous_23)
FN:344,(anonymous_24)
FN:360,(anonymous_25)
FN:392,(anonymous_26)
FN:417,(anonymous_27)
FNF:21
FNH:19
FNDA:2,(anonymous_7)
FNDA:1,(anonymous_8)
FNDA:2,(anonymous_9)
FNDA:0,(anonymous_10)
FNDA:5,(anonymous_11)
FNDA:3,(anonymous_12)
FNDA:1,(anonymous_13)
FNDA:5,(anonymous_14)
FNDA:0,(anonymous_15)
FNDA:4,(anonymous_16)
FNDA:1,(anonymous_17)
FNDA:6,(anonymous_18)
FNDA:1,(anonymous_19)
FNDA:2,(anonymous_20)
FNDA:4,(anonymous_21)
FNDA:1,(anonymous_22)
FNDA:3,(anonymous_23)
FNDA:1,(anonymous_24)
FNDA:1,(anonymous_25)
FNDA:1,(anonymous_26)
FNDA:1,(anonymous_27)
DA:1,5
DA:2,5
DA:3,5
DA:4,5
DA:12,5
DA:18,5
DA:21,5
DA:22,5
DA:24,5
DA:26,5
DA:29,5
DA:30,2
DA:31,2
DA:32,2
DA:33,1
DA:36,1
DA:37,1
DA:39,1
DA:41,1
DA:42,1
DA:46,1
DA:48,0
DA:53,5
DA:54,2
DA:55,2
DA:56,2
DA:57,1
DA:60,1
DA:61,1
DA:62,1
DA:63,0
DA:66,1
DA:67,1
DA:68,1
DA:75,1
DA:77,0
DA:82,5
DA:83,5
DA:92,5
DA:102,5
DA:103,1
DA:106,4
DA:111,1
DA:114,3
DA:115,3
DA:124,3
DA:125,3
DA:126,1
DA:127,1
DA:132,1
DA:136,3
DA:138,0
DA:143,5
DA:144,3
DA:145,3
DA:146,3
DA:147,0
DA:150,3
DA:158,3
DA:163,1
DA:166,2
DA:167,2
DA:168,2
DA:170,0
DA:175,5
DA:176,1
DA:177,1
DA:178,1
DA:179,0
DA:182,1
DA:183,1
DA:184,1
DA:186,0
DA:191,5
DA:192,5
DA:193,5
DA:194,5
DA:195,1
DA:198,4
DA:199,4
DA:200,4
DA:201,1
DA:203,3
DA:204,1
DA:206,2
DA:207,1
DA:210,1
DA:211,1
DA:212,1
DA:213,0
DA:214,0
DA:216,0
DA:219,1
DA:220,1
DA:222,0
DA:227,5
DA:228,4
DA:229,4
DA:230,4
DA:231,1
DA:234,3
DA:235,3
DA:236,3
DA:237,1
DA:239,2
DA:240,1
DA:243,1
DA:244,1
DA:245,1
DA:246,1
DA:248,1
DA:249,1
DA:250,1
DA:252,1
DA:253,1
DA:254,1
DA:255,2
DA:257,1
DA:260,1
DA:261,6
DA:262,6
DA:263,6
DA:264,6
DA:265,1
DA:266,1
DA:267,1
DA:268,1
DA:269,1
DA:270,1
DA:271,1
DA:273,1
DA:281,1
DA:282,1
DA:283,1
DA:284,1
DA:287,1
DA:288,2
DA:289,1
DA:290,1
DA:291,1
DA:292,1
DA:293,1
DA:299,1
DA:300,4
DA:303,1
DA:304,1
DA:305,1
DA:306,1
DA:307,1
DA:311,1
DA:313,1
DA:315,1
DA:317,0
DA:318,0
DA:320,0
DA:321,0
DA:326,5
DA:327,3
DA:328,3
DA:329,3
DA:330,1
DA:333,2
DA:334,2
DA:335,2
DA:337,0
DA:344,5
DA:345,1
DA:346,1
DA:347,1
DA:348,0
DA:351,1
DA:352,1
DA:353,1
DA:355,0
DA:360,5
DA:361,1
DA:362,1
DA:363,1
DA:364,0
DA:367,1
DA:372,1
DA:373,0
DA:376,1
DA:377,1
DA:383,1
DA:385,0
DA:390,5
DA:393,1
DA:394,1
DA:395,1
DA:396,0
DA:399,1
DA:405,1
DA:406,1
DA:407,1
DA:409,0
DA:415,5
DA:418,1
DA:419,1
DA:420,1
DA:421,0
DA:424,1
DA:425,1
DA:426,1
DA:428,0
DA:433,5
LF:206
LH:180
BRDA:32,0,0,1
BRDA:56,1,0,1
BRDA:62,2,0,0
BRDA:102,3,0,1
BRDA:102,4,0,5
BRDA:102,4,1,4
BRDA:106,5,0,1
BRDA:107,6,0,4
BRDA:107,6,1,2
BRDA:107,6,2,2
BRDA:125,7,0,1
BRDA:125,8,0,3
BRDA:125,8,1,1
BRDA:146,9,0,0
BRDA:158,10,0,1
BRDA:159,11,0,3
BRDA:159,11,1,2
BRDA:159,11,2,2
BRDA:178,12,0,0
BRDA:194,13,0,1
BRDA:200,14,0,1
BRDA:203,15,0,1
BRDA:206,16,0,1
BRDA:213,17,0,0
BRDA:213,17,1,0
BRDA:230,18,0,1
BRDA:236,19,0,1
BRDA:239,20,0,1
BRDA:246,21,0,0
BRDA:246,21,1,1
BRDA:246,22,0,1
BRDA:246,22,1,1
BRDA:261,23,0,0
BRDA:264,24,0,1
BRDA:283,25,0,0
BRDA:284,26,0,1
BRDA:284,26,1,1
BRDA:288,27,0,1
BRDA:305,28,0,1
BRDA:317,29,0,0
BRDA:329,30,0,1
BRDA:347,31,0,0
BRDA:363,32,0,0
BRDA:372,33,0,0
BRDA:395,34,0,0
BRDA:420,35,0,0
BRF:46
BRH:32
end_of_record
TN:
SF:src\services\claudeRunner.ts
FN:8,runClaudeOnTask
FN:49,(anonymous_7)
FN:61,(anonymous_8)
FN:65,(anonymous_9)
FN:70,(anonymous_10)
FN:81,(anonymous_11)
FN:87,(anonymous_12)
FN:93,(anonymous_13)
FN:98,(anonymous_14)
FN:107,(anonymous_15)
FNF:10
FNH:8
FNDA:6,runClaudeOnTask
FNDA:8,(anonymous_7)
FNDA:6,(anonymous_8)
FNDA:6,(anonymous_9)
FNDA:5,(anonymous_10)
FNDA:6,(anonymous_11)
FNDA:2,(anonymous_12)
FNDA:0,(anonymous_13)
FNDA:6,(anonymous_14)
FNDA:0,(anonymous_15)
DA:1,6
DA:2,6
DA:3,6
DA:6,6
DA:8,6
DA:23,6
DA:25,6
DA:26,6
DA:28,6
DA:40,6
DA:42,6
DA:43,6
DA:44,5
DA:45,5
DA:48,6
DA:49,6
DA:50,8
DA:51,5
DA:52,5
DA:53,1
DA:54,1
DA:56,0
DA:61,6
DA:62,6
DA:63,6
DA:65,6
DA:66,6
DA:67,6
DA:68,6
DA:69,5
DA:70,5
DA:72,1
DA:76,6
DA:81,6
DA:82,6
DA:83,6
DA:84,6
DA:87,6
DA:88,2
DA:89,2
DA:90,2
DA:93,6
DA:94,0
DA:95,0
DA:98,6
DA:99,6
DA:100,6
DA:101,5
DA:103,1
DA:107,6
DA:108,0
DA:109,0
DA:110,0
LF:53
LH:47
BRDA:26,0,0,0
BRDA:40,1,0,0
BRDA:40,1,1,6
BRDA:40,2,0,6
BRDA:40,2,1,6
BRDA:40,3,0,0
BRDA:40,3,1,6
BRDA:40,4,0,6
BRDA:40,4,1,6
BRDA:43,5,0,5
BRDA:50,6,0,3
BRDA:52,7,0,1
BRDA:66,8,0,0
BRDA:68,9,0,5
BRDA:68,9,1,1
BRDA:84,10,0,5
BRDA:90,11,0,2
BRDA:100,12,0,5
BRDA:100,12,1,1
BRF:19
BRH:15
end_of_record
TN:
SF:src\services\git.ts
FN:5,repoPath
FN:9,cloneOrPull
FN:26,checkoutBaseBranch
FN:53,createIssueBranch
FN:71,commitAndPush
FN:89,mergeIntoBase
FN:108,createTaskBranch
FN:127,commitAndPushTask
FN:144,mergeTaskIntoBase
FN:162,hasUncommittedChanges
FNF:10
FNH:10
FNDA:31,repoPath
FNDA:2,cloneOrPull
FNDA:6,checkoutBaseBranch
FNDA:2,createIssueBranch
FNDA:1,commitAndPush
FNDA:1,mergeIntoBase
FNDA:8,createTaskBranch
FNDA:3,commitAndPushTask
FNDA:1,mergeTaskIntoBase
FNDA:7,hasUncommittedChanges
DA:1,6
DA:2,6
DA:3,6
DA:6,31
DA:9,6
DA:15,2
DA:16,2
DA:17,1
DA:18,1
DA:19,1
DA:20,1
DA:22,1
DA:26,6
DA:33,6
DA:35,6
DA:36,6
DA:37,4
DA:38,4
DA:39,1
DA:40,1
DA:42,3
DA:43,3
DA:44,3
DA:45,3
DA:49,6
DA:50,6
DA:53,6
DA:60,2
DA:61,2
DA:63,2
DA:64,2
DA:65,1
DA:68,2
DA:71,6
DA:79,1
DA:80,1
DA:81,1
DA:83,1
DA:84,1
DA:85,1
DA:86,1
DA:89,6
DA:97,1
DA:98,1
DA:99,1
DA:101,1
DA:102,1
DA:103,1
DA:104,1
DA:105,1
DA:108,6
DA:115,8
DA:116,8
DA:118,8
DA:119,8
DA:120,2
DA:123,8
DA:124,8
DA:127,6
DA:135,3
DA:136,3
DA:138,3
DA:139,3
DA:140,3
DA:141,3
DA:144,6
DA:152,1
DA:153,1
DA:155,1
DA:156,1
DA:157,1
DA:158,1
DA:159,1
DA:162,6
DA:167,7
DA:168,7
DA:169,7
LF:77
LH:77
BRDA:16,0,0,1
BRDA:16,0,1,1
BRDA:36,1,0,4
BRDA:38,2,0,1
BRDA:38,2,1,3
BRDA:38,3,0,4
BRDA:38,3,1,2
BRDA:64,4,0,1
BRDA:119,5,0,2
BRDA:170,6,0,7
BRDA:170,6,1,6
BRDA:170,6,2,5
BRDA:170,6,3,4
BRDA:170,6,4,3
BRDA:170,6,5,2
BRF:15
BRH:15
end_of_record
TN:
SF:src\services\github.ts
FN:3,createPullRequest
FNF:1
FNH:0
FNDA:0,createPullRequest
DA:1,5
DA:3,5
DA:12,0
DA:13,0
DA:18,0
DA:20,0
DA:29,0
LF:7
LH:2
BRDA:12,0,0,0
BRF:1
BRH:0
end_of_record
TN:
SF:src\services\scheduler.ts
FN:13,buildWorkQueue
FN:34,startScheduler
FN:42,runCycle
FNF:3
FNH:1
FNDA:5,buildWorkQueue
FNDA:0,startScheduler
FNDA:0,runCycle
DA:2,6
DA:4,6
DA:5,6
DA:6,6
DA:7,6
DA:9,6
DA:11,6
DA:13,6
DA:18,5
DA:19,5
DA:21,5
DA:22,9
DA:23,9
DA:24,7
DA:25,7
DA:29,5
DA:32,6
DA:34,6
DA:35,0
DA:36,0
DA:37,0
DA:39,0
DA:40,0
DA:43,0
DA:44,0
DA:45,0
DA:47,0
DA:48,0
DA:49,0
DA:50,0
DA:51,0
DA:54,0
DA:56,0
DA:57,0
DA:58,0
DA:59,0
DA:62,0
DA:66,0
DA:70,0
DA:74,0
DA:75,0
LF:41
LH:18
BRDA:15,0,0,1
BRDA:16,1,0,1
BRDA:23,2,0,7
BRDA:35,3,0,0
BRDA:39,4,0,0
BRDA:39,4,1,0
BRDA:39,5,0,0
BRDA:39,5,1,0
BRDA:40,6,0,0
BRDA:40,6,1,0
BRDA:40,7,0,0
BRDA:40,7,1,0
BRDA:43,8,0,0
BRDA:58,9,0,0
BRF:14
BRH:3
end_of_record
TN:
SF:src\services\taskRunner.ts
FN:29,runTask
FN:44,(anonymous_7)
FN:45,(anonymous_8)
FN:60,runTaskBody
FN:79,(anonymous_10)
FN:81,(anonymous_11)
FN:89,(anonymous_12)
FN:97,(anonymous_13)
FN:154,(anonymous_14)
FN:155,(anonymous_15)
FN:191,(anonymous_16)
FNF:11
FNH:4
FNDA:15,runTask
FNDA:3,(anonymous_7)
FNDA:0,(anonymous_8)
FNDA:14,runTaskBody
FNDA:0,(anonymous_10)
FNDA:0,(anonymous_11)
FNDA:0,(anonymous_12)
FNDA:0,(anonymous_13)
FNDA:1,(anonymous_14)
FNDA:0,(anonymous_15)
FNDA:0,(anonymous_16)
DA:2,6
DA:4,6
DA:5,6
DA:12,6
DA:13,6
DA:14,6
DA:22,6
DA:23,6
DA:25,6
DA:26,6
DA:27,6
DA:29,6
DA:36,15
DA:37,15
DA:39,15
DA:40,1
DA:41,1
DA:44,14
DA:45,3
DA:46,0
DA:53,14
DA:54,14
DA:56,14
DA:68,14
DA:71,14
DA:75,14
DA:76,2
DA:78,12
DA:79,12
DA:81,14
DA:84,14
DA:89,0
DA:97,0
DA:107,14
DA:108,14
DA:109,2
DA:110,2
DA:111,2
DA:112,2
DA:113,2
DA:118,2
DA:121,14
DA:123,14
DA:124,14
DA:125,3
DA:126,3
DA:133,3
DA:134,3
DA:138,14
DA:142,14
DA:143,14
DA:148,14
DA:155,1
DA:156,0
DA:163,13
DA:165,13
DA:167,11
DA:168,8
DA:169,8
DA:173,8
DA:176,3
DA:177,1
DA:185,1
DA:188,3
DA:189,1
DA:190,1
DA:191,0
DA:193,1
DA:195,1
DA:205,1
DA:206,1
DA:207,1
DA:212,2
DA:220,2
DA:221,2
DA:227,3
DA:231,2
DA:233,2
DA:234,1
DA:235,1
DA:239,1
DA:241,1
DA:242,1
DA:243,1
DA:247,1
DA:251,0
LF:86
LH:80
BRDA:39,0,0,1
BRDA:39,1,0,15
BRDA:39,1,1,14
BRDA:71,2,0,2
BRDA:71,2,1,12
BRDA:75,3,0,2
BRDA:75,3,1,12
BRDA:94,4,0,2
BRDA:94,4,1,12
BRDA:110,5,0,0
BRDA:111,6,0,2
BRDA:124,7,0,3
BRDA:131,8,0,3
BRDA:131,8,1,0
BRDA:131,9,0,3
BRDA:131,9,1,3
BRDA:138,10,0,11
BRDA:138,10,1,3
BRDA:165,11,0,11
BRDA:167,12,0,8
BRDA:176,13,0,1
BRDA:188,14,0,1
BRDA:188,14,1,2
BRDA:189,15,0,0
BRDA:189,15,1,1
BRDA:189,16,0,1
BRDA:189,16,1,0
BRDA:191,17,0,0
BRDA:191,17,1,0
BRDA:233,18,0,1
BRDA:233,18,1,1
BRF:31
BRH:25
end_of_record
