TN:
SF:src/app.ts
FN:36,(anonymous_1)
FN:42,(anonymous_2)
FN:53,(anonymous_3)
FN:68,errorHandler
FNF:4
FNH:3
FNDA:9,(anonymous_1)
FNDA:18,(anonymous_2)
FNDA:2,(anonymous_3)
FNDA:0,errorHandler
DA:1,9
DA:2,9
DA:3,9
DA:10,9
DA:11,9
DA:12,9
DA:13,9
DA:14,9
DA:15,9
DA:16,9
DA:18,9
DA:23,9
DA:25,9
DA:26,9
DA:27,9
DA:28,9
DA:29,9
DA:30,9
DA:31,9
DA:36,9
DA:37,9
DA:42,18
DA:44,9
DA:46,9
DA:47,9
DA:53,9
DA:54,2
DA:55,2
DA:56,2
DA:58,0
DA:59,0
DA:60,0
DA:62,0
DA:68,9
DA:74,0
DA:75,0
DA:77,0
DA:78,0
DA:81,9
LF:39
LH:31
BRDA:42,0,0,9
BRDA:42,0,1,0
BRDA:42,1,0,9
BRDA:42,1,1,9
BRDA:46,2,0,9
BRDA:54,3,0,0
BRDA:55,4,0,2
BRDA:58,5,0,0
BRDA:59,6,0,0
BRDA:59,6,1,0
BRDA:74,7,0,0
BRF:11
BRH:5
end_of_record
TN:
SF:src/db/acceptanceCriteria.ts
FN:4,getCriteriaByTaskId
FN:13,createCriterion
FN:44,updateCriterion
FN:56,deleteCriterion
FN:63,deleteAllCriteriaForTask
FNF:5
FNH:0
FNDA:0,getCriteriaByTaskId
FNDA:0,createCriterion
FNDA:0,updateCriterion
FNDA:0,deleteCriterion
FNDA:0,deleteAllCriteriaForTask
DA:4,13
DA:8,0
DA:13,13
DA:21,0
DA:23,0
DA:24,0
DA:29,0
DA:30,0
DA:33,0
DA:41,0
DA:44,13
DA:49,0
DA:53,0
DA:56,13
DA:60,0
DA:63,13
DA:67,0
LF:17
LH:5
BRDA:23,0,0,0
BRDA:29,1,0,0
BRDA:29,1,1,0
BRDA:29,2,0,0
BRDA:29,2,1,0
BRDA:30,3,0,0
BRDA:30,3,1,0
BRF:7
BRH:0
end_of_record
TN:
SF:src/db/appSettings.ts
FN:12,getSetting
FN:20,setSetting
FN:37,isPullWorkerPaused
FN:42,setPullWorkerPaused
FNF:4
FNH:4
FNDA:5,getSetting
FNDA:4,setSetting
FNDA:3,isPullWorkerPaused
FNDA:2,setPullWorkerPaused
DA:12,9
DA:16,5
DA:17,5
DA:20,9
DA:25,4
DA:26,4
DA:27,1
DA:31,3
DA:35,9
DA:37,9
DA:38,3
DA:39,3
DA:42,9
DA:46,2
LF:14
LH:14
BRDA:17,0,0,2
BRDA:17,0,1,3
BRDA:17,1,0,5
BRDA:17,1,1,5
BRDA:26,2,0,1
BRDA:26,2,1,3
BRDA:46,3,0,1
BRDA:46,3,1,1
BRF:8
BRH:8
end_of_record
TN:
SF:src/db/repoWebhooks.ts
FN:9,decodeEvents
FN:14,hydrate
FN:22,getWebhooksByRepoId
FN:32,getWebhookById
FN:40,createWebhook
FN:60,updateWebhook
FN:81,deleteWebhook
FNF:7
FNH:7
FNDA:8,decodeEvents
FNDA:8,hydrate
FNDA:1,getWebhooksByRepoId
FNDA:1,getWebhookById
FNDA:2,createWebhook
FNDA:3,updateWebhook
FNDA:1,deleteWebhook
DA:10,8
DA:11,8
DA:15,8
DA:22,10
DA:26,1
DA:29,1
DA:32,10
DA:36,1
DA:37,1
DA:40,10
DA:49,2
DA:57,2
DA:60,10
DA:69,3
DA:70,3
DA:71,3
DA:72,3
DA:74,3
DA:78,3
DA:81,10
DA:82,1
LF:21
LH:21
BRDA:10,0,0,0
BRDA:37,1,0,1
BRDA:37,1,1,0
BRDA:54,2,0,1
BRDA:54,2,1,1
BRDA:54,3,0,2
BRDA:54,3,1,2
BRDA:70,4,0,1
BRDA:71,5,0,2
BRDA:72,6,0,2
BRF:10
BRH:8
end_of_record
TN:
SF:src/db/repos.ts
FN:10,getActiveRepos
FN:14,getAllRepos
FN:18,getRepoById
FN:25,getRepoByOwnerAndName
FN:33,createRepo
FN:57,updateRepo
FN:66,deleteRepo
FNF:7
FNH:0
FNDA:0,getActiveRepos
FNDA:0,getAllRepos
FNDA:0,getRepoById
FNDA:0,getRepoByOwnerAndName
FNDA:0,createRepo
FNDA:0,updateRepo
FNDA:0,deleteRepo
DA:10,8
DA:11,0
DA:14,8
DA:15,0
DA:18,8
DA:22,0
DA:25,8
DA:30,0
DA:33,8
DA:53,0
DA:54,0
DA:57,8
DA:62,0
DA:63,0
DA:66,8
DA:67,0
LF:16
LH:7
BRF:0
BRH:0
end_of_record
TN:
SF:src/db/taskEvents.ts
FN:8,decodeData
FN:13,recordEvent
FN:29,getEventsByTaskId
FN:37,(anonymous_3)
FNF:4
FNH:4
FNDA:5,decodeData
FNDA:3,recordEvent
FNDA:2,getEventsByTaskId
FNDA:2,(anonymous_3)
DA:9,5
DA:10,2
DA:13,10
DA:19,3
DA:26,3
DA:29,10
DA:33,2
DA:37,2
LF:8
LH:8
BRDA:9,0,0,3
BRDA:23,1,0,2
BRDA:23,1,1,1
BRF:3
BRH:3
end_of_record
TN:
SF:src/db/taskNotes.ts
FN:8,decodeTags
FN:13,deleteNote
FN:20,createNote
FN:51,getNotesForTask
FN:112,(anonymous_4)
FNF:5
FNH:5
FNDA:6,decodeTags
FNDA:2,deleteNote
FNDA:4,createNote
FNDA:13,getNotesForTask
FNDA:2,(anonymous_4)
DA:9,6
DA:10,6
DA:13,10
DA:17,2
DA:20,10
DA:30,4
DA:39,4
DA:51,10
DA:55,13
DA:109,13
DA:112,13
LF:11
LH:11
BRDA:9,0,0,0
BRDA:35,1,0,1
BRDA:35,1,1,3
BRDA:35,2,0,4
BRDA:35,2,1,4
BRDA:109,3,0,4
BRDA:109,3,1,9
BRDA:111,4,0,9
BRDA:111,4,1,0
BRDA:111,5,0,9
BRDA:111,5,1,9
BRDA:111,6,0,0
BRDA:111,6,1,9
BRDA:111,7,0,9
BRDA:111,7,1,9
BRF:15
BRH:12
end_of_record
TN:
SF:src/db/taskTemplates.ts
FN:9,decodeTree
FN:13,hydrate
FN:17,getAllTemplates
FN:25,getTemplateById
FN:33,createTemplate
FN:51,deleteTemplate
FNF:6
FNH:6
FNDA:5,decodeTree
FNDA:5,hydrate
FNDA:1,getAllTemplates
FNDA:2,getTemplateById
FNDA:2,createTemplate
FNDA:2,deleteTemplate
DA:10,5
DA:14,5
DA:17,10
DA:18,1
DA:22,1
DA:25,10
DA:29,2
DA:30,2
DA:33,10
DA:41,2
DA:48,2
DA:51,10
DA:52,2
LF:13
LH:13
BRDA:30,0,0,1
BRDA:30,0,1,1
BRDA:44,1,0,1
BRDA:44,1,1,1
BRDA:44,2,0,2
BRDA:44,2,1,2
BRF:6
BRH:6
end_of_record
TN:
SF:src/db/taskUsage.ts
FN:12,recordTaskUsage
FN:33,getUsageRowsForTask
FN:46,sumUsage
FN:75,getUsageTotalsForTask
FN:82,getUsageTotalsForRepo
FNF:5
FNH:5
FNDA:3,recordTaskUsage
FNDA:1,getUsageRowsForTask
FNDA:4,sumUsage
FNDA:3,getUsageTotalsForTask
FNDA:1,getUsageTotalsForRepo
DA:12,12
DA:20,3
DA:30,3
DA:33,12
DA:37,1
DA:50,4
DA:63,4
DA:64,4
DA:75,12
DA:79,3
DA:82,12
DA:86,1
LF:12
LH:12
BRDA:65,0,0,3
BRDA:65,0,1,1
BRDA:65,1,0,4
BRDA:65,1,1,4
BRDA:65,2,0,1
BRDA:65,2,1,3
BRDA:65,3,0,4
BRDA:65,3,1,4
BRDA:66,4,0,3
BRDA:66,4,1,1
BRDA:66,5,0,4
BRDA:66,5,1,4
BRDA:66,6,0,1
BRDA:66,6,1,3
BRDA:66,7,0,4
BRDA:66,7,1,4
BRDA:68,8,0,3
BRDA:68,8,1,1
BRDA:68,9,0,4
BRDA:68,9,1,4
BRDA:68,10,0,1
BRDA:68,10,1,3
BRDA:68,11,0,4
BRDA:68,11,1,4
BRDA:70,12,0,3
BRDA:70,12,1,1
BRDA:70,13,0,4
BRDA:70,13,1,4
BRDA:70,14,0,1
BRDA:70,14,1,3
BRDA:70,15,0,4
BRDA:70,15,1,4
BRDA:71,16,0,3
BRDA:71,16,1,1
BRDA:71,17,0,4
BRDA:71,17,1,4
BRDA:71,18,0,1
BRDA:71,18,1,3
BRDA:71,19,0,4
BRDA:71,19,1,4
BRF:40
BRH:40
end_of_record
TN:
SF:src/db/tasks.ts
FN:4,getTasksByRepoId
FN:13,getTaskById
FN:20,getChildTasks
FN:29,createTask
FN:45,(anonymous_4)
FN:73,updateTask
FN:98,deleteTask
FN:102,reconcileOrphanedTasks
FN:119,claimNextPendingLeafTask
FN:125,(anonymous_9)
FN:222,renewTaskLease
FN:235,autoCompleteParentTasks
FNF:12
FNH:12
FNDA:1,getTasksByRepoId
FNDA:1,getTaskById
FNDA:1,getChildTasks
FNDA:5,createTask
FNDA:2,(anonymous_4)
FNDA:1,updateTask
FNDA:1,deleteTask
FNDA:3,reconcileOrphanedTasks
FNDA:18,claimNextPendingLeafTask
FNDA:18,(anonymous_9)
FNDA:2,renewTaskLease
FNDA:8,autoCompleteParentTasks
DA:4,15
DA:8,1
DA:13,15
DA:17,1
DA:20,15
DA:24,1
DA:29,15
DA:40,5
DA:42,5
DA:43,4
DA:46,2
DA:47,1
DA:49,1
DA:55,4
DA:56,4
DA:59,5
DA:70,5
DA:73,15
DA:91,1
DA:95,1
DA:98,15
DA:99,1
DA:102,15
DA:106,3
DA:116,3
DA:119,15
DA:125,18
DA:126,18
DA:218,18
DA:222,15
DA:227,2
DA:235,15
DA:240,8
DA:242,8
DA:243,15
DA:245,15
DA:246,7
DA:266,7
DA:268,7
DA:283,7
DA:284,8
DA:285,3
DA:300,3
DA:302,5
DA:317,5
DA:320,15
DA:321,7
DA:324,8
LF:48
LH:48
BRDA:42,0,0,4
BRDA:46,1,0,1
BRDA:46,1,1,1
BRDA:55,2,0,0
BRDA:55,2,1,4
BRDA:55,3,0,4
BRDA:55,3,1,4
BRDA:56,4,0,3
BRDA:56,4,1,1
BRDA:62,5,0,1
BRDA:62,5,1,4
BRDA:62,6,0,5
BRDA:62,6,1,5
BRDA:64,7,0,0
BRDA:64,7,1,5
BRDA:64,8,0,5
BRDA:64,8,1,5
BRDA:66,9,0,0
BRDA:66,9,1,5
BRDA:66,10,0,5
BRDA:66,10,1,5
BRDA:238,11,0,2
BRDA:245,12,0,7
BRDA:245,12,1,8
BRDA:266,13,0,7
BRDA:266,13,1,0
BRDA:266,14,0,7
BRDA:266,14,1,7
BRDA:283,15,0,7
BRDA:283,15,1,0
BRDA:283,16,0,7
BRDA:283,16,1,7
BRDA:284,17,0,3
BRDA:284,17,1,5
BRDA:300,18,0,3
BRDA:300,18,1,0
BRDA:300,19,0,3
BRDA:300,19,1,3
BRDA:317,20,0,5
BRDA:317,20,1,0
BRDA:317,21,0,5
BRDA:317,21,1,5
BRDA:320,22,0,8
BRF:43
BRH:36
end_of_record
TN:
SF:src/db/workers.ts
FN:11,getActiveWorkers
FNF:1
FNH:0
FNDA:0,getActiveWorkers
DA:11,9
DA:12,0
DA:25,0
LF:3
LH:1
BRF:0
BRH:0
end_of_record
TN:
SF:src/db/migrations/20260425000001_alter_tasks_add_lease.ts
FN:3,up
FN:4,(anonymous_1)
FN:11,down
FN:12,(anonymous_3)
FNF:4
FNH:4
FNDA:2,up
FNDA:2,(anonymous_1)
FNDA:1,down
FNDA:1,(anonymous_3)
DA:3,1
DA:4,2
DA:5,2
DA:6,2
DA:7,2
DA:11,1
DA:12,1
DA:13,1
DA:14,1
DA:15,1
LF:10
LH:10
BRF:0
BRH:0
end_of_record
TN:
SF:src/db/migrations/20260425000002_alter_repos_add_failure_policy.ts
FN:3,up
FN:4,(anonymous_1)
FN:11,down
FN:12,(anonymous_3)
FNF:4
FNH:4
FNDA:4,up
FNDA:4,(anonymous_1)
FNDA:1,down
FNDA:1,(anonymous_3)
DA:3,1
DA:4,4
DA:5,4
DA:6,4
DA:7,4
DA:11,1
DA:12,1
DA:13,1
DA:14,1
DA:15,1
LF:10
LH:10
BRF:0
BRH:0
end_of_record
TN:
SF:src/db/migrations/20260425000003_add_ordering_mode.ts
FN:3,up
FN:4,(anonymous_1)
FN:7,(anonymous_2)
FN:12,down
FN:13,(anonymous_4)
FN:16,(anonymous_5)
FNF:6
FNH:6
FNDA:3,up
FNDA:3,(anonymous_1)
FNDA:3,(anonymous_2)
FNDA:1,down
FNDA:1,(anonymous_4)
FNDA:1,(anonymous_5)
DA:3,1
DA:4,3
DA:5,3
DA:7,3
DA:8,3
DA:12,1
DA:13,1
DA:14,1
DA:16,1
DA:17,1
LF:10
LH:10
BRF:0
BRH:0
end_of_record
TN:
SF:src/db/migrations/20260425000004_create_task_events.ts
FN:3,up
FN:4,(anonymous_1)
FN:20,down
FNF:3
FNH:3
FNDA:7,up
FNDA:7,(anonymous_1)
FNDA:1,down
DA:3,1
DA:4,7
DA:5,7
DA:6,7
DA:12,7
DA:13,7
DA:14,7
DA:16,7
DA:20,1
DA:21,1
LF:10
LH:10
BRF:0
BRH:0
end_of_record
TN:
SF:src/db/migrations/20260425000005_alter_tasks_add_log_path.ts
FN:3,up
FN:4,(anonymous_1)
FN:9,down
FN:10,(anonymous_3)
FNF:4
FNH:4
FNDA:2,up
FNDA:2,(anonymous_1)
FNDA:1,down
FNDA:1,(anonymous_3)
DA:3,1
DA:4,2
DA:5,2
DA:9,1
DA:10,1
DA:11,1
LF:6
LH:6
BRF:0
BRH:0
end_of_record
TN:
SF:src/db/migrations/20260425000006_create_task_notes.ts
FN:3,up
FN:4,(anonymous_1)
FN:29,down
FNF:3
FNH:3
FNDA:9,up
FNDA:9,(anonymous_1)
FNDA:1,down
DA:3,1
DA:4,9
DA:5,9
DA:6,9
DA:12,9
DA:13,9
DA:14,9
DA:15,9
DA:16,9
DA:21,9
DA:25,9
DA:29,1
DA:30,1
LF:13
LH:13
BRF:0
BRH:0
end_of_record
TN:
SF:src/db/migrations/20260425000007_alter_tasks_add_requires_approval.ts
FN:3,up
FN:4,(anonymous_1)
FN:9,down
FN:10,(anonymous_3)
FNF:4
FNH:4
FNDA:2,up
FNDA:2,(anonymous_1)
FNDA:1,down
FNDA:1,(anonymous_3)
DA:3,1
DA:4,2
DA:5,2
DA:9,1
DA:10,1
DA:11,1
LF:6
LH:6
BRF:0
BRH:0
end_of_record
TN:
SF:src/db/migrations/20260425000008_create_task_templates.ts
FN:3,up
FN:4,(anonymous_1)
FN:15,down
FNF:3
FNH:3
FNDA:7,up
FNDA:7,(anonymous_1)
FNDA:1,down
DA:3,1
DA:4,7
DA:5,7
DA:6,7
DA:7,7
DA:8,7
DA:9,7
DA:11,7
DA:15,1
DA:16,1
LF:10
LH:10
BRF:0
BRH:0
end_of_record
TN:
SF:src/db/migrations/20260425000009_create_task_usage.ts
FN:3,up
FN:4,(anonymous_1)
FN:29,down
FNF:3
FNH:3
FNDA:11,up
FNDA:11,(anonymous_1)
FNDA:1,down
DA:3,1
DA:4,11
DA:5,11
DA:6,11
DA:12,11
DA:18,11
DA:19,11
DA:20,11
DA:21,11
DA:22,11
DA:24,11
DA:25,11
DA:29,1
DA:30,1
LF:14
LH:14
BRF:0
BRH:0
end_of_record
TN:
SF:src/db/migrations/20260425000010_create_repo_webhooks.ts
FN:3,up
FN:4,(anonymous_1)
FN:21,down
FNF:3
FNH:3
FNDA:8,up
FNDA:8,(anonymous_1)
FNDA:1,down
DA:3,1
DA:4,8
DA:5,8
DA:6,8
DA:12,8
DA:13,8
DA:14,8
DA:15,8
DA:17,8
DA:21,1
DA:22,1
LF:11
LH:11
BRF:0
BRH:0
end_of_record
TN:
SF:src/db/migrations/20260426000001_create_app_settings.ts
FN:3,up
FN:4,(anonymous_1)
FN:11,down
FNF:3
FNH:3
FNDA:4,up
FNDA:4,(anonymous_1)
FNDA:1,down
DA:3,1
DA:4,4
DA:5,4
DA:6,4
DA:7,4
DA:11,1
DA:12,1
LF:7
LH:7
BRF:0
BRH:0
end_of_record
TN:
SF:src/routers/chatRouter.ts
FN:18,(anonymous_7)
FN:83,(anonymous_8)
FNF:2
FNH:1
FNDA:21,(anonymous_7)
FNDA:0,(anonymous_8)
DA:1,9
DA:2,9
DA:3,9
DA:4,9
DA:12,9
DA:14,9
DA:18,9
DA:19,21
DA:24,21
DA:25,2
DA:30,19
DA:31,19
DA:32,23
DA:33,0
DA:35,23
DA:36,23
DA:40,1
DA:42,22
DA:43,1
DA:45,21
DA:51,17
DA:52,17
DA:54,3
DA:55,3
DA:56,1
DA:58,2
DA:61,16
DA:62,16
DA:63,1
DA:69,15
DA:70,15
DA:72,0
DA:75,15
DA:77,15
DA:78,15
DA:79,15
DA:80,15
DA:82,15
DA:83,15
DA:84,0
DA:87,15
DA:88,15
DA:94,21
DA:95,21
DA:96,16
DA:97,16
DA:98,5
DA:99,3
DA:100,3
DA:103,2
DA:104,2
DA:105,2
DA:110,13
DA:111,13
DA:112,13
DA:115,2
DA:116,2
DA:120,15
DA:122,15
DA:125,9
LF:60
LH:57
BRDA:24,0,0,2
BRDA:24,1,0,21
BRDA:24,1,1,20
BRDA:32,2,0,0
BRDA:32,3,0,23
BRDA:32,3,1,23
BRDA:36,4,0,1
BRDA:37,5,0,23
BRDA:37,5,1,23
BRDA:42,6,0,1
BRDA:42,7,0,22
BRDA:42,7,1,22
BRDA:52,8,0,3
BRDA:54,9,0,2
BRDA:54,9,1,1
BRDA:55,10,0,1
BRDA:62,11,0,1
BRDA:80,12,0,0
BRDA:80,12,1,15
BRDA:80,13,0,15
BRDA:80,13,1,15
BRDA:94,14,0,0
BRDA:95,15,0,16
BRDA:95,15,1,5
BRDA:98,16,0,3
BRDA:98,16,1,2
BRDA:103,17,0,2
BRDA:110,18,0,13
BRF:28
BRH:25
end_of_record
TN:
SF:src/routers/healthRouter.ts
FN:12,(anonymous_1)
FNF:1
FNH:1
FNDA:3,(anonymous_1)
DA:1,9
DA:2,9
DA:3,9
DA:5,9
DA:12,9
DA:13,3
DA:14,3
DA:16,3
DA:17,3
DA:19,3
DA:25,0
DA:33,9
LF:12
LH:11
BRF:0
BRH:0
end_of_record
TN:
SF:src/routers/reposRouter.ts
FN:45,validateWebhookEvents
FN:63,isHttpUrl
FN:76,(anonymous_9)
FN:87,(anonymous_10)
FN:235,(anonymous_11)
FN:300,(anonymous_12)
FN:321,(anonymous_13)
FN:352,(anonymous_14)
FN:391,(anonymous_15)
FN:412,(anonymous_16)
FN:433,(anonymous_17)
FN:480,(anonymous_18)
FN:539,(anonymous_19)
FN:566,(anonymous_20)
FNF:14
FNH:13
FNDA:6,validateWebhookEvents
FNDA:8,isHttpUrl
FNDA:1,(anonymous_9)
FNDA:18,(anonymous_10)
FNDA:7,(anonymous_11)
FNDA:0,(anonymous_12)
FNDA:12,(anonymous_13)
FNDA:9,(anonymous_14)
FNDA:4,(anonymous_15)
FNDA:3,(anonymous_16)
FNDA:9,(anonymous_17)
FNDA:4,(anonymous_18)
FNDA:3,(anonymous_19)
FNDA:1,(anonymous_20)
DA:1,9
DA:2,9
DA:3,9
DA:4,9
DA:18,9
DA:19,9
DA:20,9
DA:21,9
DA:22,9
DA:23,9
DA:31,9
DA:37,9
DA:42,9
DA:43,9
DA:46,6
DA:47,1
DA:49,5
DA:50,5
DA:51,5
DA:52,11
DA:53,1
DA:55,10
DA:56,9
DA:57,9
DA:60,4
DA:64,8
DA:65,7
DA:66,7
DA:67,6
DA:69,1
DA:73,9
DA:76,9
DA:77,1
DA:78,1
DA:79,1
DA:80,1
DA:82,0
DA:87,9
DA:88,18
DA:89,18
DA:105,18
DA:121,18
DA:122,0
DA:125,18
DA:126,4
DA:127,2
DA:131,2
DA:132,2
DA:134,1
DA:140,15
DA:141,1
DA:143,14
DA:147,1
DA:149,13
DA:153,1
DA:157,12
DA:161,1
DA:164,11
DA:165,10
DA:166,10
DA:167,0
DA:171,11
DA:177,11
DA:178,11
DA:179,11
DA:180,10
DA:181,10
DA:182,1
DA:186,9
DA:187,9
DA:192,8
DA:194,1
DA:200,9
DA:201,9
DA:218,8
DA:220,1
DA:221,1
DA:222,1
DA:227,1
DA:230,0
DA:235,9
DA:236,7
DA:237,7
DA:238,7
DA:239,0
DA:242,7
DA:243,7
DA:244,7
DA:245,0
DA:248,7
DA:264,7
DA:268,1
DA:270,6
DA:274,1
DA:276,5
DA:280,1
DA:284,4
DA:288,1
DA:291,3
DA:293,3
DA:295,0
DA:300,9
DA:301,0
DA:302,0
DA:303,0
DA:304,0
DA:307,0
DA:308,0
DA:309,0
DA:310,0
DA:313,0
DA:315,0
DA:321,9
DA:322,12
DA:323,12
DA:324,12
DA:325,1
DA:328,11
DA:329,11
DA:330,11
DA:331,1
DA:334,10
DA:335,10
DA:336,3
DA:339,7
DA:340,2
DA:342,5
DA:350,9
DA:353,9
DA:354,9
DA:355,9
DA:356,1
DA:358,8
DA:359,8
DA:360,1
DA:363,7
DA:364,7
DA:365,7
DA:366,1
DA:368,6
DA:369,6
DA:370,1
DA:373,5
DA:374,5
DA:375,1
DA:380,4
DA:381,3
DA:383,1
DA:391,9
DA:392,4
DA:393,4
DA:394,4
DA:395,1
DA:398,3
DA:399,3
DA:400,3
DA:401,1
DA:404,2
DA:405,2
DA:407,0
DA:412,9
DA:413,3
DA:414,3
DA:415,3
DA:416,1
DA:419,2
DA:420,2
DA:421,2
DA:422,1
DA:425,1
DA:426,1
DA:428,0
DA:433,9
DA:434,9
DA:435,9
DA:436,9
DA:437,1
DA:440,8
DA:441,8
DA:442,8
DA:443,1
DA:446,7
DA:452,7
DA:453,2
DA:457,5
DA:458,5
DA:459,2
DA:461,3
DA:462,1
DA:465,2
DA:471,2
DA:473,0
DA:478,9
DA:481,4
DA:482,4
DA:483,4
DA:484,4
DA:485,0
DA:488,4
DA:489,4
DA:490,4
DA:491,0
DA:493,4
DA:494,4
DA:495,2
DA:498,2
DA:505,2
DA:506,2
DA:507,1
DA:508,1
DA:512,0
DA:514,1
DA:515,1
DA:516,1
DA:517,0
DA:519,1
DA:521,1
DA:522,1
DA:523,0
DA:525,1
DA:528,1
DA:529,1
DA:531,0
DA:537,9
DA:540,3
DA:541,3
DA:542,3
DA:543,3
DA:544,0
DA:547,3
DA:548,3
DA:549,3
DA:550,0
DA:552,3
DA:553,3
DA:554,2
DA:557,1
DA:558,1
DA:560,0
DA:566,9
DA:567,1
DA:568,1
DA:569,1
DA:570,0
DA:573,1
DA:574,1
DA:575,1
DA:576,0
DA:579,1
DA:580,1
DA:582,0
DA:586,9
LF:252
LH:220
BRDA:46,0,0,1
BRDA:46,1,0,6
BRDA:46,1,1,6
BRDA:52,2,0,1
BRDA:52,3,0,11
BRDA:52,3,1,11
BRDA:55,4,0,9
BRDA:64,5,0,1
BRDA:64,6,0,8
BRDA:64,6,1,7
BRDA:67,7,0,6
BRDA:67,7,1,6
BRDA:121,8,0,0
BRDA:121,9,0,18
BRDA:121,9,1,14
BRDA:121,9,2,14
BRDA:125,10,0,4
BRDA:126,11,0,2
BRDA:126,12,0,4
BRDA:126,12,1,3
BRDA:140,13,0,1
BRDA:140,14,0,15
BRDA:140,14,1,2
BRDA:143,15,0,1
BRDA:144,16,0,14
BRDA:144,16,1,2
BRDA:149,17,0,1
BRDA:150,18,0,13
BRDA:150,18,1,2
BRDA:150,18,2,2
BRDA:157,19,0,1
BRDA:158,20,0,12
BRDA:158,20,1,2
BRDA:164,21,0,10
BRDA:166,22,0,0
BRDA:179,23,0,10
BRDA:180,24,0,9
BRDA:180,24,1,1
BRDA:180,25,0,10
BRDA:180,25,1,10
BRDA:181,26,0,1
BRDA:215,27,0,9
BRDA:215,27,1,0
BRDA:215,28,0,9
BRDA:215,28,1,1
BRDA:220,29,0,1
BRDA:220,30,0,1
BRDA:220,30,1,1
BRDA:238,31,0,0
BRDA:244,32,0,0
BRDA:264,33,0,1
BRDA:265,34,0,7
BRDA:265,34,1,2
BRDA:270,35,0,1
BRDA:271,36,0,6
BRDA:271,36,1,2
BRDA:276,37,0,1
BRDA:277,38,0,5
BRDA:277,38,1,2
BRDA:277,38,2,1
BRDA:284,39,0,1
BRDA:285,40,0,4
BRDA:285,40,1,2
BRDA:303,41,0,0
BRDA:309,42,0,0
BRDA:324,43,0,1
BRDA:330,44,0,1
BRDA:335,45,0,3
BRDA:355,46,0,1
BRDA:359,47,0,1
BRDA:365,48,0,1
BRDA:369,49,0,1
BRDA:374,50,0,1
BRDA:394,51,0,1
BRDA:400,52,0,1
BRDA:415,53,0,1
BRDA:421,54,0,1
BRDA:436,55,0,1
BRDA:442,56,0,1
BRDA:452,57,0,2
BRDA:458,58,0,2
BRDA:461,59,0,1
BRDA:461,60,0,3
BRDA:461,60,1,1
BRDA:484,61,0,0
BRDA:484,62,0,4
BRDA:484,62,1,4
BRDA:490,63,0,0
BRDA:494,64,0,2
BRDA:494,65,0,4
BRDA:494,65,1,3
BRDA:506,66,0,1
BRDA:507,67,0,1
BRDA:514,68,0,1
BRDA:516,69,0,0
BRDA:521,70,0,1
BRDA:522,71,0,0
BRDA:543,72,0,0
BRDA:543,73,0,3
BRDA:543,73,1,3
BRDA:549,74,0,0
BRDA:553,75,0,2
BRDA:553,76,0,3
BRDA:553,76,1,2
BRDA:569,77,0,0
BRDA:575,78,0,0
BRF:106
BRH:91
end_of_record
TN:
SF:src/routers/setupRouter.ts
FN:16,readStatus
FN:22,(anonymous_8)
FN:28,(anonymous_9)
FN:39,(anonymous_10)
FN:68,(anonymous_11)
FN:103,(anonymous_12)
FN:116,(anonymous_13)
FNF:7
FNH:7
FNDA:12,readStatus
FNDA:18,(anonymous_8)
FNDA:4,(anonymous_9)
FNDA:7,(anonymous_10)
FNDA:8,(anonymous_11)
FNDA:2,(anonymous_12)
FNDA:3,(anonymous_13)
DA:1,9
DA:2,9
DA:4,9
DA:8,9
DA:17,12
DA:18,12
DA:19,23
DA:20,22
DA:22,18
DA:23,11
DA:28,9
DA:29,4
DA:30,4
DA:32,1
DA:39,9
DA:40,7
DA:41,7
DA:46,7
DA:47,11
DA:48,11
DA:49,4
DA:53,7
DA:56,3
DA:57,3
DA:58,5
DA:60,2
DA:62,1
DA:68,9
DA:69,8
DA:70,8
DA:72,8
DA:73,15
DA:74,8
DA:75,8
DA:76,2
DA:80,6
DA:83,6
DA:84,1
DA:89,5
DA:90,5
DA:91,9
DA:92,9
DA:94,4
DA:96,1
DA:103,9
DA:104,2
DA:105,2
DA:106,3
DA:108,1
DA:110,1
DA:116,9
DA:117,3
DA:118,3
DA:119,1
DA:121,2
DA:122,2
DA:123,1
DA:125,1
DA:129,9
LF:59
LH:59
BRDA:20,0,0,22
BRDA:20,0,1,17
BRDA:40,1,0,7
BRDA:40,1,1,0
BRDA:40,2,0,7
BRDA:40,2,1,7
BRDA:48,3,0,4
BRDA:48,4,0,11
BRDA:48,4,1,8
BRDA:69,5,0,8
BRDA:69,5,1,0
BRDA:69,6,0,8
BRDA:69,6,1,8
BRDA:73,7,0,7
BRDA:75,8,0,2
BRDA:75,9,0,8
BRDA:75,9,1,7
BRDA:83,10,0,1
BRDA:92,11,0,6
BRDA:118,12,0,1
BRF:20
BRH:18
end_of_record
TN:
SF:src/routers/systemRouter.ts
FN:14,(anonymous_1)
FN:21,(anonymous_2)
FN:47,(anonymous_3)
FN:62,(anonymous_4)
FNF:4
FNH:4
FNDA:5,(anonymous_1)
FNDA:4,(anonymous_2)
FNDA:3,(anonymous_3)
FNDA:4,(anonymous_4)
DA:1,9
DA:2,9
DA:3,9
DA:4,9
DA:5,9
DA:7,9
DA:14,9
DA:15,5
DA:16,5
DA:18,5
DA:19,5
DA:21,4
DA:33,4
DA:39,1
DA:47,9
DA:48,3
DA:49,3
DA:50,3
DA:51,2
DA:53,1
DA:62,9
DA:63,4
DA:64,4
DA:65,4
DA:66,1
DA:68,3
DA:69,3
DA:70,2
DA:72,1
DA:76,9
LF:30
LH:30
BRDA:27,0,0,3
BRDA:27,0,1,1
BRDA:30,1,0,4
BRDA:30,1,1,3
BRDA:34,2,0,2
BRDA:34,2,1,2
BRDA:35,3,0,2
BRDA:35,3,1,2
BRDA:65,4,0,1
BRF:9
BRH:9
end_of_record
TN:
SF:src/routers/tasksRouter.ts
FN:43,(anonymous_7)
FN:54,(anonymous_8)
FN:67,(anonymous_9)
FN:82,(anonymous_10)
FN:96,(anonymous_11)
FN:157,(anonymous_12)
FN:197,(anonymous_13)
FN:213,(anonymous_14)
FN:234,(anonymous_15)
FN:249,(anonymous_16)
FN:274,(anonymous_17)
FN:282,(anonymous_18)
FN:303,(anonymous_19)
FN:309,(anonymous_20)
FN:321,(anonymous_21)
FN:325,(anonymous_22)
FN:350,(anonymous_23)
FN:369,(anonymous_24)
FN:387,(anonymous_25)
FN:403,(anonymous_26)
FN:435,(anonymous_27)
FN:460,(anonymous_28)
FN:479,(anonymous_29)
FN:495,(anonymous_30)
FN:524,(anonymous_31)
FN:547,(anonymous_32)
FNF:26
FNH:24
FNDA:2,(anonymous_7)
FNDA:1,(anonymous_8)
FNDA:2,(anonymous_9)
FNDA:0,(anonymous_10)
FNDA:5,(anonymous_11)
FNDA:6,(anonymous_12)
FNDA:1,(anonymous_13)
FNDA:5,(anonymous_14)
FNDA:0,(anonymous_15)
FNDA:4,(anonymous_16)
FNDA:1,(anonymous_17)
FNDA:5,(anonymous_18)
FNDA:1,(anonymous_19)
FNDA:2,(anonymous_20)
FNDA:3,(anonymous_21)
FNDA:1,(anonymous_22)
FNDA:4,(anonymous_23)
FNDA:3,(anonymous_24)
FNDA:1,(anonymous_25)
FNDA:1,(anonymous_26)
FNDA:1,(anonymous_27)
FNDA:1,(anonymous_28)
FNDA:3,(anonymous_29)
FNDA:6,(anonymous_30)
FNDA:2,(anonymous_31)
FNDA:2,(anonymous_32)
DA:1,9
DA:2,9
DA:3,9
DA:4,9
DA:12,9
DA:18,9
DA:19,9
DA:20,9
DA:26,9
DA:27,9
DA:29,9
DA:31,9
DA:32,9
DA:40,9
DA:43,9
DA:44,2
DA:45,2
DA:46,2
DA:47,1
DA:50,1
DA:51,1
DA:53,1
DA:55,1
DA:56,1
DA:60,1
DA:62,0
DA:67,9
DA:68,2
DA:69,2
DA:70,2
DA:71,1
DA:74,1
DA:75,1
DA:76,1
DA:77,0
DA:80,1
DA:81,1
DA:82,1
DA:89,1
DA:91,0
DA:96,9
DA:97,5
DA:106,5
DA:116,5
DA:117,1
DA:120,4
DA:125,1
DA:128,3
DA:129,3
DA:138,3
DA:139,3
DA:140,1
DA:141,1
DA:146,1
DA:150,3
DA:152,0
DA:157,9
DA:158,6
DA:159,6
DA:160,6
DA:161,0
DA:164,6
DA:173,6
DA:178,1
DA:181,5
DA:185,1
DA:188,4
DA:189,4
DA:190,4
DA:192,0
DA:197,9
DA:198,1
DA:199,1
DA:200,1
DA:201,0
DA:204,1
DA:205,1
DA:206,1
DA:208,0
DA:213,9
DA:214,5
DA:215,5
DA:216,5
DA:217,1
DA:220,4
DA:221,4
DA:222,4
DA:223,1
DA:225,3
DA:226,1
DA:228,2
DA:229,1
DA:232,1
DA:233,1
DA:234,1
DA:235,0
DA:236,0
DA:238,0
DA:241,1
DA:242,1
DA:244,0
DA:249,9
DA:250,4
DA:251,4
DA:252,4
DA:253,1
DA:256,3
DA:257,3
DA:258,3
DA:259,1
DA:261,2
DA:262,1
DA:265,1
DA:266,1
DA:267,1
DA:268,1
DA:270,1
DA:271,1
DA:272,1
DA:274,1
DA:275,1
DA:276,1
DA:277,2
DA:279,1
DA:282,1
DA:283,5
DA:284,5
DA:285,5
DA:286,5
DA:287,1
DA:288,1
DA:289,1
DA:290,1
DA:291,1
DA:292,1
DA:293,1
DA:295,1
DA:303,1
DA:304,1
DA:305,1
DA:306,1
DA:309,1
DA:310,2
DA:311,1
DA:312,1
DA:313,1
DA:314,1
DA:315,1
DA:321,1
DA:322,3
DA:325,1
DA:326,1
DA:327,1
DA:328,1
DA:329,1
DA:333,1
DA:335,1
DA:337,1
DA:339,0
DA:340,0
DA:342,0
DA:343,0
DA:350,9
DA:351,4
DA:352,4
DA:353,4
DA:354,1
DA:357,3
DA:358,3
DA:362,2
DA:364,1
DA:369,9
DA:370,3
DA:371,3
DA:372,3
DA:373,1
DA:376,2
DA:377,2
DA:378,2
DA:380,0
DA:387,9
DA:388,1
DA:389,1
DA:390,1
DA:391,0
DA:394,1
DA:395,1
DA:396,1
DA:398,0
DA:403,9
DA:404,1
DA:405,1
DA:406,1
DA:407,0
DA:410,1
DA:415,1
DA:416,0
DA:419,1
DA:420,1
DA:426,1
DA:428,0
DA:433,9
DA:436,1
DA:437,1
DA:438,1
DA:439,0
DA:442,1
DA:448,1
DA:449,1
DA:450,1
DA:452,0
DA:458,9
DA:461,1
DA:462,1
DA:463,1
DA:464,0
DA:467,1
DA:468,1
DA:469,1
DA:471,0
DA:479,9
DA:480,3
DA:481,3
DA:482,3
DA:483,1
DA:486,2
DA:487,2
DA:488,2
DA:490,0
DA:495,9
DA:496,6
DA:497,6
DA:498,6
DA:499,1
DA:502,5
DA:509,5
DA:510,1
DA:515,4
DA:516,1
DA:519,3
DA:520,1
DA:523,2
DA:524,2
DA:525,1
DA:529,1
DA:530,1
DA:538,1
DA:540,0
DA:545,9
DA:548,2
DA:549,2
DA:550,2
DA:551,1
DA:554,1
DA:555,1
DA:556,1
DA:558,0
DA:563,9
LF:258
LH:229
BRDA:46,0,0,1
BRDA:70,1,0,1
BRDA:76,2,0,0
BRDA:116,3,0,1
BRDA:116,4,0,5
BRDA:116,4,1,4
BRDA:120,5,0,1
BRDA:121,6,0,4
BRDA:121,6,1,2
BRDA:121,6,2,2
BRDA:139,7,0,1
BRDA:139,8,0,3
BRDA:139,8,1,1
BRDA:160,9,0,0
BRDA:173,10,0,1
BRDA:174,11,0,6
BRDA:174,11,1,2
BRDA:174,11,2,2
BRDA:181,12,0,1
BRDA:182,13,0,5
BRDA:182,13,1,3
BRDA:200,14,0,0
BRDA:216,15,0,1
BRDA:222,16,0,1
BRDA:225,17,0,1
BRDA:228,18,0,1
BRDA:235,19,0,0
BRDA:235,19,1,0
BRDA:252,20,0,1
BRDA:258,21,0,1
BRDA:261,22,0,1
BRDA:268,23,0,0
BRDA:268,23,1,1
BRDA:268,24,0,1
BRDA:268,24,1,1
BRDA:283,25,0,0
BRDA:286,26,0,1
BRDA:305,27,0,0
BRDA:306,28,0,1
BRDA:306,28,1,1
BRDA:310,29,0,1
BRDA:327,30,0,1
BRDA:339,31,0,0
BRDA:353,32,0,1
BRDA:372,33,0,1
BRDA:390,34,0,0
BRDA:406,35,0,0
BRDA:415,36,0,0
BRDA:438,37,0,0
BRDA:463,38,0,0
BRDA:482,39,0,1
BRDA:498,40,0,1
BRDA:509,41,0,1
BRDA:509,42,0,5
BRDA:509,42,1,4
BRDA:509,42,2,4
BRDA:515,43,0,1
BRDA:519,44,0,1
BRDA:523,45,0,2
BRDA:524,46,0,1
BRDA:524,47,0,2
BRDA:524,47,1,2
BRDA:550,48,0,1
BRF:63
BRH:49
end_of_record
TN:
SF:src/routers/templatesRouter.ts
FN:16,(anonymous_1)
FN:34,(anonymous_2)
FN:81,(anonymous_3)
FN:111,(anonymous_4)
FN:129,(anonymous_5)
FNF:5
FNH:5
FNDA:2,(anonymous_1)
FNDA:13,(anonymous_2)
FNDA:4,(anonymous_3)
FNDA:3,(anonymous_4)
FNDA:2,(anonymous_5)
DA:1,9
DA:2,9
DA:3,9
DA:4,9
DA:10,9
DA:11,9
DA:13,9
DA:16,9
DA:17,2
DA:18,2
DA:19,2
DA:20,1
DA:22,1
DA:34,9
DA:35,13
DA:36,13
DA:37,13
DA:45,13
DA:46,2
DA:48,11
DA:49,0
DA:52,11
DA:53,11
DA:54,11
DA:55,2
DA:61,9
DA:62,3
DA:63,3
DA:64,2
DA:66,1
DA:68,6
DA:69,1
DA:71,5
DA:72,5
DA:73,1
DA:77,4
DA:78,3
DA:81,4
DA:84,1
DA:88,2
DA:91,3
DA:92,3
DA:94,1
DA:98,3
DA:103,3
DA:105,0
DA:111,9
DA:112,3
DA:113,3
DA:114,3
DA:115,1
DA:117,2
DA:118,2
DA:119,2
DA:120,1
DA:122,1
DA:124,0
DA:129,9
DA:130,2
DA:131,2
DA:132,2
DA:133,0
DA:135,2
DA:136,2
DA:137,2
DA:138,1
DA:140,1
DA:141,1
DA:143,0
DA:147,9
LF:70
LH:65
BRDA:45,0,0,2
BRDA:45,1,0,13
BRDA:45,1,1,12
BRDA:48,2,0,0
BRDA:48,3,0,11
BRDA:48,3,1,1
BRDA:54,4,0,2
BRDA:61,5,0,3
BRDA:61,5,1,6
BRDA:63,6,0,2
BRDA:68,7,0,1
BRDA:68,8,0,6
BRDA:68,8,1,5
BRDA:72,9,0,1
BRDA:77,10,0,3
BRDA:78,11,0,1
BRDA:79,12,0,3
BRDA:79,12,1,3
BRDA:81,13,0,4
BRDA:81,13,1,3
BRDA:114,14,0,1
BRDA:119,15,0,1
BRDA:132,16,0,0
BRDA:137,17,0,1
BRF:24
BRH:22
end_of_record
TN:
SF:src/secrets/index.ts
FN:41,getSecretsDir
FN:58,getSecretsFilePath
FN:62,getSaltFilePath
FN:66,getKeychainEntry
FN:74,isKeychainAvailable
FN:95,_setPassphrasePromptForTests
FN:102,readPassphrase
FN:123,promptInteractively
FN:169,deriveKeyFromPassphrase
FN:178,loadPassphraseKey
FN:187,loadKeychainKey
FN:203,loadEncryptionKey
FN:223,readSecretsBlob
FN:248,writeSecretsBlob
FN:269,init
FN:297,get
FN:303,set
FN:310,unset
FNF:18
FNH:18
FNDA:127,getSecretsDir
FNDA:65,getSecretsFilePath
FNDA:62,getSaltFilePath
FNDA:57,getKeychainEntry
FNDA:24,isKeychainAvailable
FNDA:4,_setPassphrasePromptForTests
FNDA:15,readPassphrase
FNDA:1,promptInteractively
FNDA:13,deriveKeyFromPassphrase
FNDA:15,loadPassphraseKey
FNDA:13,loadKeychainKey
FNDA:34,loadEncryptionKey
FNDA:28,readSecretsBlob
FNDA:36,writeSecretsBlob
FNDA:25,init
FNDA:15,get
FNDA:16,set
FNDA:3,unset
DA:1,39
DA:2,39
DA:3,39
DA:4,39
DA:5,39
DA:10,39
DA:11,39
DA:13,39
DA:14,39
DA:15,39
DA:16,39
DA:17,39
DA:18,39
DA:19,39
DA:24,39
DA:25,39
DA:26,39
DA:29,39
DA:41,39
DA:42,127
DA:43,126
DA:45,1
DA:46,1
DA:48,0
DA:50,0
DA:51,0
DA:54,0
DA:55,0
DA:58,39
DA:59,65
DA:63,62
DA:67,57
DA:75,24
DA:76,11
DA:78,13
DA:79,13
DA:80,12
DA:82,1
DA:88,39
DA:89,39
DA:95,39
DA:98,4
DA:99,4
DA:103,15
DA:104,15
DA:105,13
DA:106,1
DA:108,12
DA:110,2
DA:111,1
DA:112,1
DA:113,0
DA:115,1
DA:117,1
DA:124,1
DA:125,1
DA:129,0
DA:130,0
DA:131,0
DA:132,0
DA:133,0
DA:134,0
DA:135,0
DA:136,0
DA:138,0
DA:139,0
DA:140,0
DA:141,0
DA:142,0
DA:144,0
DA:145,0
DA:147,0
DA:148,0
DA:150,0
DA:151,0
DA:153,0
DA:155,0
DA:156,0
DA:158,0
DA:160,0
DA:161,0
DA:165,0
DA:170,13
DA:179,15
DA:180,3
DA:181,3
DA:182,3
DA:183,3
DA:184,3
DA:188,13
DA:189,13
DA:190,0
DA:194,13
DA:195,13
DA:196,0
DA:200,13
DA:206,34
DA:207,15
DA:209,19
DA:210,19
DA:211,19
DA:213,0
DA:215,19
DA:216,6
DA:220,13
DA:224,28
DA:225,28
DA:226,0
DA:228,28
DA:229,28
DA:230,0
DA:232,28
DA:233,28
DA:234,28
DA:235,28
DA:236,28
DA:237,28
DA:241,26
DA:242,26
DA:243,0
DA:245,26
DA:249,36
DA:250,36
DA:251,36
DA:252,36
DA:253,36
DA:254,36
DA:255,36
DA:258,36
DA:259,36
DA:269,39
DA:270,25
DA:271,25
DA:272,25
DA:273,1
DA:275,24
DA:276,12
DA:277,12
DA:278,12
DA:279,1
DA:281,11
DA:282,11
DA:283,11
DA:284,11
DA:287,12
DA:288,10
DA:289,10
DA:290,10
DA:291,10
DA:292,10
DA:293,10
DA:294,10
DA:297,39
DA:298,15
DA:299,13
DA:300,11
DA:303,39
DA:304,16
DA:305,14
DA:306,14
DA:307,14
DA:310,39
DA:311,3
DA:312,1
DA:313,1
DA:314,1
LF:166
LH:128
BRDA:42,0,0,126
BRDA:45,1,0,1
BRDA:48,2,0,0
BRDA:50,3,0,0
BRDA:50,3,1,0
BRDA:54,4,0,0
BRDA:54,4,1,0
BRDA:75,5,0,11
BRDA:104,6,0,13
BRDA:105,7,0,1
BRDA:110,8,0,1
BRDA:112,9,0,0
BRDA:124,10,0,1
BRDA:124,11,0,1
BRDA:124,11,1,0
BRDA:130,12,0,0
BRDA:130,12,1,0
BRDA:130,13,0,0
BRDA:130,13,1,0
BRDA:140,14,0,0
BRDA:142,15,0,0
BRDA:147,16,0,0
BRDA:147,17,0,0
BRDA:147,17,1,0
BRDA:148,18,0,0
BRDA:148,19,0,0
BRDA:148,19,1,0
BRDA:155,20,0,0
BRDA:179,21,0,12
BRDA:189,22,0,0
BRDA:195,23,0,0
BRDA:206,24,0,15
BRDA:215,25,0,6
BRDA:225,26,0,0
BRDA:229,27,0,0
BRDA:242,28,0,0
BRDA:242,29,0,26
BRDA:242,29,1,26
BRDA:242,29,2,26
BRDA:272,30,0,1
BRDA:275,31,0,12
BRDA:278,32,0,1
BRF:42
BRH:17
end_of_record
TN:
SF:src/services/chatService.ts
FN:98,validateTaskTreeProposal
FN:119,validateNode
FN:182,buildSystemPrompt
FN:210,formatRepo
FN:227,formatTask
FN:232,loadChatContext
FN:242,(anonymous_7)
FN:310,streamChatEvents
FN:392,safeJsonParse
FN:402,streamChatTextDeltas
FNF:10
FNH:10
FNDA:92,validateTaskTreeProposal
FNDA:86,validateNode
FNDA:31,buildSystemPrompt
FNDA:12,formatRepo
FNDA:11,formatTask
FNDA:9,loadChatContext
FNDA:14,(anonymous_7)
FNDA:20,streamChatEvents
FNDA:11,safeJsonParse
FNDA:2,streamChatTextDeltas
DA:1,10
DA:3,10
DA:4,10
DA:7,10
DA:8,10
DA:9,10
DA:21,10
DA:40,10
DA:42,10
DA:59,10
DA:98,10
DA:99,92
DA:100,22
DA:102,70
DA:103,70
DA:104,17
DA:106,53
DA:107,53
DA:108,55
DA:109,55
DA:110,22
DA:112,20
DA:120,86
DA:121,6
DA:123,80
DA:129,80
DA:130,19
DA:132,61
DA:133,61
DA:134,5
DA:135,1
DA:137,4
DA:139,60
DA:140,17
DA:141,1
DA:146,16
DA:147,16
DA:148,19
DA:149,19
DA:150,5
DA:155,14
DA:157,11
DA:159,54
DA:160,24
DA:161,1
DA:163,23
DA:164,23
DA:165,31
DA:169,31
DA:170,22
DA:172,14
DA:174,44
DA:182,10
DA:183,31
DA:185,31
DA:189,31
DA:191,31
DA:195,31
DA:196,12
DA:199,31
DA:200,7
DA:207,31
DA:212,12
DA:215,12
DA:228,11
DA:229,11
DA:232,10
DA:236,9
DA:237,2
DA:238,2
DA:239,1
DA:240,1
DA:243,14
DA:244,14
DA:245,14
DA:248,1
DA:310,10
DA:314,20
DA:316,20
DA:327,18
DA:329,18
DA:330,69
DA:331,19
DA:332,19
DA:338,14
DA:340,19
DA:343,50
DA:344,23
DA:349,7
DA:350,7
DA:352,16
DA:358,15
DA:359,15
DA:361,16
DA:364,27
DA:365,18
DA:366,18
DA:367,14
DA:368,14
DA:370,12
DA:372,12
DA:373,12
DA:374,4
DA:379,4
DA:381,8
DA:382,8
DA:383,5
DA:385,3
DA:391,10
DA:393,11
DA:394,11
DA:396,4
DA:402,10
DA:405,2
DA:406,2
LF:115
LH:115
BRDA:99,0,0,22
BRDA:99,1,0,92
BRDA:99,1,1,84
BRDA:99,1,2,74
BRDA:103,2,0,17
BRDA:103,3,0,70
BRDA:103,3,1,59
BRDA:109,4,0,33
BRDA:120,5,0,6
BRDA:120,6,0,86
BRDA:120,6,1,83
BRDA:120,6,2,81
BRDA:129,7,0,19
BRDA:129,8,0,80
BRDA:129,8,1,67
BRDA:133,9,0,5
BRDA:134,10,0,1
BRDA:139,11,0,17
BRDA:140,12,0,1
BRDA:149,13,0,5
BRDA:149,14,0,19
BRDA:149,14,1,15
BRDA:159,15,0,24
BRDA:160,16,0,1
BRDA:169,17,0,9
BRDA:182,18,0,6
BRDA:195,19,0,12
BRDA:199,20,0,7
BRDA:199,21,0,31
BRDA:199,21,1,9
BRDA:212,22,0,11
BRDA:212,22,1,1
BRDA:212,23,0,12
BRDA:212,23,1,11
BRDA:214,24,0,1
BRDA:214,24,1,0
BRDA:214,25,0,1
BRDA:214,25,1,1
BRDA:221,26,0,1
BRDA:221,26,1,11
BRDA:221,27,0,1
BRDA:221,27,1,0
BRDA:221,28,0,1
BRDA:221,28,1,1
BRDA:228,29,0,4
BRDA:228,29,1,7
BRDA:236,30,0,7
BRDA:238,31,0,1
BRDA:243,32,0,14
BRDA:243,32,1,0
BRDA:244,33,0,14
BRDA:244,33,1,0
BRDA:314,34,0,14
BRDA:314,34,1,6
BRDA:314,35,0,20
BRDA:314,35,1,20
BRDA:317,36,0,0
BRDA:317,36,1,20
BRDA:317,37,0,20
BRDA:317,37,1,20
BRDA:318,38,0,0
BRDA:318,38,1,20
BRDA:318,39,0,20
BRDA:318,39,1,20
BRDA:322,40,0,11
BRDA:322,40,1,9
BRDA:330,41,0,19
BRDA:332,42,0,14
BRDA:333,43,0,19
BRDA:333,43,1,18
BRDA:333,43,2,14
BRDA:333,43,3,14
BRDA:343,44,0,23
BRDA:344,45,0,7
BRDA:345,46,0,23
BRDA:345,46,1,23
BRDA:345,46,2,7
BRDA:352,47,0,15
BRDA:353,48,0,16
BRDA:353,48,1,16
BRDA:353,48,2,16
BRDA:353,48,3,16
BRDA:359,49,0,15
BRDA:364,50,0,18
BRDA:364,51,0,27
BRDA:364,51,1,19
BRDA:366,52,0,4
BRDA:368,53,0,2
BRDA:372,54,0,1
BRDA:372,54,1,11
BRDA:373,55,0,4
BRDA:382,56,0,5
BRDA:382,56,1,3
BRDA:406,57,0,2
BRF:94
BRH:88
end_of_record
TN:
SF:src/services/claudeRunner.ts
FN:69,parseUsageFromOutput
FN:104,extractUsageFromEvent
FN:140,numberField
FN:144,parseNotesFromOutput
FN:197,(anonymous_10)
FN:218,runClaudeOnTask
FN:266,(anonymous_12)
FN:278,(anonymous_13)
FN:282,(anonymous_14)
FN:292,(anonymous_15)
FN:322,(anonymous_16)
FN:328,(anonymous_17)
FN:334,(anonymous_18)
FN:344,(anonymous_19)
FN:355,(anonymous_20)
FNF:15
FNH:13
FNDA:31,parseUsageFromOutput
FNDA:16,extractUsageFromEvent
FNDA:60,numberField
FNDA:44,parseNotesFromOutput
FNDA:13,(anonymous_10)
FNDA:15,runClaudeOnTask
FNDA:13,(anonymous_12)
FNDA:15,(anonymous_13)
FNDA:15,(anonymous_14)
FNDA:5,(anonymous_15)
FNDA:11,(anonymous_16)
FNDA:2,(anonymous_17)
FNDA:0,(anonymous_18)
FNDA:15,(anonymous_19)
FNDA:0,(anonymous_20)
DA:1,12
DA:2,12
DA:3,12
DA:11,12
DA:13,12
DA:23,12
DA:27,12
DA:69,12
DA:70,31
DA:72,24
DA:78,24
DA:80,24
DA:81,40
DA:82,40
DA:85,17
DA:86,17
DA:88,1
DA:91,16
DA:92,16
DA:94,13
DA:95,13
DA:96,13
DA:97,13
DA:98,13
DA:101,24
DA:105,16
DA:106,16
DA:113,16
DA:114,16
DA:115,9
DA:117,16
DA:118,0
DA:120,16
DA:122,15
DA:123,15
DA:124,15
DA:125,15
DA:126,15
DA:128,15
DA:129,2
DA:132,13
DA:141,60
DA:144,12
DA:145,44
DA:146,44
DA:147,42
DA:148,42
DA:151,38
DA:152,38
DA:154,5
DA:158,5
DA:161,33
DA:162,7
DA:165,7
DA:168,26
DA:169,58
DA:170,49
DA:171,49
DA:172,49
DA:173,49
DA:175,49
DA:176,7
DA:179,7
DA:181,42
DA:185,6
DA:190,6
DA:194,36
DA:195,13
DA:197,13
DA:199,5
DA:202,5
DA:204,8
DA:207,31
DA:211,31
DA:212,31
DA:215,44
DA:218,12
DA:238,15
DA:240,15
DA:241,15
DA:243,15
DA:257,15
DA:259,15
DA:260,15
DA:261,5
DA:262,5
DA:265,15
DA:266,15
DA:267,13
DA:268,10
DA:269,10
DA:270,1
DA:271,1
DA:273,0
DA:278,15
DA:279,15
DA:280,15
DA:282,15
DA:288,15
DA:289,15
DA:290,15
DA:291,5
DA:292,5
DA:294,10
DA:303,15
DA:322,15
DA:323,11
DA:324,11
DA:325,11
DA:328,15
DA:329,2
DA:330,2
DA:331,2
DA:334,15
DA:335,0
DA:336,0
DA:344,15
DA:345,15
DA:346,15
DA:347,15
DA:348,15
DA:349,13
DA:351,2
DA:355,15
DA:356,0
DA:357,0
DA:358,0
LF:127
LH:120
BRDA:70,0,0,7
BRDA:82,1,0,23
BRDA:82,2,0,40
BRDA:82,2,1,37
BRDA:92,3,0,3
BRDA:101,4,0,10
BRDA:101,4,1,14
BRDA:105,5,0,0
BRDA:105,6,0,16
BRDA:105,6,1,16
BRDA:105,6,2,16
BRDA:114,7,0,9
BRDA:114,8,0,16
BRDA:114,8,1,10
BRDA:114,8,2,9
BRDA:117,9,0,0
BRDA:117,10,0,16
BRDA:117,10,1,1
BRDA:117,10,2,0
BRDA:120,11,0,1
BRDA:120,12,0,16
BRDA:120,12,1,15
BRDA:128,13,0,2
BRDA:128,14,0,15
BRDA:128,14,1,3
BRDA:128,14,2,2
BRDA:128,14,3,2
BRDA:141,15,0,57
BRDA:141,15,1,3
BRDA:141,16,0,60
BRDA:141,16,1,58
BRDA:141,16,2,58
BRDA:148,17,0,4
BRDA:161,18,0,7
BRDA:169,19,0,9
BRDA:169,20,0,58
BRDA:169,20,1,55
BRDA:175,21,0,7
BRDA:175,22,0,49
BRDA:175,22,1,44
BRDA:181,23,0,6
BRDA:182,24,0,42
BRDA:182,24,1,40
BRDA:194,25,0,13
BRDA:195,26,0,5
BRDA:196,27,0,13
BRDA:196,27,1,11
BRDA:211,28,0,8
BRDA:241,29,0,0
BRDA:257,30,0,0
BRDA:257,30,1,15
BRDA:257,31,0,15
BRDA:257,31,1,15
BRDA:257,32,0,0
BRDA:257,32,1,15
BRDA:257,33,0,15
BRDA:257,33,1,15
BRDA:260,34,0,5
BRDA:267,35,0,3
BRDA:269,36,0,1
BRDA:288,37,0,0
BRDA:290,38,0,5
BRDA:290,38,1,10
BRDA:325,39,0,5
BRDA:331,40,0,2
BRDA:348,41,0,13
BRDA:348,41,1,2
BRF:67
BRH:60
end_of_record
TN:
SF:src/services/git.ts
FN:6,repoPath
FN:10,requireGhPat
FN:20,cloneOrPull
FN:47,cloneRepoFresh
FN:82,checkoutBaseBranch
FN:109,createIssueBranch
FN:127,commitAndPush
FN:145,mergeIntoBase
FN:164,createTaskBranch
FN:203,commitAndPushTask
FN:220,mergeTaskIntoBase
FN:248,hasUncommittedChanges
FNF:12
FNH:12
FNDA:37,repoPath
FNDA:20,requireGhPat
FNDA:2,cloneOrPull
FNDA:3,cloneRepoFresh
FNDA:6,checkoutBaseBranch
FNDA:2,createIssueBranch
FNDA:1,commitAndPush
FNDA:1,mergeIntoBase
FNDA:10,createTaskBranch
FNDA:3,commitAndPushTask
FNDA:2,mergeTaskIntoBase
FNDA:7,hasUncommittedChanges
DA:1,10
DA:2,10
DA:3,10
DA:4,10
DA:7,37
DA:11,20
DA:12,20
DA:13,0
DA:17,20
DA:20,10
DA:25,2
DA:26,2
DA:27,1
DA:28,1
DA:29,1
DA:30,1
DA:31,1
DA:33,1
DA:47,10
DA:52,3
DA:53,3
DA:54,1
DA:58,2
DA:59,2
DA:60,2
DA:61,2
DA:65,2
DA:67,2
DA:68,2
DA:69,1
DA:70,1
DA:72,1
DA:73,1
DA:78,1
DA:82,10
DA:89,6
DA:91,6
DA:92,6
DA:93,4
DA:94,4
DA:95,1
DA:96,1
DA:98,3
DA:99,3
DA:100,3
DA:101,3
DA:105,6
DA:106,6
DA:109,10
DA:116,2
DA:117,2
DA:119,2
DA:120,2
DA:121,1
DA:124,2
DA:127,10
DA:134,1
DA:135,1
DA:136,1
DA:137,1
DA:139,1
DA:140,1
DA:141,1
DA:142,1
DA:145,10
DA:152,1
DA:153,1
DA:154,1
DA:155,1
DA:157,1
DA:158,1
DA:159,1
DA:160,1
DA:161,1
DA:164,10
DA:174,10
DA:175,10
DA:177,10
DA:178,10
DA:179,2
DA:188,10
DA:189,10
DA:190,10
DA:191,10
DA:192,10
DA:194,1
DA:199,10
DA:200,10
DA:203,10
DA:210,3
DA:211,3
DA:212,3
DA:214,3
DA:215,3
DA:216,3
DA:217,3
DA:220,10
DA:227,2
DA:228,2
DA:229,2
DA:231,2
DA:232,2
DA:233,2
DA:234,2
DA:235,2
DA:239,2
DA:240,2
DA:242,1
DA:248,10
DA:253,7
DA:254,7
DA:255,7
LF:112
LH:111
BRDA:12,0,0,0
BRDA:26,1,0,1
BRDA:26,1,1,1
BRDA:53,2,0,1
BRDA:92,3,0,4
BRDA:94,4,0,1
BRDA:94,4,1,3
BRDA:94,5,0,4
BRDA:94,5,1,2
BRDA:120,6,0,1
BRDA:178,7,0,2
BRDA:256,8,0,7
BRDA:256,8,1,6
BRDA:256,8,2,5
BRDA:256,8,3,4
BRDA:256,8,4,3
BRDA:256,8,5,2
BRF:17
BRH:16
end_of_record
TN:
SF:src/services/github.ts
FN:3,createPullRequest
FNF:1
FNH:0
FNDA:0,createPullRequest
DA:1,9
DA:3,9
DA:12,0
DA:13,0
DA:18,0
DA:20,0
DA:29,0
LF:7
LH:2
BRDA:12,0,0,0
BRF:1
BRH:0
end_of_record
TN:
SF:src/services/pullWorker.ts
FN:21,_resetFailureCountsForTest
FN:25,_getFailureCount
FN:29,resolveInterval
FN:35,repoClonePath
FN:49,pullRepo
FN:73,runPullCycle
FN:120,startPullWorker
FN:133,tick
FN:161,stopPullWorker
FNF:9
FNH:9
FNDA:19,_resetFailureCountsForTest
FNDA:6,_getFailureCount
FNDA:4,resolveInterval
FNDA:16,repoClonePath
FNDA:17,pullRepo
FNDA:15,runPullCycle
FNDA:6,startPullWorker
FNDA:4,tick
FNDA:24,stopPullWorker
DA:2,1
DA:3,1
DA:4,1
DA:6,1
DA:7,1
DA:13,1
DA:15,1
DA:19,1
DA:21,1
DA:22,19
DA:25,1
DA:26,6
DA:30,4
DA:31,4
DA:32,4
DA:36,16
DA:37,16
DA:38,15
DA:49,1
DA:53,17
DA:54,1
DA:56,16
DA:57,16
DA:58,1
DA:60,15
DA:61,1
DA:63,14
DA:64,14
DA:65,14
DA:66,13
DA:67,5
DA:69,9
DA:73,1
DA:77,15
DA:78,1
DA:79,1
DA:82,14
DA:83,14
DA:84,15
DA:85,14
DA:89,13
DA:91,11
DA:92,11
DA:93,4
DA:94,1
DA:102,7
DA:103,7
DA:104,7
DA:107,7
DA:108,1
DA:117,1
DA:118,1
DA:120,1
DA:121,6
DA:122,1
DA:124,5
DA:125,5
DA:126,1
DA:129,1
DA:131,4
DA:134,4
DA:135,0
DA:136,0
DA:138,4
DA:139,4
DA:140,4
DA:142,0
DA:144,4
DA:148,4
DA:153,4
DA:154,4
DA:156,4
DA:157,4
DA:161,1
DA:162,24
DA:163,4
DA:164,4
LF:77
LH:74
BRDA:26,0,0,5
BRDA:26,0,1,1
BRDA:26,1,0,6
BRDA:26,1,1,6
BRDA:31,2,0,2
BRDA:31,2,1,2
BRDA:31,3,0,4
BRDA:31,3,1,4
BRDA:32,4,0,1
BRDA:32,4,1,3
BRDA:32,5,0,4
BRDA:32,5,1,1
BRDA:36,6,0,0
BRDA:37,7,0,1
BRDA:37,8,0,16
BRDA:37,8,1,15
BRDA:53,9,0,1
BRDA:57,10,0,1
BRDA:60,11,0,1
BRDA:77,12,0,1
BRDA:84,13,0,1
BRDA:85,14,0,1
BRDA:89,15,0,2
BRDA:92,16,0,4
BRDA:92,16,1,7
BRDA:93,17,0,1
BRDA:102,18,0,2
BRDA:102,18,1,5
BRDA:102,19,0,7
BRDA:102,19,1,7
BRDA:107,20,0,1
BRDA:121,21,0,1
BRDA:125,22,0,1
BRDA:134,23,0,0
BRDA:156,24,0,4
BRDA:162,25,0,4
BRF:36
BRH:34
end_of_record
TN:
SF:src/services/scheduler.ts
FN:13,buildWorkQueue
FN:34,startScheduler
FN:42,runCycle
FNF:3
FNH:1
FNDA:8,buildWorkQueue
FNDA:0,startScheduler
FNDA:0,runCycle
DA:2,12
DA:4,12
DA:5,12
DA:6,12
DA:7,12
DA:9,12
DA:11,12
DA:13,12
DA:18,8
DA:19,8
DA:21,8
DA:22,12
DA:23,12
DA:24,8
DA:25,8
DA:29,8
DA:32,12
DA:34,12
DA:35,0
DA:36,0
DA:37,0
DA:39,0
DA:40,0
DA:43,0
DA:44,0
DA:45,0
DA:47,0
DA:48,0
DA:49,0
DA:50,0
DA:51,0
DA:54,0
DA:56,0
DA:57,0
DA:58,0
DA:59,0
DA:62,0
DA:66,0
DA:70,0
DA:74,0
DA:75,0
LF:41
LH:18
BRDA:15,0,0,1
BRDA:16,1,0,1
BRDA:23,2,0,8
BRDA:35,3,0,0
BRDA:39,4,0,0
BRDA:39,4,1,0
BRDA:39,5,0,0
BRDA:39,5,1,0
BRDA:40,6,0,0
BRDA:40,6,1,0
BRDA:40,7,0,0
BRDA:40,7,1,0
BRDA:43,8,0,0
BRDA:58,9,0,0
BRF:14
BRH:3
end_of_record
TN:
SF:src/services/taskRunner.ts
FN:33,runTask
FN:48,(anonymous_7)
FN:49,(anonymous_8)
FN:64,runTaskBody
FN:83,(anonymous_10)
FN:85,(anonymous_11)
FN:96,(anonymous_12)
FN:104,(anonymous_13)
FN:110,(anonymous_14)
FN:178,(anonymous_15)
FN:179,(anonymous_16)
FN:250,(anonymous_17)
FNF:12
FNH:8
FNDA:46,runTask
FNDA:3,(anonymous_7)
FNDA:0,(anonymous_8)
FNDA:45,runTaskBody
FNDA:16,(anonymous_10)
FNDA:18,(anonymous_11)
FNDA:0,(anonymous_12)
FNDA:6,(anonymous_13)
FNDA:43,(anonymous_14)
FNDA:1,(anonymous_15)
FNDA:0,(anonymous_16)
FNDA:0,(anonymous_17)
DA:2,11
DA:4,11
DA:5,11
DA:6,11
DA:13,11
DA:14,11
DA:15,11
DA:16,11
DA:17,11
DA:25,11
DA:26,11
DA:27,11
DA:29,11
DA:30,11
DA:31,11
DA:33,11
DA:40,46
DA:41,46
DA:43,46
DA:44,1
DA:45,1
DA:48,45
DA:49,3
DA:50,0
DA:57,45
DA:58,45
DA:60,45
DA:72,45
DA:75,45
DA:79,45
DA:80,12
DA:82,33
DA:83,33
DA:85,45
DA:88,45
DA:91,45
DA:96,0
DA:104,6
DA:110,43
DA:126,45
DA:127,45
DA:128,23
DA:129,23
DA:130,23
DA:131,2
DA:132,2
DA:137,23
DA:140,45
DA:142,45
DA:143,45
DA:144,5
DA:145,5
DA:152,5
DA:153,5
DA:157,45
DA:161,45
DA:162,45
DA:172,45
DA:179,1
DA:180,0
DA:187,44
DA:193,44
DA:194,3
DA:195,3
DA:201,1
DA:208,44
DA:209,38
DA:210,4
DA:211,4
DA:219,1
DA:226,38
DA:227,33
DA:228,33
DA:232,33
DA:233,33
DA:236,5
DA:237,1
DA:244,1
DA:247,5
DA:248,2
DA:249,2
DA:250,0
DA:252,2
DA:254,2
DA:264,2
DA:265,2
DA:266,2
DA:270,2
DA:277,3
DA:284,3
DA:285,3
DA:289,3
DA:292,5
DA:296,6
DA:298,6
DA:299,2
DA:300,2
DA:304,2
DA:305,2
DA:307,4
DA:308,4
DA:309,4
DA:313,4
DA:314,4
DA:318,0
LF:105
LH:100
BRDA:43,0,0,1
BRDA:43,1,0,46
BRDA:43,1,1,45
BRDA:75,2,0,12
BRDA:75,2,1,33
BRDA:79,3,0,12
BRDA:79,3,1,33
BRDA:101,4,0,12
BRDA:101,4,1,33
BRDA:115,5,0,42
BRDA:115,5,1,1
BRDA:115,6,0,43
BRDA:115,6,1,43
BRDA:118,7,0,43
BRDA:118,7,1,0
BRDA:129,8,0,0
BRDA:130,9,0,2
BRDA:143,10,0,5
BRDA:150,11,0,5
BRDA:150,11,1,0
BRDA:150,12,0,5
BRDA:150,12,1,5
BRDA:157,13,0,40
BRDA:157,13,1,5
BRDA:170,14,0,24
BRDA:171,15,0,40
BRDA:193,16,0,3
BRDA:208,17,0,38
BRDA:226,18,0,33
BRDA:236,19,0,1
BRDA:247,20,0,2
BRDA:247,20,1,3
BRDA:248,21,0,0
BRDA:248,21,1,2
BRDA:248,22,0,2
BRDA:248,22,1,0
BRDA:250,23,0,0
BRDA:250,23,1,0
BRDA:298,24,0,2
BRDA:298,24,1,4
BRF:40
BRH:33
end_of_record
TN:
SF:src/services/taskTemplateBuilder.ts
FN:15,buildTemplateFromRepo
FN:33,(anonymous_1)
FN:39,(anonymous_2)
FN:64,buildNode
FN:76,(anonymous_4)
FNF:5
FNH:5
FNDA:10,buildTemplateFromRepo
FNDA:13,(anonymous_1)
FNDA:4,(anonymous_2)
FNDA:29,buildNode
FNDA:5,(anonymous_4)
DA:2,11
DA:3,11
DA:15,11
DA:20,10
DA:21,10
DA:22,1
DA:25,9
DA:26,9
DA:27,32
DA:28,32
DA:29,32
DA:30,32
DA:32,9
DA:33,19
DA:36,9
DA:37,9
DA:38,9
DA:39,4
DA:40,2
DA:41,2
DA:42,3
DA:43,3
DA:44,1
DA:48,2
DA:50,1
DA:53,8
DA:54,0
DA:57,8
DA:58,8
DA:59,14
DA:61,8
DA:69,29
DA:70,29
DA:71,10
DA:74,29
DA:75,29
DA:76,5
DA:79,29
DA:80,29
DA:81,9
DA:82,9
DA:83,15
DA:85,9
DA:88,29
LF:44
LH:43
BRDA:21,0,0,1
BRDA:27,1,0,16
BRDA:27,1,1,16
BRDA:27,2,0,32
BRDA:27,2,1,16
BRDA:28,3,0,13
BRDA:28,3,1,19
BRDA:28,4,0,32
BRDA:28,4,1,32
BRDA:36,5,0,9
BRDA:36,5,1,0
BRDA:36,6,0,9
BRDA:36,6,1,9
BRDA:38,7,0,2
BRDA:38,8,0,9
BRDA:38,8,1,2
BRDA:43,9,0,1
BRDA:53,10,0,0
BRDA:70,11,0,10
BRDA:70,12,0,29
BRDA:70,12,1,10
BRDA:75,13,0,3
BRDA:79,14,0,9
BRDA:79,14,1,20
BRDA:79,15,0,29
BRDA:79,15,1,29
BRDA:80,16,0,9
BRF:27
BRH:25
end_of_record
TN:
SF:src/services/taskTreeMaterializer.ts
FN:24,materializeTaskTree
FN:29,(anonymous_1)
FN:40,materializeNode
FNF:3
FNH:3
FNDA:14,materializeTaskTree
FNDA:14,(anonymous_1)
FNDA:45,materializeNode
DA:2,11
DA:3,11
DA:24,11
DA:29,14
DA:30,14
DA:31,14
DA:32,20
DA:36,8
DA:47,45
DA:55,41
DA:56,41
DA:57,7
DA:58,9
DA:63,7
DA:67,39
DA:68,39
DA:69,16
DA:70,25
DA:76,37
LF:19
LH:19
BRDA:51,0,0,13
BRDA:51,0,1,32
BRDA:51,1,0,45
BRDA:51,1,1,45
BRDA:56,2,0,7
BRDA:68,3,0,16
BRF:6
BRH:6
end_of_record
TN:
SF:src/services/webhookDelivery.ts
FN:29,buildPayload
FN:72,deliverWebhook
FN:110,(anonymous_2)
FN:120,fireWebhooksForRepo
FN:138,(anonymous_4)
FN:146,(anonymous_5)
FN:167,triggerWebhooks
FN:173,(anonymous_7)
FNF:8
FNH:7
FNDA:8,buildPayload
FNDA:22,deliverWebhook
FNDA:21,(anonymous_2)
FNDA:11,fireWebhooksForRepo
FNDA:13,(anonymous_4)
FNDA:10,(anonymous_5)
FNDA:2,triggerWebhooks
FNDA:0,(anonymous_7)
DA:3,11
DA:26,11
DA:27,11
DA:34,8
DA:39,8
DA:45,8
DA:72,11
DA:77,22
DA:78,22
DA:83,22
DA:84,43
DA:85,43
DA:90,33
DA:91,33
DA:92,13
DA:95,20
DA:96,2
DA:104,18
DA:106,9
DA:109,27
DA:110,21
DA:114,6
DA:120,11
DA:127,11
DA:128,11
DA:130,2
DA:134,2
DA:137,9
DA:138,13
DA:141,9
DA:143,8
DA:145,8
DA:147,10
DA:148,10
DA:149,9
DA:150,2
DA:155,0
DA:167,11
DA:173,2
DA:174,0
LF:40
LH:38
BRDA:34,0,0,1
BRDA:34,0,1,7
BRDA:35,1,0,1
BRDA:35,1,1,0
BRDA:35,2,0,1
BRDA:35,2,1,1
BRDA:39,3,0,8
BRDA:39,3,1,0
BRDA:41,4,0,0
BRDA:41,4,1,0
BRDA:77,5,0,1
BRDA:77,5,1,21
BRDA:77,6,0,22
BRDA:77,6,1,22
BRDA:77,7,0,16
BRDA:77,7,1,6
BRDA:77,8,0,22
BRDA:77,8,1,22
BRDA:78,9,0,6
BRDA:78,9,1,16
BRDA:78,10,0,22
BRDA:78,10,1,22
BRDA:78,11,0,16
BRDA:78,11,1,6
BRDA:78,12,0,22
BRDA:78,12,1,22
BRDA:91,13,0,13
BRDA:91,14,0,33
BRDA:91,14,1,33
BRDA:95,15,0,2
BRDA:95,16,0,20
BRDA:95,16,1,20
BRDA:109,17,0,21
BRDA:138,18,0,13
BRDA:138,18,1,12
BRDA:138,18,2,12
BRDA:141,19,0,1
BRDA:149,20,0,2
BRDA:151,21,0,2
BRDA:151,21,1,0
BRDA:151,22,0,2
BRDA:151,22,1,2
BRF:42
BRH:37
end_of_record
